{
  "stats": {
    "suites": 1,
    "tests": 20,
    "passes": 20,
    "pending": 0,
    "failures": 0,
    "start": "2024-06-13T13:13:54.403Z",
    "end": "2024-06-13T13:14:59.661Z",
    "duration": 65258,
    "testsRegistered": 20,
    "passPercent": 100,
    "pendingPercent": 0,
    "other": 0,
    "hasOther": false,
    "skipped": 0,
    "hasSkipped": false
  },
  "results": [
    {
      "uuid": "d76b5e6b-bfbe-486c-b9a6-8bfdbd991051",
      "title": "",
      "fullFile": "cypress\\e2e\\_TAFunding\\EducationGoal\\BachelorsGoals\\bachelors\\national-guard.cy.ts",
      "file": "cypress\\e2e\\_TAFunding\\EducationGoal\\BachelorsGoals\\bachelors\\national-guard.cy.ts",
      "beforeHooks": [],
      "afterHooks": [],
      "tests": [],
      "suites": [
        {
          "uuid": "4bba1f57-a6d5-4441-988e-9a55e6d5cd4a",
          "title": "National Guard Student Applies for Bachelor Ed Goal and Funding",
          "fullFile": "",
          "file": "",
          "beforeHooks": [],
          "afterHooks": [],
          "tests": [
            {
              "title": "I can login as student",
              "fullTitle": "National Guard Student Applies for Bachelor Ed Goal and Funding I can login as student",
              "timedOut": null,
              "duration": 8196,
              "state": "passed",
              "speed": "medium",
              "pass": true,
              "fail": false,
              "pending": false,
              "context": null,
              "code": "cy.login('Cypress', 'NationalGuard');\ncy.wait(2000);",
              "err": {},
              "uuid": "6e548eb1-c3ea-4d0e-8cb3-66c41d20cd34",
              "parentUUID": "4bba1f57-a6d5-4441-988e-9a55e6d5cd4a",
              "isHook": false,
              "skipped": false
            },
            {
              "title": "Validates Career Path Decide Plan Exisits",
              "fullTitle": "National Guard Student Applies for Bachelor Ed Goal and Funding Validates Career Path Decide Plan Exisits",
              "timedOut": null,
              "duration": 3281,
              "state": "passed",
              "speed": "fast",
              "pass": true,
              "fail": false,
              "pending": false,
              "context": null,
              "code": "cy.visit('/student/career-path-decide').wait(3000);\ncy.contains('test').should('exist');",
              "err": {},
              "uuid": "3001344a-12b8-41df-b51b-045bbf64588d",
              "parentUUID": "4bba1f57-a6d5-4441-988e-9a55e6d5cd4a",
              "isHook": false,
              "skipped": false
            },
            {
              "title": "Delete existing Ed Goal if it exists",
              "fullTitle": "National Guard Student Applies for Bachelor Ed Goal and Funding Delete existing Ed Goal if it exists",
              "timedOut": null,
              "duration": 348,
              "state": "passed",
              "speed": "fast",
              "pass": true,
              "fail": false,
              "pending": false,
              "context": null,
              "code": "cy.retrieveToken();\ncy.GetEducationGoal('3511').then((response) => {\n    const goalId = response.body[0].id;\n    cy.DeleteEducationGoal('3511', goalId);\n});",
              "err": {},
              "uuid": "eb6d132b-04c7-4469-a6d5-0a2260ac6eba",
              "parentUUID": "4bba1f57-a6d5-4441-988e-9a55e6d5cd4a",
              "isHook": false,
              "skipped": false
            },
            {
              "title": "I can start creating Education Goal if none exist",
              "fullTitle": "National Guard Student Applies for Bachelor Ed Goal and Funding I can start creating Education Goal if none exist",
              "timedOut": null,
              "duration": 4378,
              "state": "passed",
              "speed": "fast",
              "pass": true,
              "fail": false,
              "pending": false,
              "context": null,
              "code": "cy.wait(1000);\ncy.contains('Education Goals').click().wait(1000);\ncy.contains('CREATE NEW GOAL').click().wait(1000);\ncy.contains('Bachelors Degree').click().wait(1000);",
              "err": {},
              "uuid": "fca78c45-6e63-41c4-8e00-00e07fdae8d8",
              "parentUUID": "4bba1f57-a6d5-4441-988e-9a55e6d5cd4a",
              "isHook": false,
              "skipped": false
            },
            {
              "title": "I can enter Institution information",
              "fullTitle": "National Guard Student Applies for Bachelor Ed Goal and Funding I can enter Institution information",
              "timedOut": null,
              "duration": 5078,
              "state": "passed",
              "speed": "medium",
              "pass": true,
              "fail": false,
              "pending": false,
              "context": null,
              "code": "cy.getInputControl('institution').type('AMERICAN MILITARY UNIVERSITY (AMU)').wait(3000).type('{downarrow}{enter}');\ncy.getInputControl('institutionStudentId').type('666312').wait(1000);\ncy.contains('Next').click();",
              "err": {},
              "uuid": "dfffc817-79fc-4198-b1da-68e9e0adab0f",
              "parentUUID": "4bba1f57-a6d5-4441-988e-9a55e6d5cd4a",
              "isHook": false,
              "skipped": false
            },
            {
              "title": "I can enter Degree Program information",
              "fullTitle": "National Guard Student Applies for Bachelor Ed Goal and Funding I can enter Degree Program information",
              "timedOut": null,
              "duration": 4916,
              "state": "passed",
              "speed": "fast",
              "pass": true,
              "fail": false,
              "pending": false,
              "context": null,
              "code": "cy.getInputControl(\"TitleKeyWord\").type('Bachelor of Arts in Government{downarrow}{enter}');\ncy.wait(1000);\ncy.get('.row-header').first().click();\ncy.wait(1000);\ncy.get('button').contains('Next').click({ force: true }).wait(2000);",
              "err": {},
              "uuid": "740bc5a0-a515-425c-bcd3-5df035acfacc",
              "parentUUID": "4bba1f57-a6d5-4441-988e-9a55e6d5cd4a",
              "isHook": false,
              "skipped": false
            },
            {
              "title": "I can enter Degree Plan File information",
              "fullTitle": "National Guard Student Applies for Bachelor Ed Goal and Funding I can enter Degree Plan File information",
              "timedOut": null,
              "duration": 2091,
              "state": "passed",
              "speed": "fast",
              "pass": true,
              "fail": false,
              "pending": false,
              "context": null,
              "code": "cy.contains('Next').click({ force: true }).wait(2000);",
              "err": {},
              "uuid": "73c57ec8-78c5-4ac7-92d2-729f853145ba",
              "parentUUID": "4bba1f57-a6d5-4441-988e-9a55e6d5cd4a",
              "isHook": false,
              "skipped": false
            },
            {
              "title": "I can enter Credits information",
              "fullTitle": "National Guard Student Applies for Bachelor Ed Goal and Funding I can enter Credits information",
              "timedOut": null,
              "duration": 160,
              "state": "passed",
              "speed": "fast",
              "pass": true,
              "fail": false,
              "pending": false,
              "context": null,
              "code": "cy.getInputControl('previouslyCompletedCredits').type('1');",
              "err": {},
              "uuid": "74060d7e-595c-479d-a743-d83aeb6f5c62",
              "parentUUID": "4bba1f57-a6d5-4441-988e-9a55e6d5cd4a",
              "isHook": false,
              "skipped": false
            },
            {
              "title": "I can submit Ed Goal",
              "fullTitle": "National Guard Student Applies for Bachelor Ed Goal and Funding I can submit Ed Goal",
              "timedOut": null,
              "duration": 5222,
              "state": "passed",
              "speed": "medium",
              "pass": true,
              "fail": false,
              "pending": false,
              "context": null,
              "code": "cy.contains('Submit Goal').click().wait(2000);\ncy.get('button').contains('Yes').click();\ncy.wait(3000);",
              "err": {},
              "uuid": "12af09c4-e6d7-4cc6-8a86-6aefd699ed41",
              "parentUUID": "4bba1f57-a6d5-4441-988e-9a55e6d5cd4a",
              "isHook": false,
              "skipped": false
            },
            {
              "title": "I recieved message of Ed Goal successfully created",
              "fullTitle": "National Guard Student Applies for Bachelor Ed Goal and Funding I recieved message of Ed Goal successfully created",
              "timedOut": null,
              "duration": 3302,
              "state": "passed",
              "speed": "fast",
              "pass": true,
              "fail": false,
              "pending": false,
              "context": null,
              "code": "cy.visit('/messaging');\ncy.wait(2000);\ncy.contains('Your education goal has been created');",
              "err": {},
              "uuid": "57acfa03-6cf2-40d0-a24d-55fe2481593d",
              "parentUUID": "4bba1f57-a6d5-4441-988e-9a55e6d5cd4a",
              "isHook": false,
              "skipped": false
            },
            {
              "title": "Approves ed goal via API",
              "fullTitle": "National Guard Student Applies for Bachelor Ed Goal and Funding Approves ed goal via API",
              "timedOut": null,
              "duration": 414,
              "state": "passed",
              "speed": "fast",
              "pass": true,
              "fail": false,
              "pending": false,
              "context": null,
              "code": "cy.retrieveToken();\ncy.GetEducationGoal('3511').then((response) => {\n    const goalId = response.body[0].id;\n    cy.ApproveEducationGoal('3511', goalId);\n});",
              "err": {},
              "uuid": "fd5db549-8a5b-4e0a-ae5a-e84fc5168e14",
              "parentUUID": "4bba1f57-a6d5-4441-988e-9a55e6d5cd4a",
              "isHook": false,
              "skipped": false
            },
            {
              "title": "I recieved message of Ed Goal successfully approved",
              "fullTitle": "National Guard Student Applies for Bachelor Ed Goal and Funding I recieved message of Ed Goal successfully approved",
              "timedOut": null,
              "duration": 3701,
              "state": "passed",
              "speed": "fast",
              "pass": true,
              "fail": false,
              "pending": false,
              "context": null,
              "code": "cy.visit('/messaging');\ncy.wait(2000);\ncy.contains('Education Goal Approved');",
              "err": {},
              "uuid": "931d88e7-8b67-4e15-902a-5ba5803a8eb9",
              "parentUUID": "4bba1f57-a6d5-4441-988e-9a55e6d5cd4a",
              "isHook": false,
              "skipped": false
            },
            {
              "title": "I can apply for funding",
              "fullTitle": "National Guard Student Applies for Bachelor Ed Goal and Funding I can apply for funding",
              "timedOut": null,
              "duration": 5204,
              "state": "passed",
              "speed": "medium",
              "pass": true,
              "fail": false,
              "pending": false,
              "context": null,
              "code": "cy.contains('Education Goals').click();\ncy.wait(2000);\ncy.contains('Apply For Funding').click({ force: true });\ncy.wait(3000);",
              "err": {},
              "uuid": "9c22b796-5f95-4d30-adb6-3e47851fe200",
              "parentUUID": "4bba1f57-a6d5-4441-988e-9a55e6d5cd4a",
              "isHook": false,
              "skipped": false
            },
            {
              "title": "I can verify and proceed",
              "fullTitle": "National Guard Student Applies for Bachelor Ed Goal and Funding I can verify and proceed",
              "timedOut": null,
              "duration": 1711,
              "state": "passed",
              "speed": "fast",
              "pass": true,
              "fail": false,
              "pending": false,
              "context": null,
              "code": "cy.contains('Verify and Proceed').click();\ncy.wait(1000);\ncy.get('[type=\"checkbox\"]').check({ force: true });",
              "err": {},
              "uuid": "38727b1f-2194-4570-a128-2022ce5b56d4",
              "parentUUID": "4bba1f57-a6d5-4441-988e-9a55e6d5cd4a",
              "isHook": false,
              "skipped": false
            },
            {
              "title": "I agree to conditions",
              "fullTitle": "National Guard Student Applies for Bachelor Ed Goal and Funding I agree to conditions",
              "timedOut": null,
              "duration": 348,
              "state": "passed",
              "speed": "fast",
              "pass": true,
              "fail": false,
              "pending": false,
              "context": null,
              "code": "cy.contains('I Agree, Continue').click();\ncy.get('mat-radio-button input').check('false', { force: true });\ncy.contains('Next').click();",
              "err": {},
              "uuid": "0cafcce2-e81f-4a4c-8f69-4725210196b7",
              "parentUUID": "4bba1f57-a6d5-4441-988e-9a55e6d5cd4a",
              "isHook": false,
              "skipped": false
            },
            {
              "title": "I answer deployed location question",
              "fullTitle": "National Guard Student Applies for Bachelor Ed Goal and Funding I answer deployed location question",
              "timedOut": null,
              "duration": 1146,
              "state": "passed",
              "speed": "fast",
              "pass": true,
              "fail": false,
              "pending": false,
              "context": null,
              "code": "cy.get('input[formControlName=campus]').click().wait(1000);",
              "err": {},
              "uuid": "8c75d925-5d05-4c23-bf0e-16eecb9c4ac5",
              "parentUUID": "4bba1f57-a6d5-4441-988e-9a55e6d5cd4a",
              "isHook": false,
              "skipped": false
            },
            {
              "title": "I choose my campus",
              "fullTitle": "National Guard Student Applies for Bachelor Ed Goal and Funding I choose my campus",
              "timedOut": null,
              "duration": 578,
              "state": "passed",
              "speed": "fast",
              "pass": true,
              "fail": false,
              "pending": false,
              "context": null,
              "code": "cy.getInputControl('campus').type('AMU{downarrow}{enter}');\n//submit next button \ncy.contains('Next').click({ force: true });\ncy.contains('Next').click({ force: true });",
              "err": {},
              "uuid": "fa1903da-ee73-4eed-acea-ffa9b78a6739",
              "parentUUID": "4bba1f57-a6d5-4441-988e-9a55e6d5cd4a",
              "isHook": false,
              "skipped": false
            },
            {
              "title": "I provide term dates",
              "fullTitle": "National Guard Student Applies for Bachelor Ed Goal and Funding I provide term dates",
              "timedOut": null,
              "duration": 3489,
              "state": "passed",
              "speed": "fast",
              "pass": true,
              "fail": false,
              "pending": false,
              "context": null,
              "code": "// add term dates though pre-populated options\ncy.get('.termTitle').first().click().wait(1000);\n// get more than 30 days away\n/* var todayDate = moment().add(30,'days').format(\"M/DD/YYYY\");\nvar tomorrowDate = moment().add(32,'days').format(\"M/DD/YYYY\");\n// add course dates\ncy.getInputControl('endDate').type(tomorrowDate);\ncy.getInputControl('startDate').type(todayDate);\ncy.wait(2000); */\n// submit search \ncy.get('button').contains('Next').click({ force: true });\ncy.wait(2000);",
              "err": {},
              "uuid": "49358b0a-b87e-4e0b-95db-d06153313090",
              "parentUUID": "4bba1f57-a6d5-4441-988e-9a55e6d5cd4a",
              "isHook": false,
              "skipped": false
            },
            {
              "title": "I choose add course",
              "fullTitle": "National Guard Student Applies for Bachelor Ed Goal and Funding I choose add course",
              "timedOut": null,
              "duration": 9946,
              "state": "passed",
              "speed": "medium",
              "pass": true,
              "fail": false,
              "pending": false,
              "context": null,
              "code": "cy.contains('Add Course').click();\ncy.wait(3000);\n// add preloaded course\ncy.get('#addCourseBtn').click();\ncy.wait(2000);\n// add cost per credit\ncy.get('[formcontrolname=creditCost]').contains('$250 - MyCAA').click();\ncy.wait(2000);\n//submit added course\ncy.contains('Add Course').click();\ncy.wait(2000);\ncy.contains('Submit').click();\n//submit next button\ncy.contains('Submit').click();\ncy.contains(' FINISHED ').click();",
              "err": {},
              "uuid": "83024026-bd93-4cda-97c3-d389f74bc068",
              "parentUUID": "4bba1f57-a6d5-4441-988e-9a55e6d5cd4a",
              "isHook": false,
              "skipped": false
            },
            {
              "title": "I can cancel Funding Request as student",
              "fullTitle": "National Guard Student Applies for Bachelor Ed Goal and Funding I can cancel Funding Request as student",
              "timedOut": null,
              "duration": 1331,
              "state": "passed",
              "speed": "fast",
              "pass": true,
              "fail": false,
              "pending": false,
              "context": null,
              "code": "cy.wait(500);\ncy.contains('Funding Requests').click();\ncy.wait(100);\ncy.contains('Cancel').click();\ncy.get('button').contains('Yes').click();\ncy.screenshot();",
              "err": {},
              "uuid": "ea947fed-e85e-47e4-b1cc-726fd49ac3a2",
              "parentUUID": "4bba1f57-a6d5-4441-988e-9a55e6d5cd4a",
              "isHook": false,
              "skipped": false
            }
          ],
          "suites": [],
          "passes": [
            "6e548eb1-c3ea-4d0e-8cb3-66c41d20cd34",
            "3001344a-12b8-41df-b51b-045bbf64588d",
            "eb6d132b-04c7-4469-a6d5-0a2260ac6eba",
            "fca78c45-6e63-41c4-8e00-00e07fdae8d8",
            "dfffc817-79fc-4198-b1da-68e9e0adab0f",
            "740bc5a0-a515-425c-bcd3-5df035acfacc",
            "73c57ec8-78c5-4ac7-92d2-729f853145ba",
            "74060d7e-595c-479d-a743-d83aeb6f5c62",
            "12af09c4-e6d7-4cc6-8a86-6aefd699ed41",
            "57acfa03-6cf2-40d0-a24d-55fe2481593d",
            "fd5db549-8a5b-4e0a-ae5a-e84fc5168e14",
            "931d88e7-8b67-4e15-902a-5ba5803a8eb9",
            "9c22b796-5f95-4d30-adb6-3e47851fe200",
            "38727b1f-2194-4570-a128-2022ce5b56d4",
            "0cafcce2-e81f-4a4c-8f69-4725210196b7",
            "8c75d925-5d05-4c23-bf0e-16eecb9c4ac5",
            "fa1903da-ee73-4eed-acea-ffa9b78a6739",
            "49358b0a-b87e-4e0b-95db-d06153313090",
            "83024026-bd93-4cda-97c3-d389f74bc068",
            "ea947fed-e85e-47e4-b1cc-726fd49ac3a2"
          ],
          "failures": [],
          "pending": [],
          "skipped": [],
          "duration": 64840,
          "root": false,
          "rootEmpty": false,
          "_timeout": 2000
        }
      ],
      "passes": [],
      "failures": [],
      "pending": [],
      "skipped": [],
      "duration": 0,
      "root": true,
      "rootEmpty": true,
      "_timeout": 2000
    }
  ],
  "meta": {
    "mocha": {
      "version": "7.0.1"
    },
    "mochawesome": {
      "options": {
        "quiet": false,
        "reportFilename": "mochawesome",
        "saveHtml": false,
        "saveJson": true,
        "consoleReporter": "spec",
        "useInlineDiffs": false,
        "code": true
      },
      "version": "7.1.3"
    },
    "marge": {
      "options": {
        "reportDir": "cypress/reports/mocha",
        "overwrite": false,
        "html": false,
        "json": true
      },
      "version": "6.2.0"
    }
  }
}