{
  "stats": {
    "suites": 1,
    "tests": 2,
    "passes": 2,
    "pending": 0,
    "failures": 0,
    "start": "2024-04-16T12:26:39.368Z",
    "end": "2024-04-16T12:26:53.439Z",
    "duration": 14071,
    "testsRegistered": 2,
    "passPercent": 100,
    "pendingPercent": 0,
    "other": 0,
    "hasOther": false,
    "skipped": 0,
    "hasSkipped": false
  },
  "results": [
    {
      "uuid": "16aaa46c-e732-4c53-a2ba-922bce3e2f10",
      "title": "",
      "fullFile": "cypress\\e2e\\credentialing-assistance\\vendors-tab.cy.ts",
      "file": "cypress\\e2e\\credentialing-assistance\\vendors-tab.cy.ts",
      "beforeHooks": [],
      "afterHooks": [],
      "tests": [],
      "suites": [
        {
          "uuid": "eadaa53d-a8a4-44dd-93f6-3fa01c9c2ddd",
          "title": "Student can research possible vendors for a credential",
          "fullFile": "",
          "file": "",
          "beforeHooks": [],
          "afterHooks": [],
          "tests": [
            {
              "title": "I can navigate to Credentialing landing page",
              "fullTitle": "Student can research possible vendors for a credential I can navigate to Credentialing landing page",
              "timedOut": null,
              "duration": 9303,
              "state": "passed",
              "speed": "medium",
              "pass": true,
              "fail": false,
              "pending": false,
              "context": null,
              "code": "cy.login('Cypress', 'Credentialing');\ncy.wait(500);\ncy.contains('Education Programs').click();\ncy.wait(2000);\ncy.contains('Credentialing Assistance').click();",
              "err": {},
              "uuid": "adc2b341-9b96-4b9d-9b84-61da1cecc234",
              "parentUUID": "eadaa53d-a8a4-44dd-93f6-3fa01c9c2ddd",
              "isHook": false,
              "skipped": false
            },
            {
              "title": "I can access Vendors tab",
              "fullTitle": "Student can research possible vendors for a credential I can access Vendors tab",
              "timedOut": null,
              "duration": 4658,
              "state": "passed",
              "speed": "fast",
              "pass": true,
              "fail": false,
              "pending": false,
              "context": null,
              "code": "cy.contains(' MOS 12A ').click();\ncy.wait(4000);\ncy.contains('View').click();\ncy.contains('Vendors');",
              "err": {},
              "uuid": "1b1ec5bd-331f-4099-9ccd-88498dde9b88",
              "parentUUID": "eadaa53d-a8a4-44dd-93f6-3fa01c9c2ddd",
              "isHook": false,
              "skipped": false
            }
          ],
          "suites": [],
          "passes": [
            "adc2b341-9b96-4b9d-9b84-61da1cecc234",
            "1b1ec5bd-331f-4099-9ccd-88498dde9b88"
          ],
          "failures": [],
          "pending": [],
          "skipped": [],
          "duration": 13961,
          "root": false,
          "rootEmpty": false,
          "_timeout": 2000
        }
      ],
      "passes": [],
      "failures": [],
      "pending": [],
      "skipped": [],
      "duration": 0,
      "root": true,
      "rootEmpty": true,
      "_timeout": 2000
    }
  ],
  "meta": {
    "mocha": {
      "version": "7.0.1"
    },
    "mochawesome": {
      "options": {
        "quiet": false,
        "reportFilename": "mochawesome",
        "saveHtml": false,
        "saveJson": true,
        "consoleReporter": "spec",
        "useInlineDiffs": false,
        "code": true
      },
      "version": "7.1.3"
    },
    "marge": {
      "options": {
        "reportDir": "cypress/reports/mocha",
        "overwrite": false,
        "html": false,
        "json": true
      },
      "version": "6.2.0"
    }
  }
}