{
  "stats": {
    "suites": 1,
    "tests": 9,
    "passes": 9,
    "pending": 0,
    "failures": 0,
    "start": "2024-04-16T12:31:07.688Z",
    "end": "2024-04-16T12:31:52.949Z",
    "duration": 45261,
    "testsRegistered": 9,
    "passPercent": 100,
    "pendingPercent": 0,
    "other": 0,
    "hasOther": false,
    "skipped": 0,
    "hasSkipped": false
  },
  "results": [
    {
      "uuid": "148e381a-ec82-415a-8e4e-08613c55edeb",
      "title": "",
      "fullFile": "cypress\\e2e\\_CIVFunding\\FundingRequest\\ResubmitReturnedSF182.cy.ts",
      "file": "cypress\\e2e\\_CIVFunding\\FundingRequest\\ResubmitReturnedSF182.cy.ts",
      "beforeHooks": [],
      "afterHooks": [],
      "tests": [],
      "suites": [
        {
          "uuid": "faf1c941-14de-4500-b03d-69af1a82d5b2",
          "title": "Civilian Resubmits Returned SF182",
          "fullFile": "",
          "file": "",
          "beforeHooks": [],
          "afterHooks": [],
          "tests": [
            {
              "title": "I can log in",
              "fullTitle": "Civilian Resubmits Returned SF182 I can log in",
              "timedOut": null,
              "duration": 9017,
              "state": "passed",
              "speed": "medium",
              "pass": true,
              "fail": false,
              "pending": false,
              "context": null,
              "code": "cy.login('Cypress', 'Civ');\ncy.wait(1500);",
              "err": {},
              "uuid": "77ec3093-0910-4c1a-a953-62e64cf9ea68",
              "parentUUID": "faf1c941-14de-4500-b03d-69af1a82d5b2",
              "isHook": false,
              "skipped": false
            },
            {
              "title": "I can navigate to my SF182s",
              "fullTitle": "Civilian Resubmits Returned SF182 I can navigate to my SF182s",
              "timedOut": null,
              "duration": 1748,
              "state": "passed",
              "speed": "fast",
              "pass": true,
              "fail": false,
              "pending": false,
              "context": null,
              "code": "cy.contains('Funding Requests').click();\ncy.wait(1500);\ncy.contains('SF-182\\'s').click();",
              "err": {},
              "uuid": "0d27ba19-a5c5-4041-9b39-29620f859fc0",
              "parentUUID": "faf1c941-14de-4500-b03d-69af1a82d5b2",
              "isHook": false,
              "skipped": false
            },
            {
              "title": "I can select and edit my returned SF182",
              "fullTitle": "Civilian Resubmits Returned SF182 I can select and edit my returned SF182",
              "timedOut": null,
              "duration": 4627,
              "state": "passed",
              "speed": "fast",
              "pass": true,
              "fail": false,
              "pending": false,
              "context": null,
              "code": "cy.contains('button', ' Edit Training ').first().click();\ncy.wait(1500);",
              "err": {},
              "uuid": "59501a65-932f-4b3d-bbae-a5a52a5a866b",
              "parentUUID": "faf1c941-14de-4500-b03d-69af1a82d5b2",
              "isHook": false,
              "skipped": false
            },
            {
              "title": "I can navigate to Vendor information",
              "fullTitle": "Civilian Resubmits Returned SF182 I can navigate to Vendor information",
              "timedOut": null,
              "duration": 640,
              "state": "passed",
              "speed": "fast",
              "pass": true,
              "fail": false,
              "pending": false,
              "context": null,
              "code": "cy.contains('Next').click();\ncy.wait(500);",
              "err": {},
              "uuid": "731b46a4-fffb-45f6-86c6-f99bdd6799b3",
              "parentUUID": "faf1c941-14de-4500-b03d-69af1a82d5b2",
              "isHook": false,
              "skipped": false
            },
            {
              "title": "can verify vendor information error does not appear",
              "fullTitle": "Civilian Resubmits Returned SF182 can verify vendor information error does not appear",
              "timedOut": null,
              "duration": 13,
              "state": "passed",
              "speed": "fast",
              "pass": true,
              "fail": false,
              "pending": false,
              "context": null,
              "code": "cy.contains('AI/Vendor Address not entered in AI Portal.').should('not.exist');",
              "err": {},
              "uuid": "01547bb4-970f-4322-b24f-4d68bb3fc670",
              "parentUUID": "faf1c941-14de-4500-b03d-69af1a82d5b2",
              "isHook": false,
              "skipped": false
            },
            {
              "title": "I can move past the vendor selection",
              "fullTitle": "Civilian Resubmits Returned SF182 I can move past the vendor selection",
              "timedOut": null,
              "duration": 629,
              "state": "passed",
              "speed": "fast",
              "pass": true,
              "fail": false,
              "pending": false,
              "context": null,
              "code": "cy.get('#vendor').click();\ncy.wait(500);",
              "err": {},
              "uuid": "aa42afb4-3312-4b48-82a1-eac885ea5dfa",
              "parentUUID": "faf1c941-14de-4500-b03d-69af1a82d5b2",
              "isHook": false,
              "skipped": false
            },
            {
              "title": "I can add course details",
              "fullTitle": "Civilian Resubmits Returned SF182 I can add course details",
              "timedOut": null,
              "duration": 26295,
              "state": "passed",
              "speed": "slow",
              "pass": true,
              "fail": false,
              "pending": false,
              "context": null,
              "code": "var startDate = moment__WEBPACK_IMPORTED_MODULE_0__().add(11, 'days').format(\"M/DD/YYYY\");\nvar endDate = moment__WEBPACK_IMPORTED_MODULE_0__().add(90, 'days').format(\"M/DD/YYYY\");\ncy.getInputControl('startDate').click().clear().type(startDate.toString());\ncy.wait(1500);\ncy.getInputControl('dutyHours').click().clear().type('2').wait(1500);\ncy.getInputControl('nonDutyHours').click().clear().type('4').wait(500);\ncy.get('[formcontrolname=civilianTrainingPurposeTypeId]')\n    .click()\n    .wait(500);\ncy.contains(' New Work Assignment ')\n    .click()\n    .wait(500);\ncy.get('[formcontrolname=civilianTrainingTypeId]')\n    .click()\n    .wait(500);\ncy.contains(' Developmental Training Area ')\n    .click()\n    .wait(500);\ncy.get('[formcontrolname=civilianTrainingSubTypeId]')\n    .click()\n    .wait(500);\ncy.contains(' Supervisory Program/First-Line Supervisors ')\n    .click()\n    .wait(500);\ncy.get('[formcontrolname=civilianTrainingDeliveryTypeId]')\n    .click()\n    .wait(500);\ncy.contains(' Technology Based ')\n    .click()\n    .wait(500);\ncy.get('[formcontrolname=civilianTrainingDesignationTypeId]')\n    .click()\n    .wait(500);\ncy.contains(' Continuing Education Credit ')\n    .click()\n    .wait(500);\ncy.get('[formcontrolname=trainingAccreditation]')\n    .contains('No')\n    .click()\n    .wait(500);\ncy.get('[formcontrolname=CSADateType]')\n    .click()\n    .wait(500);\ncy.contains(' No ')\n    .click()\n    .wait(500);\ncy.get('[formcontrolname=civilianTrainingSourceTypeId]')\n    .click()\n    .wait(500);\ncy.contains(' Government External ')\n    .click()\n    .wait(500);\ncy.get('[formcontrolname=skillLearningObjective]')\n    .type(\"vel sapien.\")\n    .wait(500);\ncy.getInputControl('manualCost')\n    .clear()\n    .type(\"2000\")\n    .wait(500);\ncy.getInputControl('bookCost')\n    .clear()\n    .type(\"200\")\n    .wait(1500);\ncy.getInputControl('nonGovernmentCost')\n    .clear()\n    .type(\"10\")\n    .wait(1500);\ncy.getInputControl('travelCost')\n    .clear()\n    .type(\"75\")\n    .wait(1500);\ncy.getInputControl('perDiemCost')\n    .clear()\n    .type(\"50\")\n    .wait(1500);\ncy.getInputControl('endDate').click().clear().type(endDate.toString());\ncy.get('#courses').click();",
              "err": {},
              "uuid": "24c501ef-648c-4d5c-a922-480dc3232c74",
              "parentUUID": "faf1c941-14de-4500-b03d-69af1a82d5b2",
              "isHook": false,
              "skipped": false
            },
            {
              "title": "Can attach a file",
              "fullTitle": "Civilian Resubmits Returned SF182 Can attach a file",
              "timedOut": null,
              "duration": 2026,
              "state": "passed",
              "speed": "fast",
              "pass": true,
              "fail": false,
              "pending": false,
              "context": null,
              "code": "const fixtureFile = 'SF182SupportingDoc.pdf';\ncy.get('input[type=\"file\"]').attachFile(fixtureFile).wait(2000);",
              "err": {},
              "uuid": "80adbff7-004e-4fd8-b80a-0e9895c893bc",
              "parentUUID": "faf1c941-14de-4500-b03d-69af1a82d5b2",
              "isHook": false,
              "skipped": false
            },
            {
              "title": "I can submit the SF-182",
              "fullTitle": "Civilian Resubmits Returned SF182 I can submit the SF-182",
              "timedOut": null,
              "duration": 107,
              "state": "passed",
              "speed": "fast",
              "pass": true,
              "fail": false,
              "pending": false,
              "context": null,
              "code": "cy.get('button').contains(' Submit ').click();",
              "err": {},
              "uuid": "1eb4b99f-bea5-44c4-8d58-c62d3928ae69",
              "parentUUID": "faf1c941-14de-4500-b03d-69af1a82d5b2",
              "isHook": false,
              "skipped": false
            }
          ],
          "suites": [],
          "passes": [
            "77ec3093-0910-4c1a-a953-62e64cf9ea68",
            "0d27ba19-a5c5-4041-9b39-29620f859fc0",
            "59501a65-932f-4b3d-bbae-a5a52a5a866b",
            "731b46a4-fffb-45f6-86c6-f99bdd6799b3",
            "01547bb4-970f-4322-b24f-4d68bb3fc670",
            "aa42afb4-3312-4b48-82a1-eac885ea5dfa",
            "24c501ef-648c-4d5c-a922-480dc3232c74",
            "80adbff7-004e-4fd8-b80a-0e9895c893bc",
            "1eb4b99f-bea5-44c4-8d58-c62d3928ae69"
          ],
          "failures": [],
          "pending": [],
          "skipped": [],
          "duration": 45102,
          "root": false,
          "rootEmpty": false,
          "_timeout": 2000
        }
      ],
      "passes": [],
      "failures": [],
      "pending": [],
      "skipped": [],
      "duration": 0,
      "root": true,
      "rootEmpty": true,
      "_timeout": 2000
    }
  ],
  "meta": {
    "mocha": {
      "version": "7.0.1"
    },
    "mochawesome": {
      "options": {
        "quiet": false,
        "reportFilename": "mochawesome",
        "saveHtml": false,
        "saveJson": true,
        "consoleReporter": "spec",
        "useInlineDiffs": false,
        "code": true
      },
      "version": "7.1.3"
    },
    "marge": {
      "options": {
        "reportDir": "cypress/reports/mocha",
        "overwrite": false,
        "html": false,
        "json": true
      },
      "version": "6.2.0"
    }
  }
}