{
  "stats": {
    "suites": 1,
    "tests": 20,
    "passes": 20,
    "pending": 0,
    "failures": 0,
    "start": "2024-06-12T13:02:09.208Z",
    "end": "2024-06-12T13:03:15.175Z",
    "duration": 65967,
    "testsRegistered": 20,
    "passPercent": 100,
    "pendingPercent": 0,
    "other": 0,
    "hasOther": false,
    "skipped": 0,
    "hasSkipped": false
  },
  "results": [
    {
      "uuid": "a9394cab-1270-459b-8f88-896234de3260",
      "title": "",
      "fullFile": "cypress\\e2e\\_TAFunding\\EducationGoal\\MastersGoals\\masters-active-army.cy.ts",
      "file": "cypress\\e2e\\_TAFunding\\EducationGoal\\MastersGoals\\masters-active-army.cy.ts",
      "beforeHooks": [],
      "afterHooks": [],
      "tests": [],
      "suites": [
        {
          "uuid": "e100ad76-09cd-4bea-a139-5f4cdbfa3e60",
          "title": "Active Army Student Applies for Masters Ed Goal and Funding",
          "fullFile": "",
          "file": "",
          "beforeHooks": [],
          "afterHooks": [],
          "tests": [
            {
              "title": "I can navigate to Goals page as student",
              "fullTitle": "Active Army Student Applies for Masters Ed Goal and Funding I can navigate to Goals page as student",
              "timedOut": null,
              "duration": 6266,
              "state": "passed",
              "speed": "medium",
              "pass": true,
              "fail": false,
              "pending": false,
              "context": null,
              "code": "cy.login('Cypress', 'Masters-AA');\ncy.wait(500);",
              "err": {},
              "uuid": "c64cff63-3950-40f9-8ea9-120037cc1d15",
              "parentUUID": "e100ad76-09cd-4bea-a139-5f4cdbfa3e60",
              "isHook": false,
              "skipped": false
            },
            {
              "title": "Validates Career Path Decide Plan Exisits",
              "fullTitle": "Active Army Student Applies for Masters Ed Goal and Funding Validates Career Path Decide Plan Exisits",
              "timedOut": null,
              "duration": 3440,
              "state": "passed",
              "speed": "fast",
              "pass": true,
              "fail": false,
              "pending": false,
              "context": null,
              "code": "cy.visit('/student/career-path-decide').wait(3000);\ncy.contains('test').should('exist');",
              "err": {},
              "uuid": "91beeedc-1135-48fc-ac1f-97d544b4123b",
              "parentUUID": "e100ad76-09cd-4bea-a139-5f4cdbfa3e60",
              "isHook": false,
              "skipped": false
            },
            {
              "title": "Delete existing Ed Goal if it exists",
              "fullTitle": "Active Army Student Applies for Masters Ed Goal and Funding Delete existing Ed Goal if it exists",
              "timedOut": null,
              "duration": 333,
              "state": "passed",
              "speed": "fast",
              "pass": true,
              "fail": false,
              "pending": false,
              "context": null,
              "code": "cy.retrieveToken();\ncy.GetEducationGoal('326').then((response) => {\n    const goalId = response.body[0].id;\n    cy.DeleteEducationGoal('326', goalId);\n});",
              "err": {},
              "uuid": "609f42e4-7287-4147-9010-0f54f3ef6c73",
              "parentUUID": "e100ad76-09cd-4bea-a139-5f4cdbfa3e60",
              "isHook": false,
              "skipped": false
            },
            {
              "title": "I can start creating Education Goal if none exist",
              "fullTitle": "Active Army Student Applies for Masters Ed Goal and Funding I can start creating Education Goal if none exist",
              "timedOut": null,
              "duration": 1690,
              "state": "passed",
              "speed": "fast",
              "pass": true,
              "fail": false,
              "pending": false,
              "context": null,
              "code": "cy.wait(1000);\ncy.contains('Education Goals').click();\ncy.contains('CREATE NEW GOAL').click();\ncy.contains('Masters Degree').click();",
              "err": {},
              "uuid": "7195b8e3-ed85-4fc7-88f2-422c0c7645d1",
              "parentUUID": "e100ad76-09cd-4bea-a139-5f4cdbfa3e60",
              "isHook": false,
              "skipped": false
            },
            {
              "title": "I can enter Institution information",
              "fullTitle": "Active Army Student Applies for Masters Ed Goal and Funding I can enter Institution information",
              "timedOut": null,
              "duration": 5116,
              "state": "passed",
              "speed": "medium",
              "pass": true,
              "fail": false,
              "pending": false,
              "context": null,
              "code": "cy.getInputControl('institution').type('AMERICAN MILITARY UNIVERSITY (AMU)').wait(3000).type('{downarrow}{enter}');\ncy.getInputControl('institutionStudentId').type('666312').wait(1000);\ncy.contains('Next').click();",
              "err": {},
              "uuid": "238862ef-f182-43ba-804c-a4ce0029fe84",
              "parentUUID": "e100ad76-09cd-4bea-a139-5f4cdbfa3e60",
              "isHook": false,
              "skipped": false
            },
            {
              "title": "I can enter Degree Program information",
              "fullTitle": "Active Army Student Applies for Masters Ed Goal and Funding I can enter Degree Program information",
              "timedOut": null,
              "duration": 2813,
              "state": "passed",
              "speed": "fast",
              "pass": true,
              "fail": false,
              "pending": false,
              "context": null,
              "code": "cy.getInputControl(\"TitleKeyWord\").type('Master of Arts in History{downarrow}{enter}');\ncy.wait(1000);\ncy.get('.row-header').first().click();\ncy.wait(1000);\ncy.get('button').contains('Next').click({ force: true });",
              "err": {},
              "uuid": "784e975d-67d0-4e22-b310-95d6b379bb8a",
              "parentUUID": "e100ad76-09cd-4bea-a139-5f4cdbfa3e60",
              "isHook": false,
              "skipped": false
            },
            {
              "title": "I can enter Degree Plan File information",
              "fullTitle": "Active Army Student Applies for Masters Ed Goal and Funding I can enter Degree Plan File information",
              "timedOut": null,
              "duration": 97,
              "state": "passed",
              "speed": "fast",
              "pass": true,
              "fail": false,
              "pending": false,
              "context": null,
              "code": "cy.contains('Next').click({ force: true });",
              "err": {},
              "uuid": "d3a12f51-2a29-410c-9bef-bbb5bd604acc",
              "parentUUID": "e100ad76-09cd-4bea-a139-5f4cdbfa3e60",
              "isHook": false,
              "skipped": false
            },
            {
              "title": "I can submit Ed Goal",
              "fullTitle": "Active Army Student Applies for Masters Ed Goal and Funding I can submit Ed Goal",
              "timedOut": null,
              "duration": 3415,
              "state": "passed",
              "speed": "fast",
              "pass": true,
              "fail": false,
              "pending": false,
              "context": null,
              "code": "cy.contains('Submit Goal').click();\ncy.get('button').contains('Yes').click();\ncy.wait(3000);",
              "err": {},
              "uuid": "3cc47365-bfb2-43b5-bd84-5a881d580d9c",
              "parentUUID": "e100ad76-09cd-4bea-a139-5f4cdbfa3e60",
              "isHook": false,
              "skipped": false
            },
            {
              "title": "I recieved message of Ed Goal successfully created",
              "fullTitle": "Active Army Student Applies for Masters Ed Goal and Funding I recieved message of Ed Goal successfully created",
              "timedOut": null,
              "duration": 2642,
              "state": "passed",
              "speed": "fast",
              "pass": true,
              "fail": false,
              "pending": false,
              "context": null,
              "code": "cy.visit('/messaging');\ncy.wait(2000);\ncy.contains('Your education goal has been created');",
              "err": {},
              "uuid": "9b39d18d-a8fb-4411-a8d7-f008aa40db2e",
              "parentUUID": "e100ad76-09cd-4bea-a139-5f4cdbfa3e60",
              "isHook": false,
              "skipped": false
            },
            {
              "title": "Approves ed goal via API",
              "fullTitle": "Active Army Student Applies for Masters Ed Goal and Funding Approves ed goal via API",
              "timedOut": null,
              "duration": 362,
              "state": "passed",
              "speed": "fast",
              "pass": true,
              "fail": false,
              "pending": false,
              "context": null,
              "code": "cy.retrieveToken();\ncy.GetEducationGoal('326').then((response) => {\n    const goalId = response.body[0].id;\n    cy.ApproveEducationGoal('326', goalId);\n});",
              "err": {},
              "uuid": "f86d20e0-c867-424b-badc-5b2e06c1f436",
              "parentUUID": "e100ad76-09cd-4bea-a139-5f4cdbfa3e60",
              "isHook": false,
              "skipped": false
            },
            {
              "title": "I recieved message of Ed Goal successfully approved",
              "fullTitle": "Active Army Student Applies for Masters Ed Goal and Funding I recieved message of Ed Goal successfully approved",
              "timedOut": null,
              "duration": 3123,
              "state": "passed",
              "speed": "fast",
              "pass": true,
              "fail": false,
              "pending": false,
              "context": null,
              "code": "cy.visit('/messaging');\ncy.wait(2000);\ncy.contains('Education Goal Approved');",
              "err": {},
              "uuid": "227c723d-daf1-49b4-8213-c366b0fa5cf0",
              "parentUUID": "e100ad76-09cd-4bea-a139-5f4cdbfa3e60",
              "isHook": false,
              "skipped": false
            },
            {
              "title": "I can apply for funding",
              "fullTitle": "Active Army Student Applies for Masters Ed Goal and Funding I can apply for funding",
              "timedOut": null,
              "duration": 2204,
              "state": "passed",
              "speed": "fast",
              "pass": true,
              "fail": false,
              "pending": false,
              "context": null,
              "code": "cy.contains('Education Goals').click();\ncy.wait(2000);\ncy.contains('Apply For Funding').click({ force: true });",
              "err": {},
              "uuid": "c6635319-3620-4eea-864a-410e95c97324",
              "parentUUID": "e100ad76-09cd-4bea-a139-5f4cdbfa3e60",
              "isHook": false,
              "skipped": false
            },
            {
              "title": "I can verify and proceed",
              "fullTitle": "Active Army Student Applies for Masters Ed Goal and Funding I can verify and proceed",
              "timedOut": null,
              "duration": 4099,
              "state": "passed",
              "speed": "fast",
              "pass": true,
              "fail": false,
              "pending": false,
              "context": null,
              "code": "cy.contains('Verify and Proceed').click();\ncy.wait(1000);\ncy.get('[type=\"checkbox\"]').check({ force: true });\ncy.wait(2000);",
              "err": {},
              "uuid": "ca66d3a7-eb86-4f0d-aa3b-21d1da712e20",
              "parentUUID": "e100ad76-09cd-4bea-a139-5f4cdbfa3e60",
              "isHook": false,
              "skipped": false
            },
            {
              "title": "I agree to conditions",
              "fullTitle": "Active Army Student Applies for Masters Ed Goal and Funding I agree to conditions",
              "timedOut": null,
              "duration": 357,
              "state": "passed",
              "speed": "fast",
              "pass": true,
              "fail": false,
              "pending": false,
              "context": null,
              "code": "cy.contains('I Agree, Continue').click();\ncy.get('mat-radio-button input').check('false', { force: true });\ncy.contains('Next').click();",
              "err": {},
              "uuid": "0154b6e4-76e7-40ee-9147-fbd7f84decc2",
              "parentUUID": "e100ad76-09cd-4bea-a139-5f4cdbfa3e60",
              "isHook": false,
              "skipped": false
            },
            {
              "title": "I answer deployed location question",
              "fullTitle": "Active Army Student Applies for Masters Ed Goal and Funding I answer deployed location question",
              "timedOut": null,
              "duration": 109,
              "state": "passed",
              "speed": "fast",
              "pass": true,
              "fail": false,
              "pending": false,
              "context": null,
              "code": "cy.get('input[formControlName=campus]').click();",
              "err": {},
              "uuid": "406521ba-01d9-4bdf-b6b6-4aad9d622032",
              "parentUUID": "e100ad76-09cd-4bea-a139-5f4cdbfa3e60",
              "isHook": false,
              "skipped": false
            },
            {
              "title": "I choose my campus",
              "fullTitle": "Active Army Student Applies for Masters Ed Goal and Funding I choose my campus",
              "timedOut": null,
              "duration": 7808,
              "state": "passed",
              "speed": "medium",
              "pass": true,
              "fail": false,
              "pending": false,
              "context": null,
              "code": "//cy.get('mat-option')\n//.click();\ncy.getInputControl('campus').type('AMERICAN MILITARY UNIVERSITY (AMU)').wait(3000).type('{downarrow}{enter}');\ncy.wait(1000);\n//submit next button \ncy.contains('Next').click({ force: true });\ncy.contains('Next').click({ force: true });\ncy.wait(3000);",
              "err": {},
              "uuid": "928bde65-6081-4189-b661-dffe5fcab4e8",
              "parentUUID": "e100ad76-09cd-4bea-a139-5f4cdbfa3e60",
              "isHook": false,
              "skipped": false
            },
            {
              "title": "I provide term dates",
              "fullTitle": "Active Army Student Applies for Masters Ed Goal and Funding I provide term dates",
              "timedOut": null,
              "duration": 3206,
              "state": "passed",
              "speed": "fast",
              "pass": true,
              "fail": false,
              "pending": false,
              "context": null,
              "code": "// add term dates though pre-populated options\ncy.get('.termTitle').first().click().wait(1000);\n// get more than 30 days away\n/* var todayDate = moment().add(30,'days').format(\"M/DD/YYYY\");\nvar tomorrowDate = moment().add(32,'days').format(\"M/DD/YYYY\");\n// add course dates\ncy.getInputControl('endDate').type(tomorrowDate);\ncy.getInputControl('startDate').type(todayDate);\ncy.wait(2000); */\n// submit search \ncy.get('button').contains('Next').click({ force: true });\ncy.wait(2000);",
              "err": {},
              "uuid": "736c1c93-6960-4498-8b46-4a3c02350603",
              "parentUUID": "e100ad76-09cd-4bea-a139-5f4cdbfa3e60",
              "isHook": false,
              "skipped": false
            },
            {
              "title": "I choose add course",
              "fullTitle": "Active Army Student Applies for Masters Ed Goal and Funding I choose add course",
              "timedOut": null,
              "duration": 11859,
              "state": "passed",
              "speed": "slow",
              "pass": true,
              "fail": false,
              "pending": false,
              "context": null,
              "code": "cy.contains('Add Course').click();\ncy.wait(3000);\ncy.getInputControl('keyword').type('Graduate').wait(2000);\n// add preloaded course\ncy.get('#addCourseBtn').click();\ncy.wait(2000);\n// add cost per credit\ncy.get('[formcontrolname=creditCost]').contains('$250 - Military TA Graduate').click();\ncy.wait(2000);\n//submit added course\ncy.contains('Add Course').click();\ncy.wait(2000);\n//cy.contains('Submit').click();\n//submit next button\ncy.contains('Submit').click();",
              "err": {},
              "uuid": "455703f5-c18a-4f59-bb50-2eeb0c925ee4",
              "parentUUID": "e100ad76-09cd-4bea-a139-5f4cdbfa3e60",
              "isHook": false,
              "skipped": false
            },
            {
              "title": "I have a new tuition assistance request in my queue",
              "fullTitle": "Active Army Student Applies for Masters Ed Goal and Funding I have a new tuition assistance request in my queue",
              "timedOut": null,
              "duration": 5315,
              "state": "passed",
              "speed": "medium",
              "pass": true,
              "fail": false,
              "pending": false,
              "context": null,
              "code": "cy.contains('Submit').click();\ncy.wait(2000);\ncy.wait(3000);\ncy.get('.returnbutton > .mdc-button__label').click();",
              "err": {},
              "uuid": "8da4b2c8-bf9f-4a7c-a2bc-5c98b1092990",
              "parentUUID": "e100ad76-09cd-4bea-a139-5f4cdbfa3e60",
              "isHook": false,
              "skipped": false
            },
            {
              "title": "I can delete Funding Request as student",
              "fullTitle": "Active Army Student Applies for Masters Ed Goal and Funding I can delete Funding Request as student",
              "timedOut": null,
              "duration": 1286,
              "state": "passed",
              "speed": "fast",
              "pass": true,
              "fail": false,
              "pending": false,
              "context": null,
              "code": "cy.wait(500);\ncy.contains('Funding Requests').click();\ncy.wait(100);\ncy.contains('Cancel').click();\ncy.get('button').contains('Yes').click();\ncy.screenshot();",
              "err": {},
              "uuid": "b145c571-55f5-411b-b7f3-31c1913fb3c1",
              "parentUUID": "e100ad76-09cd-4bea-a139-5f4cdbfa3e60",
              "isHook": false,
              "skipped": false
            }
          ],
          "suites": [],
          "passes": [
            "c64cff63-3950-40f9-8ea9-120037cc1d15",
            "91beeedc-1135-48fc-ac1f-97d544b4123b",
            "609f42e4-7287-4147-9010-0f54f3ef6c73",
            "7195b8e3-ed85-4fc7-88f2-422c0c7645d1",
            "238862ef-f182-43ba-804c-a4ce0029fe84",
            "784e975d-67d0-4e22-b310-95d6b379bb8a",
            "d3a12f51-2a29-410c-9bef-bbb5bd604acc",
            "3cc47365-bfb2-43b5-bd84-5a881d580d9c",
            "9b39d18d-a8fb-4411-a8d7-f008aa40db2e",
            "f86d20e0-c867-424b-badc-5b2e06c1f436",
            "227c723d-daf1-49b4-8213-c366b0fa5cf0",
            "c6635319-3620-4eea-864a-410e95c97324",
            "ca66d3a7-eb86-4f0d-aa3b-21d1da712e20",
            "0154b6e4-76e7-40ee-9147-fbd7f84decc2",
            "406521ba-01d9-4bdf-b6b6-4aad9d622032",
            "928bde65-6081-4189-b661-dffe5fcab4e8",
            "736c1c93-6960-4498-8b46-4a3c02350603",
            "455703f5-c18a-4f59-bb50-2eeb0c925ee4",
            "8da4b2c8-bf9f-4a7c-a2bc-5c98b1092990",
            "b145c571-55f5-411b-b7f3-31c1913fb3c1"
          ],
          "failures": [],
          "pending": [],
          "skipped": [],
          "duration": 65540,
          "root": false,
          "rootEmpty": false,
          "_timeout": 2000
        }
      ],
      "passes": [],
      "failures": [],
      "pending": [],
      "skipped": [],
      "duration": 0,
      "root": true,
      "rootEmpty": true,
      "_timeout": 2000
    }
  ],
  "meta": {
    "mocha": {
      "version": "7.0.1"
    },
    "mochawesome": {
      "options": {
        "quiet": false,
        "reportFilename": "mochawesome",
        "saveHtml": false,
        "saveJson": true,
        "consoleReporter": "spec",
        "useInlineDiffs": false,
        "code": true
      },
      "version": "7.1.3"
    },
    "marge": {
      "options": {
        "reportDir": "cypress/reports/mocha",
        "overwrite": false,
        "html": false,
        "json": true
      },
      "version": "6.2.0"
    }
  }
}