{
  "stats": {
    "suites": 1,
    "tests": 3,
    "passes": 3,
    "pending": 0,
    "failures": 0,
    "start": "2024-06-12T12:57:46.800Z",
    "end": "2024-06-12T12:58:05.006Z",
    "duration": 18206,
    "testsRegistered": 3,
    "passPercent": 100,
    "pendingPercent": 0,
    "other": 0,
    "hasOther": false,
    "skipped": 0,
    "hasSkipped": false
  },
  "results": [
    {
      "uuid": "96418a41-1c17-4a26-927c-f6c98059e142",
      "title": "",
      "fullFile": "cypress\\e2e\\_CIVFunding\\General\\UserAccount\\CivStudentSelectsSupervisor.cy.ts",
      "file": "cypress\\e2e\\_CIVFunding\\General\\UserAccount\\CivStudentSelectsSupervisor.cy.ts",
      "beforeHooks": [],
      "afterHooks": [],
      "tests": [],
      "suites": [
        {
          "uuid": "e13dc632-780a-478e-b284-dcfbd0957ebd",
          "title": "Student selects supervisor",
          "fullFile": "",
          "file": "",
          "beforeHooks": [],
          "afterHooks": [],
          "tests": [
            {
              "title": "I can log in, select my profile",
              "fullTitle": "Student selects supervisor I can log in, select my profile",
              "timedOut": null,
              "duration": 9887,
              "state": "passed",
              "speed": "medium",
              "pass": true,
              "fail": false,
              "pending": false,
              "context": null,
              "code": "cy.login('Cypress', 'Civ');\ncy.wait(2000);\ncy.visit('/account/profile').wait(2000);",
              "err": {},
              "uuid": "b491a4fc-f72a-4fe4-bb31-dc81ddefaaa7",
              "parentUUID": "e13dc632-780a-478e-b284-dcfbd0957ebd",
              "isHook": false,
              "skipped": false
            },
            {
              "title": "I can select supervisor",
              "fullTitle": "Student selects supervisor I can select supervisor",
              "timedOut": null,
              "duration": 4234,
              "state": "passed",
              "speed": "fast",
              "pass": true,
              "fail": false,
              "pending": false,
              "context": null,
              "code": "cy.getInputControl('supervisorList').clear().type('Nayla Civ').wait(1000);\ncy.contains(' Nayla Civilian, NH-12, W4CMAA, nm@bamtech.net ').click();\ncy.contains('button', 'Update Supervisor').click().wait(2000);\ncy.contains('Nayla');\ncy.contains('Civilian');",
              "err": {},
              "uuid": "a10aec6e-69a1-459c-87ab-8e223e7c607f",
              "parentUUID": "e13dc632-780a-478e-b284-dcfbd0957ebd",
              "isHook": false,
              "skipped": false
            },
            {
              "title": "I can set the supervisor back",
              "fullTitle": "Student selects supervisor I can set the supervisor back",
              "timedOut": null,
              "duration": 4005,
              "state": "passed",
              "speed": "fast",
              "pass": true,
              "fail": false,
              "pending": false,
              "context": null,
              "code": "cy.getInputControl('supervisorList').clear().type('JJ Civ').wait(1000);\ncy.contains(' JJ Middle8 Civ01, WL-10, W418AA, jeremiah.lee@bamtech.net ').click();\ncy.contains('button', 'Update Supervisor').click().wait(2000);\ncy.contains('JJ');\ncy.contains('Civ01');",
              "err": {},
              "uuid": "63df445b-889b-4cce-b100-ed637cb0e8dc",
              "parentUUID": "e13dc632-780a-478e-b284-dcfbd0957ebd",
              "isHook": false,
              "skipped": false
            }
          ],
          "suites": [],
          "passes": [
            "b491a4fc-f72a-4fe4-bb31-dc81ddefaaa7",
            "a10aec6e-69a1-459c-87ab-8e223e7c607f",
            "63df445b-889b-4cce-b100-ed637cb0e8dc"
          ],
          "failures": [],
          "pending": [],
          "skipped": [],
          "duration": 18126,
          "root": false,
          "rootEmpty": false,
          "_timeout": 2000
        }
      ],
      "passes": [],
      "failures": [],
      "pending": [],
      "skipped": [],
      "duration": 0,
      "root": true,
      "rootEmpty": true,
      "_timeout": 2000
    }
  ],
  "meta": {
    "mocha": {
      "version": "7.0.1"
    },
    "mochawesome": {
      "options": {
        "quiet": false,
        "reportFilename": "mochawesome",
        "saveHtml": false,
        "saveJson": true,
        "consoleReporter": "spec",
        "useInlineDiffs": false,
        "code": true
      },
      "version": "7.1.3"
    },
    "marge": {
      "options": {
        "reportDir": "cypress/reports/mocha",
        "overwrite": false,
        "html": false,
        "json": true
      },
      "version": "6.2.0"
    }
  }
}