{
  "stats": {
    "suites": 1,
    "tests": 21,
    "passes": 21,
    "pending": 0,
    "failures": 0,
    "start": "2024-04-16T12:34:35.539Z",
    "end": "2024-04-16T12:35:33.042Z",
    "duration": 57503,
    "testsRegistered": 21,
    "passPercent": 100,
    "pendingPercent": 0,
    "other": 0,
    "hasOther": false,
    "skipped": 0,
    "hasSkipped": false
  },
  "results": [
    {
      "uuid": "918998fb-77d3-4f12-9913-8ca2d6090098",
      "title": "",
      "fullFile": "cypress\\e2e\\_TAFunding\\EducationGoal\\AssociatesGoals\\associates-active.cy.ts",
      "file": "cypress\\e2e\\_TAFunding\\EducationGoal\\AssociatesGoals\\associates-active.cy.ts",
      "beforeHooks": [],
      "afterHooks": [],
      "tests": [],
      "suites": [
        {
          "uuid": "fa81420f-e0ee-45f8-96b7-74057ac1e777",
          "title": "Active Army Student Applies for Associates Ed Goal and Funding",
          "fullFile": "",
          "file": "",
          "beforeHooks": [],
          "afterHooks": [],
          "tests": [
            {
              "title": "I can navigate to Goals page as student",
              "fullTitle": "Active Army Student Applies for Associates Ed Goal and Funding I can navigate to Goals page as student",
              "timedOut": null,
              "duration": 9161,
              "state": "passed",
              "speed": "medium",
              "pass": true,
              "fail": false,
              "pending": false,
              "context": null,
              "code": "cy.login('Cypress', 'Active-Student');\ncy.wait(500);\ncy.contains('Education Goals').click();",
              "err": {},
              "uuid": "92d459a0-04ee-419c-8604-14ea7b14f291",
              "parentUUID": "fa81420f-e0ee-45f8-96b7-74057ac1e777",
              "isHook": false,
              "skipped": false
            },
            {
              "title": "Delete existing Ed Goal if it exists",
              "fullTitle": "Active Army Student Applies for Associates Ed Goal and Funding Delete existing Ed Goal if it exists",
              "timedOut": null,
              "duration": 439,
              "state": "passed",
              "speed": "fast",
              "pass": true,
              "fail": false,
              "pending": false,
              "context": null,
              "code": "cy.retrieveToken();\ncy.GetEducationGoal('22').then((response) => {\n    const goalId = response.body[0].id;\n    cy.DeleteEducationGoal('22', goalId);\n});",
              "err": {},
              "uuid": "56e5a95e-162d-4db6-b641-c45b34387dd9",
              "parentUUID": "fa81420f-e0ee-45f8-96b7-74057ac1e777",
              "isHook": false,
              "skipped": false
            },
            {
              "title": "I can start creating Education Goal if none exist",
              "fullTitle": "Active Army Student Applies for Associates Ed Goal and Funding I can start creating Education Goal if none exist",
              "timedOut": null,
              "duration": 1631,
              "state": "passed",
              "speed": "fast",
              "pass": true,
              "fail": false,
              "pending": false,
              "context": null,
              "code": "cy.wait(1000);\ncy.contains('Education Goals').click();\ncy.contains('CREATE NEW GOAL').click();\ncy.contains('Associates Degree').click();",
              "err": {},
              "uuid": "e92d10ff-194c-4bb6-b29e-03fb1122eb9d",
              "parentUUID": "fa81420f-e0ee-45f8-96b7-74057ac1e777",
              "isHook": false,
              "skipped": false
            },
            {
              "title": "I can enter Institution information",
              "fullTitle": "Active Army Student Applies for Associates Ed Goal and Funding I can enter Institution information",
              "timedOut": null,
              "duration": 5211,
              "state": "passed",
              "speed": "medium",
              "pass": true,
              "fail": false,
              "pending": false,
              "context": null,
              "code": "cy.getInputControl('institution').type('AMERICAN MILITARY UNIVERSITY (AMU)').wait(3000).type('{downarrow}{enter}');\ncy.getInputControl('institutionStudentId').type('666312').wait(1000);\ncy.contains('Next').click();",
              "err": {},
              "uuid": "a7b5fe9c-9d6f-48ed-99bc-7e4a4d26c282",
              "parentUUID": "fa81420f-e0ee-45f8-96b7-74057ac1e777",
              "isHook": false,
              "skipped": false
            },
            {
              "title": "I can enter Degree Program information",
              "fullTitle": "Active Army Student Applies for Associates Ed Goal and Funding I can enter Degree Program information",
              "timedOut": null,
              "duration": 2715,
              "state": "passed",
              "speed": "fast",
              "pass": true,
              "fail": false,
              "pending": false,
              "context": null,
              "code": "cy.getInputControl(\"TitleKeyWord\").type('Accounting{downarrow}{enter}');\ncy.wait(1000);\ncy.get('.row-header').first().click();\ncy.wait(1000);\ncy.get('button').contains('Next').click({ force: true });",
              "err": {},
              "uuid": "b75bcae4-9e1c-43bf-ae38-4214df8f476e",
              "parentUUID": "fa81420f-e0ee-45f8-96b7-74057ac1e777",
              "isHook": false,
              "skipped": false
            },
            {
              "title": "I can enter Degree Plan File information",
              "fullTitle": "Active Army Student Applies for Associates Ed Goal and Funding I can enter Degree Plan File information",
              "timedOut": null,
              "duration": 99,
              "state": "passed",
              "speed": "fast",
              "pass": true,
              "fail": false,
              "pending": false,
              "context": null,
              "code": "cy.contains('Next').click({ force: true });",
              "err": {},
              "uuid": "bdf8ceb0-c009-4bda-80dc-b3fc8544db3e",
              "parentUUID": "fa81420f-e0ee-45f8-96b7-74057ac1e777",
              "isHook": false,
              "skipped": false
            },
            {
              "title": "I can enter Credits information",
              "fullTitle": "Active Army Student Applies for Associates Ed Goal and Funding I can enter Credits information",
              "timedOut": null,
              "duration": 206,
              "state": "passed",
              "speed": "fast",
              "pass": true,
              "fail": false,
              "pending": false,
              "context": null,
              "code": "cy.getInputControl('previouslyCompletedCredits').type('1');",
              "err": {},
              "uuid": "0001dc34-c9a9-402e-a859-c35539e66286",
              "parentUUID": "fa81420f-e0ee-45f8-96b7-74057ac1e777",
              "isHook": false,
              "skipped": false
            },
            {
              "title": "I can submit Ed Goal",
              "fullTitle": "Active Army Student Applies for Associates Ed Goal and Funding I can submit Ed Goal",
              "timedOut": null,
              "duration": 3274,
              "state": "passed",
              "speed": "fast",
              "pass": true,
              "fail": false,
              "pending": false,
              "context": null,
              "code": "cy.contains('Submit Goal').click();\ncy.get('button').contains('Yes').click();\ncy.wait(3000);",
              "err": {},
              "uuid": "d11dc19d-75e8-4d2e-a240-b29cb3ad99b1",
              "parentUUID": "fa81420f-e0ee-45f8-96b7-74057ac1e777",
              "isHook": false,
              "skipped": false
            },
            {
              "title": "I recieved message of Ed Goal successfully created",
              "fullTitle": "Active Army Student Applies for Associates Ed Goal and Funding I recieved message of Ed Goal successfully created",
              "timedOut": null,
              "duration": 3078,
              "state": "passed",
              "speed": "fast",
              "pass": true,
              "fail": false,
              "pending": false,
              "context": null,
              "code": "cy.visit('/messaging');\ncy.wait(2000);\ncy.contains('Your education goal has been created');",
              "err": {},
              "uuid": "1df871bb-0cff-410c-a2ef-0b8ff5e6a137",
              "parentUUID": "fa81420f-e0ee-45f8-96b7-74057ac1e777",
              "isHook": false,
              "skipped": false
            },
            {
              "title": "Approves ed goal via API",
              "fullTitle": "Active Army Student Applies for Associates Ed Goal and Funding Approves ed goal via API",
              "timedOut": null,
              "duration": 311,
              "state": "passed",
              "speed": "fast",
              "pass": true,
              "fail": false,
              "pending": false,
              "context": null,
              "code": "cy.retrieveToken();\ncy.GetEducationGoal('22').then((response) => {\n    const goalId = response.body[0].id;\n    cy.ApproveEducationGoal('22', goalId);\n});",
              "err": {},
              "uuid": "8aee81f2-ac7f-4651-9e80-748577368ace",
              "parentUUID": "fa81420f-e0ee-45f8-96b7-74057ac1e777",
              "isHook": false,
              "skipped": false
            },
            {
              "title": "I recieved message of Ed Goal successfully approved",
              "fullTitle": "Active Army Student Applies for Associates Ed Goal and Funding I recieved message of Ed Goal successfully approved",
              "timedOut": null,
              "duration": 2577,
              "state": "passed",
              "speed": "fast",
              "pass": true,
              "fail": false,
              "pending": false,
              "context": null,
              "code": "cy.visit('/messaging');\ncy.wait(2000);\ncy.contains('Education Goal Approved');",
              "err": {},
              "uuid": "9a708e9f-dcdb-48dc-8e96-a4884d5230ce",
              "parentUUID": "fa81420f-e0ee-45f8-96b7-74057ac1e777",
              "isHook": false,
              "skipped": false
            },
            {
              "title": "I can apply for funding",
              "fullTitle": "Active Army Student Applies for Associates Ed Goal and Funding I can apply for funding",
              "timedOut": null,
              "duration": 2234,
              "state": "passed",
              "speed": "fast",
              "pass": true,
              "fail": false,
              "pending": false,
              "context": null,
              "code": "cy.contains('Education Goals').click();\ncy.wait(2000);\ncy.contains('Apply For Funding').click({ force: true });",
              "err": {},
              "uuid": "24a694d1-1af4-4552-bc36-42cf47e07f82",
              "parentUUID": "fa81420f-e0ee-45f8-96b7-74057ac1e777",
              "isHook": false,
              "skipped": false
            },
            {
              "title": "I can verify and proceed",
              "fullTitle": "Active Army Student Applies for Associates Ed Goal and Funding I can verify and proceed",
              "timedOut": null,
              "duration": 2241,
              "state": "passed",
              "speed": "fast",
              "pass": true,
              "fail": false,
              "pending": false,
              "context": null,
              "code": "cy.contains('Verify and Proceed').click();\ncy.wait(1000);\ncy.get('[type=\"checkbox\"]').check({ force: true });",
              "err": {},
              "uuid": "f398ae02-b704-4b01-96e8-c1cd92d36ee2",
              "parentUUID": "fa81420f-e0ee-45f8-96b7-74057ac1e777",
              "isHook": false,
              "skipped": false
            },
            {
              "title": "I can see Military Service Obligation text",
              "fullTitle": "Active Army Student Applies for Associates Ed Goal and Funding I can see Military Service Obligation text",
              "timedOut": null,
              "duration": 2021,
              "state": "passed",
              "speed": "fast",
              "pass": true,
              "fail": false,
              "pending": false,
              "context": null,
              "code": "cy.contains('I acknowledge (Commissioned Officers, CW2/2LT & up) that I incur a Military Service Obligation (MSO) IAW Title 10 USC, Section 2007. As a regular Army, Active Guard and Reserve, or Title 10/Title 32 mobilized Officer, I acknowledge that I incur an Active Duty Service Obligation (ADSO) of two years. As a Reserve Component (USAR/ARNG) officer, I acknowledge that I incur a Reserve Duty Service Obligation (RDSO) of four years. The TA MSO begins on the ending term date of each class for which TA was approved. I understand that I may not under any circumstances reimburse an institution or a TA-funded class to avoid an MSO. Only the Secretary of the Army or designee may waive my TA-imposed MSO; if waived, I am subject to recoupment of TA.');\ncy.wait(2000);",
              "err": {},
              "uuid": "c8b1dae4-0f25-4689-8539-973cf1068a83",
              "parentUUID": "fa81420f-e0ee-45f8-96b7-74057ac1e777",
              "isHook": false,
              "skipped": false
            },
            {
              "title": "I agree to conditions",
              "fullTitle": "Active Army Student Applies for Associates Ed Goal and Funding I agree to conditions",
              "timedOut": null,
              "duration": 419,
              "state": "passed",
              "speed": "fast",
              "pass": true,
              "fail": false,
              "pending": false,
              "context": null,
              "code": "cy.contains('I Agree, Continue').click();\ncy.get('mat-radio-button input').check('false', { force: true });\ncy.contains('Next').click();",
              "err": {},
              "uuid": "890a5172-bcfb-42fa-a294-6020cd84a113",
              "parentUUID": "fa81420f-e0ee-45f8-96b7-74057ac1e777",
              "isHook": false,
              "skipped": false
            },
            {
              "title": "I answer deployed location question",
              "fullTitle": "Active Army Student Applies for Associates Ed Goal and Funding I answer deployed location question",
              "timedOut": null,
              "duration": 2128,
              "state": "passed",
              "speed": "fast",
              "pass": true,
              "fail": false,
              "pending": false,
              "context": null,
              "code": "cy.get('input[formControlName=campus]').click();\ncy.wait(2000);",
              "err": {},
              "uuid": "f130b181-4316-4b18-a8cf-abdb6e468197",
              "parentUUID": "fa81420f-e0ee-45f8-96b7-74057ac1e777",
              "isHook": false,
              "skipped": false
            },
            {
              "title": "I choose my campus",
              "fullTitle": "Active Army Student Applies for Associates Ed Goal and Funding I choose my campus",
              "timedOut": null,
              "duration": 460,
              "state": "passed",
              "speed": "fast",
              "pass": true,
              "fail": false,
              "pending": false,
              "context": null,
              "code": "cy.getInputControl('campus').type('{downarrow}{enter}');\n//submit next button \ncy.contains('Next').click({ force: true });\ncy.contains('Next').click({ force: true });",
              "err": {},
              "uuid": "f648bceb-f004-4e8c-983d-a516822f90f5",
              "parentUUID": "fa81420f-e0ee-45f8-96b7-74057ac1e777",
              "isHook": false,
              "skipped": false
            },
            {
              "title": "I provide term dates",
              "fullTitle": "Active Army Student Applies for Associates Ed Goal and Funding I provide term dates",
              "timedOut": null,
              "duration": 3485,
              "state": "passed",
              "speed": "fast",
              "pass": true,
              "fail": false,
              "pending": false,
              "context": null,
              "code": "// add term dates though pre-populated options\ncy.get('.termTitle').first().click().wait(1000);\n// get more than 30 days away\n/* var todayDate = moment().add(30,'days').format(\"M/DD/YYYY\");\nvar tomorrowDate = moment().add(32,'days').format(\"M/DD/YYYY\");\n// add course dates\ncy.getInputControl('endDate').type(tomorrowDate);\ncy.getInputControl('startDate').type(todayDate);\ncy.wait(2000); */\n// submit search \ncy.get('button').contains('Next').click({ force: true });\ncy.wait(2000);",
              "err": {},
              "uuid": "355972b8-094d-4056-8284-e7aa855dce46",
              "parentUUID": "fa81420f-e0ee-45f8-96b7-74057ac1e777",
              "isHook": false,
              "skipped": false
            },
            {
              "title": "I choose add course",
              "fullTitle": "Active Army Student Applies for Associates Ed Goal and Funding I choose add course",
              "timedOut": null,
              "duration": 9900,
              "state": "passed",
              "speed": "medium",
              "pass": true,
              "fail": false,
              "pending": false,
              "context": null,
              "code": "cy.contains('Add Course').click();\ncy.wait(3000);\n// add preloaded course\ncy.get('#addCourseBtn').click();\ncy.wait(2000);\n// add cost per credit\ncy.get('[formcontrolname=creditCost]').contains('$275 - Test QH').click();\ncy.wait(2000);\n//submit added course\ncy.contains('Add Course').click();\ncy.wait(2000);\ncy.contains('Submit').click();\n//submit next button\ncy.contains('Submit').click();",
              "err": {},
              "uuid": "86fc7680-ce4b-4601-8bcd-471f41e30ead",
              "parentUUID": "fa81420f-e0ee-45f8-96b7-74057ac1e777",
              "isHook": false,
              "skipped": false
            },
            {
              "title": "I recieved message of TAR successfully created",
              "fullTitle": "Active Army Student Applies for Associates Ed Goal and Funding I recieved message of TAR successfully created",
              "timedOut": null,
              "duration": 3254,
              "state": "passed",
              "speed": "fast",
              "pass": true,
              "fail": false,
              "pending": false,
              "context": null,
              "code": "cy.visit('/messaging');\ncy.wait(2000);\ncy.contains('Army Tuition Assistance Approved');",
              "err": {},
              "uuid": "6825e8ce-630e-4821-934e-c264cf6d621e",
              "parentUUID": "fa81420f-e0ee-45f8-96b7-74057ac1e777",
              "isHook": false,
              "skipped": false
            },
            {
              "title": "I can cancel Funding Request as student",
              "fullTitle": "Active Army Student Applies for Associates Ed Goal and Funding I can cancel Funding Request as student",
              "timedOut": null,
              "duration": 2157,
              "state": "passed",
              "speed": "fast",
              "pass": true,
              "fail": false,
              "pending": false,
              "context": null,
              "code": "cy.wait(500);\ncy.contains('Funding Requests').click();\ncy.wait(100);\ncy.contains('Cancel').click();\ncy.get('button').contains('Yes').click();\ncy.screenshot();",
              "err": {},
              "uuid": "8bd39404-92d6-40a7-b959-2ba0cb806d4f",
              "parentUUID": "fa81420f-e0ee-45f8-96b7-74057ac1e777",
              "isHook": false,
              "skipped": false
            }
          ],
          "suites": [],
          "passes": [
            "92d459a0-04ee-419c-8604-14ea7b14f291",
            "56e5a95e-162d-4db6-b641-c45b34387dd9",
            "e92d10ff-194c-4bb6-b29e-03fb1122eb9d",
            "a7b5fe9c-9d6f-48ed-99bc-7e4a4d26c282",
            "b75bcae4-9e1c-43bf-ae38-4214df8f476e",
            "bdf8ceb0-c009-4bda-80dc-b3fc8544db3e",
            "0001dc34-c9a9-402e-a859-c35539e66286",
            "d11dc19d-75e8-4d2e-a240-b29cb3ad99b1",
            "1df871bb-0cff-410c-a2ef-0b8ff5e6a137",
            "8aee81f2-ac7f-4651-9e80-748577368ace",
            "9a708e9f-dcdb-48dc-8e96-a4884d5230ce",
            "24a694d1-1af4-4552-bc36-42cf47e07f82",
            "f398ae02-b704-4b01-96e8-c1cd92d36ee2",
            "c8b1dae4-0f25-4689-8539-973cf1068a83",
            "890a5172-bcfb-42fa-a294-6020cd84a113",
            "f130b181-4316-4b18-a8cf-abdb6e468197",
            "f648bceb-f004-4e8c-983d-a516822f90f5",
            "355972b8-094d-4056-8284-e7aa855dce46",
            "86fc7680-ce4b-4601-8bcd-471f41e30ead",
            "6825e8ce-630e-4821-934e-c264cf6d621e",
            "8bd39404-92d6-40a7-b959-2ba0cb806d4f"
          ],
          "failures": [],
          "pending": [],
          "skipped": [],
          "duration": 57001,
          "root": false,
          "rootEmpty": false,
          "_timeout": 2000
        }
      ],
      "passes": [],
      "failures": [],
      "pending": [],
      "skipped": [],
      "duration": 0,
      "root": true,
      "rootEmpty": true,
      "_timeout": 2000
    }
  ],
  "meta": {
    "mocha": {
      "version": "7.0.1"
    },
    "mochawesome": {
      "options": {
        "quiet": false,
        "reportFilename": "mochawesome",
        "saveHtml": false,
        "saveJson": true,
        "consoleReporter": "spec",
        "useInlineDiffs": false,
        "code": true
      },
      "version": "7.1.3"
    },
    "marge": {
      "options": {
        "reportDir": "cypress/reports/mocha",
        "overwrite": false,
        "html": false,
        "json": true
      },
      "version": "6.2.0"
    }
  }
}