{
  "stats": {
    "suites": 1,
    "tests": 3,
    "passes": 3,
    "pending": 0,
    "failures": 0,
    "start": "2024-04-16T12:32:02.083Z",
    "end": "2024-04-16T12:32:19.965Z",
    "duration": 17882,
    "testsRegistered": 3,
    "passPercent": 100,
    "pendingPercent": 0,
    "other": 0,
    "hasOther": false,
    "skipped": 0,
    "hasSkipped": false
  },
  "results": [
    {
      "uuid": "2ad560db-04b0-467c-a696-7114d06a472d",
      "title": "",
      "fullFile": "cypress\\e2e\\_CIVFunding\\Supervisor\\SupervisorReturnsForMoreInfo.cy.ts",
      "file": "cypress\\e2e\\_CIVFunding\\Supervisor\\SupervisorReturnsForMoreInfo.cy.ts",
      "beforeHooks": [],
      "afterHooks": [],
      "tests": [],
      "suites": [
        {
          "uuid": "af67e415-f52b-470b-bac7-31d9cd90d5fd",
          "title": "Supervisor returns SF182 for more info",
          "fullFile": "",
          "file": "",
          "beforeHooks": [],
          "afterHooks": [],
          "tests": [
            {
              "title": "I can log in, select my profile",
              "fullTitle": "Supervisor returns SF182 for more info I can log in, select my profile",
              "timedOut": null,
              "duration": 8455,
              "state": "passed",
              "speed": "medium",
              "pass": true,
              "fail": false,
              "pending": false,
              "context": null,
              "code": "cy.login('JJ', 'Civ01');\ncy.impersonateToken('3604');\ncy.CreateSF182FundingRequest();\ncy.wait(2000);",
              "err": {},
              "uuid": "b1a5a5d2-ef9b-4e6e-b34c-9e7402f4f448",
              "parentUUID": "af67e415-f52b-470b-bac7-31d9cd90d5fd",
              "isHook": false,
              "skipped": false
            },
            {
              "title": "Navigates to People I Supervise, selects a supervised civ",
              "fullTitle": "Supervisor returns SF182 for more info Navigates to People I Supervise, selects a supervised civ",
              "timedOut": null,
              "duration": 5842,
              "state": "passed",
              "speed": "medium",
              "pass": true,
              "fail": false,
              "pending": false,
              "context": null,
              "code": "cy.contains('People I Supervise').click();\ncy.wait(2000);\ncy.contains('Civ, Cypress');\ncy.visit('/funding-request/supervisor/all/view/3641/Cypress%20Civ');\ncy.wait(2000);",
              "err": {},
              "uuid": "4bdebd88-1f10-41dc-9f6a-eed92c8b70f6",
              "parentUUID": "af67e415-f52b-470b-bac7-31d9cd90d5fd",
              "isHook": false,
              "skipped": false
            },
            {
              "title": "Selects SF182, returns for more information",
              "fullTitle": "Supervisor returns SF182 for more info Selects SF182, returns for more information",
              "timedOut": null,
              "duration": 3477,
              "state": "passed",
              "speed": "fast",
              "pass": true,
              "fail": false,
              "pending": false,
              "context": null,
              "code": "cy.contains('button', ' Action Required ').first().click();\ncy.wait(2000);\ncy.get('#mat-input-1').click().type('Please provide more information');\ncy.contains('button', ' Req Additional Info ').click();",
              "err": {},
              "uuid": "09115500-0432-4a59-a9be-790ba1dcd43e",
              "parentUUID": "af67e415-f52b-470b-bac7-31d9cd90d5fd",
              "isHook": false,
              "skipped": false
            }
          ],
          "suites": [],
          "passes": [
            "b1a5a5d2-ef9b-4e6e-b34c-9e7402f4f448",
            "4bdebd88-1f10-41dc-9f6a-eed92c8b70f6",
            "09115500-0432-4a59-a9be-790ba1dcd43e"
          ],
          "failures": [],
          "pending": [],
          "skipped": [],
          "duration": 17774,
          "root": false,
          "rootEmpty": false,
          "_timeout": 2000
        }
      ],
      "passes": [],
      "failures": [],
      "pending": [],
      "skipped": [],
      "duration": 0,
      "root": true,
      "rootEmpty": true,
      "_timeout": 2000
    }
  ],
  "meta": {
    "mocha": {
      "version": "7.0.1"
    },
    "mochawesome": {
      "options": {
        "quiet": false,
        "reportFilename": "mochawesome",
        "saveHtml": false,
        "saveJson": true,
        "consoleReporter": "spec",
        "useInlineDiffs": false,
        "code": true
      },
      "version": "7.1.3"
    },
    "marge": {
      "options": {
        "reportDir": "cypress/reports/mocha",
        "overwrite": false,
        "html": false,
        "json": true
      },
      "version": "6.2.0"
    }
  }
}