{
  "stats": {
    "suites": 1,
    "tests": 20,
    "passes": 20,
    "pending": 0,
    "failures": 0,
    "start": "2024-04-16T12:39:03.618Z",
    "end": "2024-04-16T12:40:07.984Z",
    "duration": 64366,
    "testsRegistered": 20,
    "passPercent": 100,
    "pendingPercent": 0,
    "other": 0,
    "hasOther": false,
    "skipped": 0,
    "hasSkipped": false
  },
  "results": [
    {
      "uuid": "90e854f8-b5ca-4bf3-a93f-e58b6c92e0e6",
      "title": "",
      "fullFile": "cypress\\e2e\\_TAFunding\\EducationGoal\\BachelorsGoals\\bachelors\\reserve.cy.ts",
      "file": "cypress\\e2e\\_TAFunding\\EducationGoal\\BachelorsGoals\\bachelors\\reserve.cy.ts",
      "beforeHooks": [],
      "afterHooks": [],
      "tests": [],
      "suites": [
        {
          "uuid": "951e60d6-43c4-44c5-8334-7907c05e5052",
          "title": "Reserve Student Applies for Bachelor Ed Goal and Funding",
          "fullFile": "",
          "file": "",
          "beforeHooks": [],
          "afterHooks": [],
          "tests": [
            {
              "title": "I can navigate to Goals page as student",
              "fullTitle": "Reserve Student Applies for Bachelor Ed Goal and Funding I can navigate to Goals page as student",
              "timedOut": null,
              "duration": 10086,
              "state": "passed",
              "speed": "slow",
              "pass": true,
              "fail": false,
              "pending": false,
              "context": null,
              "code": "cy.login('Cypress', 'Reserve-Student');\ncy.wait(2000);\ncy.contains('Education Goals').click();",
              "err": {},
              "uuid": "aeb7edbc-ae41-4309-8f62-ec888c92142f",
              "parentUUID": "951e60d6-43c4-44c5-8334-7907c05e5052",
              "isHook": false,
              "skipped": false
            },
            {
              "title": "Delete existing Ed Goal if it exists",
              "fullTitle": "Reserve Student Applies for Bachelor Ed Goal and Funding Delete existing Ed Goal if it exists",
              "timedOut": null,
              "duration": 294,
              "state": "passed",
              "speed": "fast",
              "pass": true,
              "fail": false,
              "pending": false,
              "context": null,
              "code": "cy.retrieveToken();\ncy.GetEducationGoal('95').then((response) => {\n    const goalId = response.body[0].id;\n    cy.DeleteEducationGoal('95', goalId);\n});",
              "err": {},
              "uuid": "06f18c6e-60b1-4926-abab-36071ab65e93",
              "parentUUID": "951e60d6-43c4-44c5-8334-7907c05e5052",
              "isHook": false,
              "skipped": false
            },
            {
              "title": "I can start creating Education Goal if none exist",
              "fullTitle": "Reserve Student Applies for Bachelor Ed Goal and Funding I can start creating Education Goal if none exist",
              "timedOut": null,
              "duration": 4419,
              "state": "passed",
              "speed": "fast",
              "pass": true,
              "fail": false,
              "pending": false,
              "context": null,
              "code": "cy.wait(1000);\ncy.contains('Education Goals').click().wait(1000);\ncy.contains('CREATE NEW GOAL').click().wait(1000);\ncy.contains('Bachelors Degree').click().wait(1000);",
              "err": {},
              "uuid": "3804766a-0dd4-453a-a19d-ce117d4bf7f8",
              "parentUUID": "951e60d6-43c4-44c5-8334-7907c05e5052",
              "isHook": false,
              "skipped": false
            },
            {
              "title": "I can enter Institution information",
              "fullTitle": "Reserve Student Applies for Bachelor Ed Goal and Funding I can enter Institution information",
              "timedOut": null,
              "duration": 5068,
              "state": "passed",
              "speed": "medium",
              "pass": true,
              "fail": false,
              "pending": false,
              "context": null,
              "code": "cy.getInputControl('institution').type('AMERICAN MILITARY UNIVERSITY (AMU)').wait(3000).type('{downarrow}{enter}');\ncy.getInputControl('institutionStudentId').type('666312').wait(1000);\ncy.contains('Next').click();",
              "err": {},
              "uuid": "b13f7d60-5dc1-434d-afba-c4c430b03ce4",
              "parentUUID": "951e60d6-43c4-44c5-8334-7907c05e5052",
              "isHook": false,
              "skipped": false
            },
            {
              "title": "I can enter Degree Program information",
              "fullTitle": "Reserve Student Applies for Bachelor Ed Goal and Funding I can enter Degree Program information",
              "timedOut": null,
              "duration": 3927,
              "state": "passed",
              "speed": "fast",
              "pass": true,
              "fail": false,
              "pending": false,
              "context": null,
              "code": "cy.getInputControl(\"TitleKeyWord\").type('Bachelor of Arts in Government{downarrow}{enter}');\ncy.wait(1000);\ncy.get('.row-header').first().click();\ncy.wait(1000);\ncy.get('button').contains('Next').click({ force: true }).wait(1000);",
              "err": {},
              "uuid": "6d51f4be-c765-448d-a99f-ede9430a0523",
              "parentUUID": "951e60d6-43c4-44c5-8334-7907c05e5052",
              "isHook": false,
              "skipped": false
            },
            {
              "title": "I can enter Degree Plan File information",
              "fullTitle": "Reserve Student Applies for Bachelor Ed Goal and Funding I can enter Degree Plan File information",
              "timedOut": null,
              "duration": 1095,
              "state": "passed",
              "speed": "fast",
              "pass": true,
              "fail": false,
              "pending": false,
              "context": null,
              "code": "cy.contains('Next').click({ force: true }).wait(1000);",
              "err": {},
              "uuid": "0ec27736-dc5d-41bb-bb86-dc0d531fa6b6",
              "parentUUID": "951e60d6-43c4-44c5-8334-7907c05e5052",
              "isHook": false,
              "skipped": false
            },
            {
              "title": "I can enter Credits information",
              "fullTitle": "Reserve Student Applies for Bachelor Ed Goal and Funding I can enter Credits information",
              "timedOut": null,
              "duration": 158,
              "state": "passed",
              "speed": "fast",
              "pass": true,
              "fail": false,
              "pending": false,
              "context": null,
              "code": "cy.getInputControl('previouslyCompletedCredits').type('1');",
              "err": {},
              "uuid": "a8772f95-02ff-45a6-a644-20c7a94f975a",
              "parentUUID": "951e60d6-43c4-44c5-8334-7907c05e5052",
              "isHook": false,
              "skipped": false
            },
            {
              "title": "I can submit Ed Goal",
              "fullTitle": "Reserve Student Applies for Bachelor Ed Goal and Funding I can submit Ed Goal",
              "timedOut": null,
              "duration": 3234,
              "state": "passed",
              "speed": "fast",
              "pass": true,
              "fail": false,
              "pending": false,
              "context": null,
              "code": "cy.contains('Submit Goal').click();\ncy.get('button').contains('Yes').click();\ncy.wait(3000);",
              "err": {},
              "uuid": "ef8192f1-29d7-418f-894e-ba6c0c496248",
              "parentUUID": "951e60d6-43c4-44c5-8334-7907c05e5052",
              "isHook": false,
              "skipped": false
            },
            {
              "title": "I recieved message of Ed Goal successfully created",
              "fullTitle": "Reserve Student Applies for Bachelor Ed Goal and Funding I recieved message of Ed Goal successfully created",
              "timedOut": null,
              "duration": 2658,
              "state": "passed",
              "speed": "fast",
              "pass": true,
              "fail": false,
              "pending": false,
              "context": null,
              "code": "cy.visit('/messaging');\ncy.wait(2000);\ncy.contains('Your education goal has been created');",
              "err": {},
              "uuid": "e5725f70-3100-4517-9a34-59e24a24a242",
              "parentUUID": "951e60d6-43c4-44c5-8334-7907c05e5052",
              "isHook": false,
              "skipped": false
            },
            {
              "title": "Approves ed goal via API",
              "fullTitle": "Reserve Student Applies for Bachelor Ed Goal and Funding Approves ed goal via API",
              "timedOut": null,
              "duration": 287,
              "state": "passed",
              "speed": "fast",
              "pass": true,
              "fail": false,
              "pending": false,
              "context": null,
              "code": "cy.retrieveToken();\ncy.GetEducationGoal('95').then((response) => {\n    const goalId = response.body[0].id;\n    cy.ApproveEducationGoal('95', goalId);\n});",
              "err": {},
              "uuid": "7ad4c4aa-7fe7-4a1c-bb09-c46185c73ea2",
              "parentUUID": "951e60d6-43c4-44c5-8334-7907c05e5052",
              "isHook": false,
              "skipped": false
            },
            {
              "title": "I recieved message of Ed Goal successfully approved",
              "fullTitle": "Reserve Student Applies for Bachelor Ed Goal and Funding I recieved message of Ed Goal successfully approved",
              "timedOut": null,
              "duration": 2706,
              "state": "passed",
              "speed": "fast",
              "pass": true,
              "fail": false,
              "pending": false,
              "context": null,
              "code": "cy.visit('/messaging');\ncy.wait(2000);\ncy.contains('Education Goal Approved');",
              "err": {},
              "uuid": "a394e23a-7e3b-4155-845a-2d429277fa72",
              "parentUUID": "951e60d6-43c4-44c5-8334-7907c05e5052",
              "isHook": false,
              "skipped": false
            },
            {
              "title": "I can apply for funding",
              "fullTitle": "Reserve Student Applies for Bachelor Ed Goal and Funding I can apply for funding",
              "timedOut": null,
              "duration": 2191,
              "state": "passed",
              "speed": "fast",
              "pass": true,
              "fail": false,
              "pending": false,
              "context": null,
              "code": "cy.contains('Education Goals').click();\ncy.wait(2000);\ncy.contains('Apply For Funding').click({ force: true });",
              "err": {},
              "uuid": "7890fe0d-8ea9-422f-9e8c-3e1ad4e93fac",
              "parentUUID": "951e60d6-43c4-44c5-8334-7907c05e5052",
              "isHook": false,
              "skipped": false
            },
            {
              "title": "I can verify and proceed",
              "fullTitle": "Reserve Student Applies for Bachelor Ed Goal and Funding I can verify and proceed",
              "timedOut": null,
              "duration": 4998,
              "state": "passed",
              "speed": "fast",
              "pass": true,
              "fail": false,
              "pending": false,
              "context": null,
              "code": "cy.contains('Verify and Proceed').click();\ncy.wait(1000);\ncy.get('[type=\"checkbox\"]').check({ force: true });\ncy.wait(3000);",
              "err": {},
              "uuid": "da2a8de8-df93-4b8a-a263-ae378ab0f669",
              "parentUUID": "951e60d6-43c4-44c5-8334-7907c05e5052",
              "isHook": false,
              "skipped": false
            },
            {
              "title": "I agree to conditions",
              "fullTitle": "Reserve Student Applies for Bachelor Ed Goal and Funding I agree to conditions",
              "timedOut": null,
              "duration": 331,
              "state": "passed",
              "speed": "fast",
              "pass": true,
              "fail": false,
              "pending": false,
              "context": null,
              "code": "cy.contains('I Agree, Continue').click();\ncy.get('mat-radio-button input').check('false', { force: true });\ncy.contains('Next').click();",
              "err": {},
              "uuid": "face63fa-8191-4575-af05-f637f86b34cf",
              "parentUUID": "951e60d6-43c4-44c5-8334-7907c05e5052",
              "isHook": false,
              "skipped": false
            },
            {
              "title": "I answer deployed location question",
              "fullTitle": "Reserve Student Applies for Bachelor Ed Goal and Funding I answer deployed location question",
              "timedOut": null,
              "duration": 2116,
              "state": "passed",
              "speed": "fast",
              "pass": true,
              "fail": false,
              "pending": false,
              "context": null,
              "code": "cy.get('input[formControlName=campus]').click().wait(2000);",
              "err": {},
              "uuid": "f3d7e27a-318d-4b75-b40e-aa6dc51ad4c3",
              "parentUUID": "951e60d6-43c4-44c5-8334-7907c05e5052",
              "isHook": false,
              "skipped": false
            },
            {
              "title": "I choose my campus",
              "fullTitle": "Reserve Student Applies for Bachelor Ed Goal and Funding I choose my campus",
              "timedOut": null,
              "duration": 2331,
              "state": "passed",
              "speed": "fast",
              "pass": true,
              "fail": false,
              "pending": false,
              "context": null,
              "code": "cy.getInputControl('campus').type('AMU{downarrow}{enter}').wait(2000);\n//submit next button \ncy.contains('Next').click({ force: true });\ncy.contains('Next').click({ force: true });",
              "err": {},
              "uuid": "97ec4234-5521-46e4-9e59-91ea3c017c46",
              "parentUUID": "951e60d6-43c4-44c5-8334-7907c05e5052",
              "isHook": false,
              "skipped": false
            },
            {
              "title": "I provide term dates",
              "fullTitle": "Reserve Student Applies for Bachelor Ed Goal and Funding I provide term dates",
              "timedOut": null,
              "duration": 3468,
              "state": "passed",
              "speed": "fast",
              "pass": true,
              "fail": false,
              "pending": false,
              "context": null,
              "code": "// add term dates though pre-populated options\ncy.get('.termTitle').first().click().wait(1000);\n// get more than 30 days away\n/* var todayDate = moment().add(30,'days').format(\"M/DD/YYYY\");\nvar tomorrowDate = moment().add(32,'days').format(\"M/DD/YYYY\");\n// add course dates\ncy.getInputControl('endDate').type(tomorrowDate);\ncy.getInputControl('startDate').type(todayDate);\ncy.wait(2000); */\n// submit search \ncy.get('button').contains('Next').click({ force: true });\ncy.wait(2000);",
              "err": {},
              "uuid": "5c34dce9-6070-41fc-b7f1-ee666484e0a0",
              "parentUUID": "951e60d6-43c4-44c5-8334-7907c05e5052",
              "isHook": false,
              "skipped": false
            },
            {
              "title": "I choose add course",
              "fullTitle": "Reserve Student Applies for Bachelor Ed Goal and Funding I choose add course",
              "timedOut": null,
              "duration": 9813,
              "state": "passed",
              "speed": "medium",
              "pass": true,
              "fail": false,
              "pending": false,
              "context": null,
              "code": "cy.contains('Add Course').click();\ncy.wait(3000);\n// add preloaded course\ncy.get('#addCourseBtn').click();\ncy.wait(2000);\n// add cost per credit\ncy.get('[formcontrolname=creditCost]').contains('$275 - Test QH').click();\ncy.wait(2000);\n//submit added course\ncy.contains('Add Course').click();\ncy.wait(2000);\ncy.contains('Submit').click();\n//submit next button\ncy.contains('Submit').click();",
              "err": {},
              "uuid": "d267a89e-6645-44a1-9333-ed6df755e2e0",
              "parentUUID": "951e60d6-43c4-44c5-8334-7907c05e5052",
              "isHook": false,
              "skipped": false
            },
            {
              "title": "I recieved message of TAR successfully created",
              "fullTitle": "Reserve Student Applies for Bachelor Ed Goal and Funding I recieved message of TAR successfully created",
              "timedOut": null,
              "duration": 3370,
              "state": "passed",
              "speed": "fast",
              "pass": true,
              "fail": false,
              "pending": false,
              "context": null,
              "code": "cy.visit('/messaging');\ncy.wait(2000);\ncy.contains('Army Tuition Assistance Approved');",
              "err": {},
              "uuid": "5cf3381d-e1a7-412a-a4a0-4bc6893f4625",
              "parentUUID": "951e60d6-43c4-44c5-8334-7907c05e5052",
              "isHook": false,
              "skipped": false
            },
            {
              "title": "I can cancel Funding Request as student",
              "fullTitle": "Reserve Student Applies for Bachelor Ed Goal and Funding I can cancel Funding Request as student",
              "timedOut": null,
              "duration": 1447,
              "state": "passed",
              "speed": "fast",
              "pass": true,
              "fail": false,
              "pending": false,
              "context": null,
              "code": "cy.wait(500);\ncy.contains('Funding Requests').click();\ncy.wait(100);\ncy.contains('Cancel').click();\ncy.get('button').contains('Yes').click();\ncy.screenshot();",
              "err": {},
              "uuid": "589f3ea7-cc64-4093-8f4d-f1f5d2928f34",
              "parentUUID": "951e60d6-43c4-44c5-8334-7907c05e5052",
              "isHook": false,
              "skipped": false
            }
          ],
          "suites": [],
          "passes": [
            "aeb7edbc-ae41-4309-8f62-ec888c92142f",
            "06f18c6e-60b1-4926-abab-36071ab65e93",
            "3804766a-0dd4-453a-a19d-ce117d4bf7f8",
            "b13f7d60-5dc1-434d-afba-c4c430b03ce4",
            "6d51f4be-c765-448d-a99f-ede9430a0523",
            "0ec27736-dc5d-41bb-bb86-dc0d531fa6b6",
            "a8772f95-02ff-45a6-a644-20c7a94f975a",
            "ef8192f1-29d7-418f-894e-ba6c0c496248",
            "e5725f70-3100-4517-9a34-59e24a24a242",
            "7ad4c4aa-7fe7-4a1c-bb09-c46185c73ea2",
            "a394e23a-7e3b-4155-845a-2d429277fa72",
            "7890fe0d-8ea9-422f-9e8c-3e1ad4e93fac",
            "da2a8de8-df93-4b8a-a263-ae378ab0f669",
            "face63fa-8191-4575-af05-f637f86b34cf",
            "f3d7e27a-318d-4b75-b40e-aa6dc51ad4c3",
            "97ec4234-5521-46e4-9e59-91ea3c017c46",
            "5c34dce9-6070-41fc-b7f1-ee666484e0a0",
            "d267a89e-6645-44a1-9333-ed6df755e2e0",
            "5cf3381d-e1a7-412a-a4a0-4bc6893f4625",
            "589f3ea7-cc64-4093-8f4d-f1f5d2928f34"
          ],
          "failures": [],
          "pending": [],
          "skipped": [],
          "duration": 63997,
          "root": false,
          "rootEmpty": false,
          "_timeout": 2000
        }
      ],
      "passes": [],
      "failures": [],
      "pending": [],
      "skipped": [],
      "duration": 0,
      "root": true,
      "rootEmpty": true,
      "_timeout": 2000
    }
  ],
  "meta": {
    "mocha": {
      "version": "7.0.1"
    },
    "mochawesome": {
      "options": {
        "quiet": false,
        "reportFilename": "mochawesome",
        "saveHtml": false,
        "saveJson": true,
        "consoleReporter": "spec",
        "useInlineDiffs": false,
        "code": true
      },
      "version": "7.1.3"
    },
    "marge": {
      "options": {
        "reportDir": "cypress/reports/mocha",
        "overwrite": false,
        "html": false,
        "json": true
      },
      "version": "6.2.0"
    }
  }
}