{
  "stats": {
    "suites": 1,
    "tests": 4,
    "passes": 4,
    "pending": 0,
    "failures": 0,
    "start": "2024-06-12T12:56:52.914Z",
    "end": "2024-06-12T12:57:15.017Z",
    "duration": 22103,
    "testsRegistered": 4,
    "passPercent": 100,
    "pendingPercent": 0,
    "other": 0,
    "hasOther": false,
    "skipped": 0,
    "hasSkipped": false
  },
  "results": [
    {
      "uuid": "5c25a361-5ea1-4d12-880f-8320efea5104",
      "title": "",
      "fullFile": "cypress\\e2e\\_CIVFunding\\Supervisor\\SupervisorDisapprovesSF182.cy.ts",
      "file": "cypress\\e2e\\_CIVFunding\\Supervisor\\SupervisorDisapprovesSF182.cy.ts",
      "beforeHooks": [],
      "afterHooks": [],
      "tests": [],
      "suites": [
        {
          "uuid": "4a3de18a-c00e-4307-a721-7bd5b2c37415",
          "title": "Supervisor Disapproves SF182",
          "fullFile": "",
          "file": "",
          "beforeHooks": [],
          "afterHooks": [],
          "tests": [
            {
              "title": "I can log in, select my profile",
              "fullTitle": "Supervisor Disapproves SF182 I can log in, select my profile",
              "timedOut": null,
              "duration": 7986,
              "state": "passed",
              "speed": "medium",
              "pass": true,
              "fail": false,
              "pending": false,
              "context": null,
              "code": "cy.login('JJ', 'Civ01');\ncy.wait(2000);",
              "err": {},
              "uuid": "0cc03a47-7bc0-4014-8f8f-a4a3d8d89052",
              "parentUUID": "4a3de18a-c00e-4307-a721-7bd5b2c37415",
              "isHook": false,
              "skipped": false
            },
            {
              "title": "Creates SF182 via API for test",
              "fullTitle": "Supervisor Disapproves SF182 Creates SF182 via API for test",
              "timedOut": null,
              "duration": 285,
              "state": "passed",
              "speed": "fast",
              "pass": true,
              "fail": false,
              "pending": false,
              "context": null,
              "code": "cy.impersonateStudentToken('3641');\ncy.CreateSF182FundingRequest('3641');",
              "err": {},
              "uuid": "33397e0d-a73d-4517-98e0-5eaef7c299cd",
              "parentUUID": "4a3de18a-c00e-4307-a721-7bd5b2c37415",
              "isHook": false,
              "skipped": false
            },
            {
              "title": "Navigates to People I Supervise, selects a the correct civ",
              "fullTitle": "Supervisor Disapproves SF182 Navigates to People I Supervise, selects a the correct civ",
              "timedOut": null,
              "duration": 8046,
              "state": "passed",
              "speed": "medium",
              "pass": true,
              "fail": false,
              "pending": false,
              "context": null,
              "code": "cy.contains('People I Supervise').click();\ncy.wait(2000);\ncy.contains('Civ, Cypress');\ncy.contains('.mat-mdc-card', 'Civ, Cypress')\n    .within(() => {\n    cy.contains('button', ' View Trainings ').click();\n});\ncy.wait(2000);",
              "err": {},
              "uuid": "470f165b-b08f-47d3-99a1-555f6f1b15d7",
              "parentUUID": "4a3de18a-c00e-4307-a721-7bd5b2c37415",
              "isHook": false,
              "skipped": false
            },
            {
              "title": "Selects View SF182 button, enters disapproval reason, disapproves sf182, verifies the correct message appears",
              "fullTitle": "Supervisor Disapproves SF182 Selects View SF182 button, enters disapproval reason, disapproves sf182, verifies the correct message appears",
              "timedOut": null,
              "duration": 5628,
              "state": "passed",
              "speed": "medium",
              "pass": true,
              "fail": false,
              "pending": false,
              "context": null,
              "code": "cy.contains('button', ' Action Required ').first().click().wait(2000);\n//cy.get('[formcontrolname=\"disapprovalReasonId\"]').click()\ncy.get('.mat-mdc-select-trigger').click();\ncy.get('mat-option').contains(' Other ').click();\ncy.get('textarea').type('This is a test disapproval');\ncy.contains('button', ' Disapprove ').click().wait(2000);\ncy.contains(' Civilian Training Request Disapproved ').should('exist');",
              "err": {},
              "uuid": "8d68f344-263b-495f-ab7e-66f11340ba91",
              "parentUUID": "4a3de18a-c00e-4307-a721-7bd5b2c37415",
              "isHook": false,
              "skipped": false
            }
          ],
          "suites": [],
          "passes": [
            "0cc03a47-7bc0-4014-8f8f-a4a3d8d89052",
            "33397e0d-a73d-4517-98e0-5eaef7c299cd",
            "470f165b-b08f-47d3-99a1-555f6f1b15d7",
            "8d68f344-263b-495f-ab7e-66f11340ba91"
          ],
          "failures": [],
          "pending": [],
          "skipped": [],
          "duration": 21945,
          "root": false,
          "rootEmpty": false,
          "_timeout": 2000
        }
      ],
      "passes": [],
      "failures": [],
      "pending": [],
      "skipped": [],
      "duration": 0,
      "root": true,
      "rootEmpty": true,
      "_timeout": 2000
    }
  ],
  "meta": {
    "mocha": {
      "version": "7.0.1"
    },
    "mochawesome": {
      "options": {
        "quiet": false,
        "reportFilename": "mochawesome",
        "saveHtml": false,
        "saveJson": true,
        "consoleReporter": "spec",
        "useInlineDiffs": false,
        "code": true
      },
      "version": "7.1.3"
    },
    "marge": {
      "options": {
        "reportDir": "cypress/reports/mocha",
        "overwrite": false,
        "html": false,
        "json": true
      },
      "version": "6.2.0"
    }
  }
}