{
  "stats": {
    "suites": 1,
    "tests": 3,
    "passes": 3,
    "pending": 0,
    "failures": 0,
    "start": "2024-06-12T12:57:16.458Z",
    "end": "2024-06-12T12:57:37.888Z",
    "duration": 21430,
    "testsRegistered": 3,
    "passPercent": 100,
    "pendingPercent": 0,
    "other": 0,
    "hasOther": false,
    "skipped": 0,
    "hasSkipped": false
  },
  "results": [
    {
      "uuid": "5b85a2dd-2835-4041-8531-0efba8013945",
      "title": "",
      "fullFile": "cypress\\e2e\\_CIVFunding\\Supervisor\\SupervisorReturnsForMoreInfo.cy.ts",
      "file": "cypress\\e2e\\_CIVFunding\\Supervisor\\SupervisorReturnsForMoreInfo.cy.ts",
      "beforeHooks": [],
      "afterHooks": [],
      "tests": [],
      "suites": [
        {
          "uuid": "13afea87-a086-4530-9e60-cdfba5971357",
          "title": "Supervisor returns SF182 for more info",
          "fullFile": "",
          "file": "",
          "beforeHooks": [],
          "afterHooks": [],
          "tests": [
            {
              "title": "Navigates to login page",
              "fullTitle": "Supervisor returns SF182 for more info Navigates to login page",
              "timedOut": null,
              "duration": 8351,
              "state": "passed",
              "speed": "medium",
              "pass": true,
              "fail": false,
              "pending": false,
              "context": null,
              "code": "cy.impersonateStudentToken('3641');\ncy.CreateSF182FundingRequest('3641');\ncy.login('JJ', 'Civ01');\ncy.impersonateToken('3604');\ncy.CreateSF182FundingRequest('3641');\ncy.wait(2000);",
              "err": {},
              "uuid": "5a26c1cb-b393-4562-9d36-5d5caff73f88",
              "parentUUID": "13afea87-a086-4530-9e60-cdfba5971357",
              "isHook": false,
              "skipped": false
            },
            {
              "title": "Navigates to People I Supervise, selects a supervised civ",
              "fullTitle": "Supervisor returns SF182 for more info Navigates to People I Supervise, selects a supervised civ",
              "timedOut": null,
              "duration": 8932,
              "state": "passed",
              "speed": "medium",
              "pass": true,
              "fail": false,
              "pending": false,
              "context": null,
              "code": "cy.contains('People I Supervise').click();\ncy.wait(2000);\ncy.contains('Civ, Cypress');\ncy.visit('/funding-request/supervisor/all/view/3641/Cypress%20Civ');\ncy.wait(2000);",
              "err": {},
              "uuid": "9fccf24f-96f6-4621-bada-28bff9ba3015",
              "parentUUID": "13afea87-a086-4530-9e60-cdfba5971357",
              "isHook": false,
              "skipped": false
            },
            {
              "title": "Selects SF182, returns for more information",
              "fullTitle": "Supervisor returns SF182 for more info Selects SF182, returns for more information",
              "timedOut": null,
              "duration": 4057,
              "state": "passed",
              "speed": "fast",
              "pass": true,
              "fail": false,
              "pending": false,
              "context": null,
              "code": "cy.contains('button', ' Action Required ').first().click();\ncy.wait(2000);\ncy.get('#mat-input-1').click().type('Please provide more information');\ncy.contains('button', ' Req Additional Info ').click();",
              "err": {},
              "uuid": "18518de2-d2a7-4df4-81e3-64ed0793ce99",
              "parentUUID": "13afea87-a086-4530-9e60-cdfba5971357",
              "isHook": false,
              "skipped": false
            }
          ],
          "suites": [],
          "passes": [
            "5a26c1cb-b393-4562-9d36-5d5caff73f88",
            "9fccf24f-96f6-4621-bada-28bff9ba3015",
            "18518de2-d2a7-4df4-81e3-64ed0793ce99"
          ],
          "failures": [],
          "pending": [],
          "skipped": [],
          "duration": 21340,
          "root": false,
          "rootEmpty": false,
          "_timeout": 2000
        }
      ],
      "passes": [],
      "failures": [],
      "pending": [],
      "skipped": [],
      "duration": 0,
      "root": true,
      "rootEmpty": true,
      "_timeout": 2000
    }
  ],
  "meta": {
    "mocha": {
      "version": "7.0.1"
    },
    "mochawesome": {
      "options": {
        "quiet": false,
        "reportFilename": "mochawesome",
        "saveHtml": false,
        "saveJson": true,
        "consoleReporter": "spec",
        "useInlineDiffs": false,
        "code": true
      },
      "version": "7.1.3"
    },
    "marge": {
      "options": {
        "reportDir": "cypress/reports/mocha",
        "overwrite": false,
        "html": false,
        "json": true
      },
      "version": "6.2.0"
    }
  }
}