{
  "stats": {
    "suites": 1,
    "tests": 4,
    "passes": 4,
    "pending": 0,
    "failures": 0,
    "start": "2024-06-12T12:56:27.783Z",
    "end": "2024-06-12T12:56:51.475Z",
    "duration": 23692,
    "testsRegistered": 4,
    "passPercent": 100,
    "pendingPercent": 0,
    "other": 0,
    "hasOther": false,
    "skipped": 0,
    "hasSkipped": false
  },
  "results": [
    {
      "uuid": "9680898e-17a2-4601-9267-e91fa06aae45",
      "title": "",
      "fullFile": "cypress\\e2e\\_CIVFunding\\Supervisor\\SupervisorApprovesSF182.cy.ts",
      "file": "cypress\\e2e\\_CIVFunding\\Supervisor\\SupervisorApprovesSF182.cy.ts",
      "beforeHooks": [],
      "afterHooks": [],
      "tests": [],
      "suites": [
        {
          "uuid": "29cb9368-1da2-4bb0-b989-af50b36790c9",
          "title": "Supervisor approves SF182",
          "fullFile": "",
          "file": "",
          "beforeHooks": [],
          "afterHooks": [],
          "tests": [
            {
              "title": "I can log in, select my profile",
              "fullTitle": "Supervisor approves SF182 I can log in, select my profile",
              "timedOut": null,
              "duration": 9793,
              "state": "passed",
              "speed": "medium",
              "pass": true,
              "fail": false,
              "pending": false,
              "context": null,
              "code": "cy.login('JJ', 'Civ01');\ncy.wait(2000);",
              "err": {},
              "uuid": "f7d79fe5-5d02-45bf-9394-aad85c815237",
              "parentUUID": "29cb9368-1da2-4bb0-b989-af50b36790c9",
              "isHook": false,
              "skipped": false
            },
            {
              "title": "Creates SF182 via API",
              "fullTitle": "Supervisor approves SF182 Creates SF182 via API",
              "timedOut": null,
              "duration": 415,
              "state": "passed",
              "speed": "fast",
              "pass": true,
              "fail": false,
              "pending": false,
              "context": null,
              "code": "cy.impersonateStudentToken('3641');\ncy.CreateSF182FundingRequest('3641');",
              "err": {},
              "uuid": "d123dc61-b4a9-4b06-9dcf-699571a8cd9a",
              "parentUUID": "29cb9368-1da2-4bb0-b989-af50b36790c9",
              "isHook": false,
              "skipped": false
            },
            {
              "title": "Navigates to People I Supervise, selects a the correct civ",
              "fullTitle": "Supervisor approves SF182 Navigates to People I Supervise, selects a the correct civ",
              "timedOut": null,
              "duration": 8015,
              "state": "passed",
              "speed": "medium",
              "pass": true,
              "fail": false,
              "pending": false,
              "context": null,
              "code": "cy.contains('People I Supervise').click();\ncy.wait(2000);\ncy.contains('Civ, Cypress');\ncy.contains('.mat-mdc-card', 'Civ, Cypress')\n    .within(() => {\n    cy.contains('button', ' View Trainings ').click();\n});\ncy.wait(2000);",
              "err": {},
              "uuid": "8eaabd37-bc1e-4e2a-8cdc-4671572f1cbd",
              "parentUUID": "29cb9368-1da2-4bb0-b989-af50b36790c9",
              "isHook": false,
              "skipped": false
            },
            {
              "title": "Selects View SF182 button, approves sf182, verifies the correct message appears",
              "fullTitle": "Supervisor approves SF182 Selects View SF182 button, approves sf182, verifies the correct message appears",
              "timedOut": null,
              "duration": 5377,
              "state": "passed",
              "speed": "medium",
              "pass": true,
              "fail": false,
              "pending": false,
              "context": null,
              "code": "cy.contains('button', ' Action Required ').first().click().wait(2000);\ncy.contains('button', ' Approve ').click().wait(2000);\ncy.contains(' Civilian Training Request Approved ').should('exist');",
              "err": {},
              "uuid": "cfe8925e-af93-410e-b5c3-d98028cdcae3",
              "parentUUID": "29cb9368-1da2-4bb0-b989-af50b36790c9",
              "isHook": false,
              "skipped": false
            }
          ],
          "suites": [],
          "passes": [
            "f7d79fe5-5d02-45bf-9394-aad85c815237",
            "d123dc61-b4a9-4b06-9dcf-699571a8cd9a",
            "8eaabd37-bc1e-4e2a-8cdc-4671572f1cbd",
            "cfe8925e-af93-410e-b5c3-d98028cdcae3"
          ],
          "failures": [],
          "pending": [],
          "skipped": [],
          "duration": 23600,
          "root": false,
          "rootEmpty": false,
          "_timeout": 2000
        }
      ],
      "passes": [],
      "failures": [],
      "pending": [],
      "skipped": [],
      "duration": 0,
      "root": true,
      "rootEmpty": true,
      "_timeout": 2000
    }
  ],
  "meta": {
    "mocha": {
      "version": "7.0.1"
    },
    "mochawesome": {
      "options": {
        "quiet": false,
        "reportFilename": "mochawesome",
        "saveHtml": false,
        "saveJson": true,
        "consoleReporter": "spec",
        "useInlineDiffs": false,
        "code": true
      },
      "version": "7.1.3"
    },
    "marge": {
      "options": {
        "reportDir": "cypress/reports/mocha",
        "overwrite": false,
        "html": false,
        "json": true
      },
      "version": "6.2.0"
    }
  }
}