{
  "stats": {
    "suites": 1,
    "tests": 2,
    "passes": 2,
    "pending": 0,
    "failures": 0,
    "start": "2024-06-12T12:58:06.808Z",
    "end": "2024-06-12T12:58:37.604Z",
    "duration": 30796,
    "testsRegistered": 2,
    "passPercent": 100,
    "pendingPercent": 0,
    "other": 0,
    "hasOther": false,
    "skipped": 0,
    "hasSkipped": false
  },
  "results": [
    {
      "uuid": "27b69068-b808-41ca-a657-e5ff390e8735",
      "title": "",
      "fullFile": "cypress\\e2e\\_CIVFunding\\General\\UserAccount\\UpdateCivStudentInformation.cy.ts",
      "file": "cypress\\e2e\\_CIVFunding\\General\\UserAccount\\UpdateCivStudentInformation.cy.ts",
      "beforeHooks": [],
      "afterHooks": [],
      "tests": [],
      "suites": [
        {
          "uuid": "7b8dd147-9569-4dab-a8d1-97b045e36a52",
          "title": "Updates their information",
          "fullFile": "",
          "file": "",
          "beforeHooks": [],
          "afterHooks": [],
          "tests": [
            {
              "title": "I can log in, select my profile",
              "fullTitle": "Updates their information I can log in, select my profile",
              "timedOut": null,
              "duration": 10839,
              "state": "passed",
              "speed": "slow",
              "pass": true,
              "fail": false,
              "pending": false,
              "context": null,
              "code": "cy.login('JJ', 'Civ01');\ncy.wait(2000);\ncy.visit('/account/profile').wait(2000);",
              "err": {},
              "uuid": "91ca038e-43e0-4b15-8a90-cd533ad3329b",
              "parentUUID": "7b8dd147-9569-4dab-a8d1-97b045e36a52",
              "isHook": false,
              "skipped": false
            },
            {
              "title": "Civ Student can update their information",
              "fullTitle": "Updates their information Civ Student can update their information",
              "timedOut": null,
              "duration": 19905,
              "state": "passed",
              "speed": "slow",
              "pass": true,
              "fail": false,
              "pending": false,
              "context": null,
              "code": "var todayDate = moment__WEBPACK_IMPORTED_MODULE_0__().format(\"MDDYYYY\");\ncy.getInputControl('userPersonalEmail').click().clear().type(todayDate + 'jjciv01@test.net');\ncy.contains('button', 'Update ').click().wait(2000);\ncy.getInputControl('userWorkPhone').click().clear().type('9876543216');\ncy.contains('button', 'Update ').click().wait(2000);\ncy.getInputControl('userMobilePhone').click().clear().type('6123785554');\ncy.contains('button', 'Update ').click().wait(2000);\ncy.getInputControl('street1').click().clear().type(todayDate + '101 test st');\ncy.contains('button', 'Update ').click().wait(2000);\ncy.getInputControl('street2').click().clear().type('apt' + todayDate);\ncy.contains('button', 'Update ').click().wait(2000);\ncy.getInputControl('city').click().clear().type('Minneapolis');\ncy.contains('button', 'Update ').click().wait(2000);\ncy.getMatSelectControl('stateId').click().type('{downarrow}{downarrow}{enter}');\ncy.contains('button', 'Update ').click().wait(2000);\ncy.getInputControl('zip').click().clear().type('55401');\ncy.contains('button', 'Update ').click().wait(2000);",
              "err": {},
              "uuid": "9d323c0c-3d4c-40c1-9635-438b632f34f4",
              "parentUUID": "7b8dd147-9569-4dab-a8d1-97b045e36a52",
              "isHook": false,
              "skipped": false
            }
          ],
          "suites": [],
          "passes": [
            "91ca038e-43e0-4b15-8a90-cd533ad3329b",
            "9d323c0c-3d4c-40c1-9635-438b632f34f4"
          ],
          "failures": [],
          "pending": [],
          "skipped": [],
          "duration": 30744,
          "root": false,
          "rootEmpty": false,
          "_timeout": 2000
        }
      ],
      "passes": [],
      "failures": [],
      "pending": [],
      "skipped": [],
      "duration": 0,
      "root": true,
      "rootEmpty": true,
      "_timeout": 2000
    }
  ],
  "meta": {
    "mocha": {
      "version": "7.0.1"
    },
    "mochawesome": {
      "options": {
        "quiet": false,
        "reportFilename": "mochawesome",
        "saveHtml": false,
        "saveJson": true,
        "consoleReporter": "spec",
        "useInlineDiffs": false,
        "code": true
      },
      "version": "7.1.3"
    },
    "marge": {
      "options": {
        "reportDir": "cypress/reports/mocha",
        "overwrite": false,
        "html": false,
        "json": true
      },
      "version": "6.2.0"
    }
  }
}