{
  "stats": {
    "suites": 1,
    "tests": 19,
    "passes": 19,
    "pending": 0,
    "failures": 0,
    "start": "2024-06-12T12:52:02.737Z",
    "end": "2024-06-12T12:53:05.336Z",
    "duration": 62599,
    "testsRegistered": 19,
    "passPercent": 100,
    "pendingPercent": 0,
    "other": 0,
    "hasOther": false,
    "skipped": 0,
    "hasSkipped": false
  },
  "results": [
    {
      "uuid": "78dc02c4-2768-4387-af49-5176b41795c8",
      "title": "",
      "fullFile": "cypress\\e2e\\_CadetFunding\\CadetPaymentRequest\\cadets-nursing.cy.ts",
      "file": "cypress\\e2e\\_CadetFunding\\CadetPaymentRequest\\cadets-nursing.cy.ts",
      "beforeHooks": [],
      "afterHooks": [],
      "tests": [],
      "suites": [
        {
          "uuid": "3eea67e8-ef8d-4911-acdb-37f830a82e03",
          "title": "Cadet Student Applies for Nursing CPR",
          "fullFile": "",
          "file": "",
          "beforeHooks": [],
          "afterHooks": [],
          "tests": [
            {
              "title": "I can login as student",
              "fullTitle": "Cadet Student Applies for Nursing CPR I can login as student",
              "timedOut": null,
              "duration": 8367,
              "state": "passed",
              "speed": "medium",
              "pass": true,
              "fail": false,
              "pending": false,
              "context": null,
              "code": "cy.login('Cypress', 'Cadet-Nursing');\ncy.wait(2000);",
              "err": {},
              "uuid": "b0636294-468b-43c6-9d93-2549809de399",
              "parentUUID": "3eea67e8-ef8d-4911-acdb-37f830a82e03",
              "isHook": false,
              "skipped": false
            },
            {
              "title": "I can start creating CPR",
              "fullTitle": "Cadet Student Applies for Nursing CPR I can start creating CPR",
              "timedOut": null,
              "duration": 1130,
              "state": "passed",
              "speed": "fast",
              "pass": true,
              "fail": false,
              "pending": false,
              "context": null,
              "code": "cy.contains('.mdc-button', ' Apply For Funding ').click();\ncy.wait(1000);",
              "err": {},
              "uuid": "ab164512-77dd-47da-8e8b-1989da3d4c67",
              "parentUUID": "3eea67e8-ef8d-4911-acdb-37f830a82e03",
              "isHook": false,
              "skipped": false
            },
            {
              "title": "I can choose scholarship type",
              "fullTitle": "Cadet Student Applies for Nursing CPR I can choose scholarship type",
              "timedOut": null,
              "duration": 1230,
              "state": "passed",
              "speed": "fast",
              "pass": true,
              "fail": false,
              "pending": false,
              "context": null,
              "code": "cy.contains(' Cadet Nursing Fees ').click();\ncy.contains('button', ' Next ').click();\ncy.wait(1000);",
              "err": {},
              "uuid": "abc78ef7-1d09-4d05-8798-75611e1d552d",
              "parentUUID": "3eea67e8-ef8d-4911-acdb-37f830a82e03",
              "isHook": false,
              "skipped": false
            },
            {
              "title": "I can start adding fees",
              "fullTitle": "Cadet Student Applies for Nursing CPR I can start adding fees",
              "timedOut": null,
              "duration": 3098,
              "state": "passed",
              "speed": "fast",
              "pass": true,
              "fail": false,
              "pending": false,
              "context": null,
              "code": "cy.contains('button', ' Add Fees ').click();\ncy.wait(3000);",
              "err": {},
              "uuid": "1d2d8ad3-8d44-48ce-90bc-429b817d3cf7",
              "parentUUID": "3eea67e8-ef8d-4911-acdb-37f830a82e03",
              "isHook": false,
              "skipped": false
            },
            {
              "title": "I can add one time nursing fee",
              "fullTitle": "Cadet Student Applies for Nursing CPR I can add one time nursing fee",
              "timedOut": null,
              "duration": 4836,
              "state": "passed",
              "speed": "fast",
              "pass": true,
              "fail": false,
              "pending": false,
              "context": null,
              "code": "// type\ncy.get('mat-select[formcontrolname=\"fundingRequestItemFeeTypeId\"]').click();\ncy.get('mat-option').contains(' Required Nurse Uniforms/Clinical Supplies/Equipment Fee ').click();\ncy.wait(3000);\n// check cost is readonly\ncy.getInputControl('cost').should('have.attr', 'readonly');\n// description\n//cy.get('[formcontrolname=\"feeDescription\"]').click().type('test')\ncy.contains('mat-form-field', 'Description').click().type('One time fee for Cypress test');\n// add fee\ncy.contains('button', ' Add Fee ').click();\ncy.wait(1000);",
              "err": {},
              "uuid": "b52477c5-6d6d-4a4f-82b0-ad0f425e61d6",
              "parentUUID": "3eea67e8-ef8d-4911-acdb-37f830a82e03",
              "isHook": false,
              "skipped": false
            },
            {
              "title": "I can add test fee",
              "fullTitle": "Cadet Student Applies for Nursing CPR I can add test fee",
              "timedOut": null,
              "duration": 3907,
              "state": "passed",
              "speed": "fast",
              "pass": true,
              "fail": false,
              "pending": false,
              "context": null,
              "code": "cy.contains('button', ' Add Fees ').click();\ncy.wait(1000);\n// type\ncy.get('mat-select[formcontrolname=\"fundingRequestItemFeeTypeId\"]').click();\ncy.get('mat-option').contains('NCLEX-RN Test Fee').click();\ncy.wait(1000);\n// check cost is readonly\ncy.getInputControl('cost').should('have.attr', 'readonly');\n// description\n//cy.get('[formcontrolname=\"feeDescription\"]').click().type('test')\ncy.contains('mat-form-field', 'Description').click().type('Test fee for Cypress test');\n// add fee\ncy.contains('button', ' Add Fee ').click();\ncy.wait(1000);",
              "err": {},
              "uuid": "2b35dd90-4408-4b86-b9c4-45a300cd5dbb",
              "parentUUID": "3eea67e8-ef8d-4911-acdb-37f830a82e03",
              "isHook": false,
              "skipped": false
            },
            {
              "title": "I can add test review fee",
              "fullTitle": "Cadet Student Applies for Nursing CPR I can add test review fee",
              "timedOut": null,
              "duration": 4693,
              "state": "passed",
              "speed": "fast",
              "pass": true,
              "fail": false,
              "pending": false,
              "context": null,
              "code": "cy.contains('button', ' Add Fees ').click();\ncy.wait(1000);\n// type\ncy.get('mat-select[formcontrolname=\"fundingRequestItemFeeTypeId\"]').click();\ncy.get('mat-option').contains('NCLEX-RN Test Review Course').click();\ncy.wait(1000);\n// description\n//cy.get('[formcontrolname=\"feeDescription\"]').click().type('test')\ncy.contains('mat-form-field', 'Description').click().type('Test review fee for Cypress test');\n// check if I can add less than $500 with no stopper\ncy.getInputControl('cost').clear().type('200');\ncy.contains('You have exceeded the allowable amount for this item').should('not.exist');\n// check if I can more than $500 and see stopper\ncy.getInputControl('cost').clear().type('501');\n//cy.contains('You have exceeded the allowable amount for this item')\ncy.get('button:contains(\" Add Fee \")').should('be.disabled');\n// revert back to $500\ncy.getInputControl('cost').clear().type('500');\n// add fee\ncy.contains('button', ' Add Fee ').click();\ncy.wait(1000);",
              "err": {},
              "uuid": "8afb6522-be0d-4386-ab89-e063292a53f0",
              "parentUUID": "3eea67e8-ef8d-4911-acdb-37f830a82e03",
              "isHook": false,
              "skipped": false
            },
            {
              "title": "I can only add one fee per fee type",
              "fullTitle": "Cadet Student Applies for Nursing CPR I can only add one fee per fee type",
              "timedOut": null,
              "duration": 11689,
              "state": "passed",
              "speed": "slow",
              "pass": true,
              "fail": false,
              "pending": false,
              "context": null,
              "code": "cy.contains('button', ' Add Fees ').click();\n// only ONE nursing fee\n// type\ncy.get('mat-select[formcontrolname=\"fundingRequestItemFeeTypeId\"]').click();\ncy.get('mat-option').contains(' Required Nurse Uniforms/Clinical Supplies/Equipment Fee ').click().wait(2000);\n// description\ncy.contains('mat-form-field', 'Description').click().type('Nursing fee for Cypress test');\n// add fee\ncy.contains('button', ' Add Fee ').click();\n// stopper\ncy.contains('This fee is already on the application. You must remove the duplicate fee').wait(1000);\n// only ONE test fee\n// type\ncy.get('mat-select[formcontrolname=\"fundingRequestItemFeeTypeId\"]').click();\ncy.get('mat-option').contains('NCLEX-RN Test Fee').click().wait(2000);\n// description\ncy.contains('mat-form-field', 'Description').clear().click().type('Test fee for Cypress test');\n// add fee\ncy.contains('button', ' Add Fee ').click();\n// stopper\ncy.contains('This fee is already on the application. You must remove the duplicate fee');\n// only ONE test review fee\n// type\ncy.get('mat-select[formcontrolname=\"fundingRequestItemFeeTypeId\"]').click();\ncy.get('mat-option').contains('NCLEX-RN Test Review Course').click().wait(1000);\n// description\ncy.contains('mat-form-field', 'Description').clear().click().type('Test review fee for Cypress test').wait(1000);\ncy.getInputControl('cost').clear().type('500');\n// add fee\ncy.contains('button', ' Add Fee ').click();\n// stopper\ncy.contains('This fee is already on the application. You must remove the duplicate fee').wait(1000);\ncy.contains('button', ' Cancel ').click();\ncy.contains('button', 'Yes').click();",
              "err": {},
              "uuid": "e0781d79-0766-4c8f-963f-6411bafc94b3",
              "parentUUID": "3eea67e8-ef8d-4911-acdb-37f830a82e03",
              "isHook": false,
              "skipped": false
            },
            {
              "title": "I can review fee total",
              "fullTitle": "Cadet Student Applies for Nursing CPR I can review fee total",
              "timedOut": null,
              "duration": 30,
              "state": "passed",
              "speed": "fast",
              "pass": true,
              "fail": false,
              "pending": false,
              "context": null,
              "code": "cy.contains('Fees total: $1,350.00');",
              "err": {},
              "uuid": "684a7c88-8a07-4e7f-a07c-f2b4f6671554",
              "parentUUID": "3eea67e8-ef8d-4911-acdb-37f830a82e03",
              "isHook": false,
              "skipped": false
            },
            {
              "title": "I can upload invoice file",
              "fullTitle": "Cadet Student Applies for Nursing CPR I can upload invoice file",
              "timedOut": null,
              "duration": 1032,
              "state": "passed",
              "speed": "fast",
              "pass": true,
              "fail": false,
              "pending": false,
              "context": null,
              "code": "cy.wait(500);\nconst fixtureFile = 'CPRSupportingDoc.pdf';\ncy.get('input[type=\"file\"]').attachFile(fixtureFile);\ncy.wait(500);\ncy.contains('Attached Invoice');",
              "err": {},
              "uuid": "572c827a-3d6f-4078-b806-edf5ad706884",
              "parentUUID": "3eea67e8-ef8d-4911-acdb-37f830a82e03",
              "isHook": false,
              "skipped": false
            },
            {
              "title": "I can submit all three nursing fees",
              "fullTitle": "Cadet Student Applies for Nursing CPR I can submit all three nursing fees",
              "timedOut": null,
              "duration": 6244,
              "state": "passed",
              "speed": "medium",
              "pass": true,
              "fail": false,
              "pending": false,
              "context": null,
              "code": "cy.contains('button', ' Submit ').click();\ncy.wait(3000);\ncy.contains('Congratulations your Cadet Payment Request has been submitted and is awaiting approval');\ncy.contains('button', ' FINISHED ').click();\ncy.wait(3000);",
              "err": {},
              "uuid": "d650a64a-46d1-412d-ba96-b79335be3c19",
              "parentUUID": "3eea67e8-ef8d-4911-acdb-37f830a82e03",
              "isHook": false,
              "skipped": false
            },
            {
              "title": "I see my pending nursing fee requests",
              "fullTitle": "Cadet Student Applies for Nursing CPR I see my pending nursing fee requests",
              "timedOut": null,
              "duration": 3789,
              "state": "passed",
              "speed": "fast",
              "pass": true,
              "fail": false,
              "pending": false,
              "context": null,
              "code": "cy.visit('/funding-request/all');\ncy.contains('Cadet Payment Requests').click();\ncy.wait(2000);\ncy.contains('650');\ncy.contains('200');\ncy.contains('500');\ncy.contains(' Pending Cadre Review ');",
              "err": {},
              "uuid": "d81e16c2-a5b6-44cb-895a-99d5758b8153",
              "parentUUID": "3eea67e8-ef8d-4911-acdb-37f830a82e03",
              "isHook": false,
              "skipped": false
            },
            {
              "title": "Can Approve CPR via API",
              "fullTitle": "Cadet Student Applies for Nursing CPR Can Approve CPR via API",
              "timedOut": null,
              "duration": 900,
              "state": "passed",
              "speed": "fast",
              "pass": true,
              "fail": false,
              "pending": false,
              "context": null,
              "code": "cy.retrieveToken();\ncy.getFundingRequest('2015').then((response) => {\n    const fundingRequestID = response.body[0].id;\n    cy.PostFundingRequestStatus('2015', fundingRequestID, '35');\n});",
              "err": {},
              "uuid": "3c05770d-c994-4e64-8549-bb662e63ea99",
              "parentUUID": "3eea67e8-ef8d-4911-acdb-37f830a82e03",
              "isHook": false,
              "skipped": false
            },
            {
              "title": "Can Validate that the CPR is approved by cadre",
              "fullTitle": "Cadet Student Applies for Nursing CPR Can Validate that the CPR is approved by cadre",
              "timedOut": null,
              "duration": 3511,
              "state": "passed",
              "speed": "fast",
              "pass": true,
              "fail": false,
              "pending": false,
              "context": null,
              "code": "cy.visit('/funding-request/all').wait(2000);\ncy.get('app-funding-request-item').first().contains(' Cadre Concurs / Pending PMS or XO Review ');",
              "err": {},
              "uuid": "69009552-5e81-4f51-b3bf-5ea234cab37c",
              "parentUUID": "3eea67e8-ef8d-4911-acdb-37f830a82e03",
              "isHook": false,
              "skipped": false
            },
            {
              "title": "Can Approve CPR via API",
              "fullTitle": "Cadet Student Applies for Nursing CPR Can Approve CPR via API",
              "timedOut": null,
              "duration": 726,
              "state": "passed",
              "speed": "fast",
              "pass": true,
              "fail": false,
              "pending": false,
              "context": null,
              "code": "cy.retrieveToken();\ncy.getFundingRequest('2015').then((response) => {\n    const fundingRequestID = response.body[0].id;\n    cy.PostFundingRequestStatus('2015', fundingRequestID, '46');\n});",
              "err": {},
              "uuid": "dfaf8a3a-1836-47fd-967b-34c775615579",
              "parentUUID": "3eea67e8-ef8d-4911-acdb-37f830a82e03",
              "isHook": false,
              "skipped": false
            },
            {
              "title": "Can Validate that the PMS/XO approved",
              "fullTitle": "Cadet Student Applies for Nursing CPR Can Validate that the PMS/XO approved",
              "timedOut": null,
              "duration": 3125,
              "state": "passed",
              "speed": "fast",
              "pass": true,
              "fail": false,
              "pending": false,
              "context": null,
              "code": "cy.visit('/funding-request/all').wait(2000);\ncy.get('app-funding-request-item').first().contains(' PMS or XO Concurs / Pending G8 Preapprover ');",
              "err": {},
              "uuid": "12776fd1-356b-49a2-9e9b-ca8e230c6dfd",
              "parentUUID": "3eea67e8-ef8d-4911-acdb-37f830a82e03",
              "isHook": false,
              "skipped": false
            },
            {
              "title": "Can G8 PreApprover approve CPR via API",
              "fullTitle": "Cadet Student Applies for Nursing CPR Can G8 PreApprover approve CPR via API",
              "timedOut": null,
              "duration": 583,
              "state": "passed",
              "speed": "fast",
              "pass": true,
              "fail": false,
              "pending": false,
              "context": null,
              "code": "cy.retrieveToken();\ncy.getFundingRequest('2015').then((response) => {\n    const fundingRequestID = response.body[0].id;\n    cy.PostFundingRequestStatus('2015', fundingRequestID, '38');\n});",
              "err": {},
              "uuid": "8ea36f22-bef2-4cf3-82f4-4ddb19720d86",
              "parentUUID": "3eea67e8-ef8d-4911-acdb-37f830a82e03",
              "isHook": false,
              "skipped": false
            },
            {
              "title": "Can Validate that the CPR is G8 PREAPPROVER REVIEWED",
              "fullTitle": "Cadet Student Applies for Nursing CPR Can Validate that the CPR is G8 PREAPPROVER REVIEWED",
              "timedOut": null,
              "duration": 2504,
              "state": "passed",
              "speed": "fast",
              "pass": true,
              "fail": false,
              "pending": false,
              "context": null,
              "code": "cy.visit('/funding-request/all').wait(2000);\ncy.get('app-funding-request-item').first().contains(' G8 Preapprover Concurs / Pending G8 Approver ');",
              "err": {},
              "uuid": "dd9704f1-4ebe-4f16-bfd6-6e5cb81a15f0",
              "parentUUID": "3eea67e8-ef8d-4911-acdb-37f830a82e03",
              "isHook": false,
              "skipped": false
            },
            {
              "title": "G8 Disapproves CPR",
              "fullTitle": "Cadet Student Applies for Nursing CPR G8 Disapproves CPR",
              "timedOut": null,
              "duration": 908,
              "state": "passed",
              "speed": "fast",
              "pass": true,
              "fail": false,
              "pending": false,
              "context": null,
              "code": "cy.impersonateToken('1768');\ncy.getFundingRequest('2015').then((response) => {\n    const fundingRequestID = response.body[0].id;\n    cy.PostFundingRequestStatus('2015', fundingRequestID, '49');\n});",
              "err": {},
              "uuid": "b8e559ac-e7e2-4b26-8b40-9c047b3c4d84",
              "parentUUID": "3eea67e8-ef8d-4911-acdb-37f830a82e03",
              "isHook": false,
              "skipped": false
            }
          ],
          "suites": [],
          "passes": [
            "b0636294-468b-43c6-9d93-2549809de399",
            "ab164512-77dd-47da-8e8b-1989da3d4c67",
            "abc78ef7-1d09-4d05-8798-75611e1d552d",
            "1d2d8ad3-8d44-48ce-90bc-429b817d3cf7",
            "b52477c5-6d6d-4a4f-82b0-ad0f425e61d6",
            "2b35dd90-4408-4b86-b9c4-45a300cd5dbb",
            "8afb6522-be0d-4386-ab89-e063292a53f0",
            "e0781d79-0766-4c8f-963f-6411bafc94b3",
            "684a7c88-8a07-4e7f-a07c-f2b4f6671554",
            "572c827a-3d6f-4078-b806-edf5ad706884",
            "d650a64a-46d1-412d-ba96-b79335be3c19",
            "d81e16c2-a5b6-44cb-895a-99d5758b8153",
            "3c05770d-c994-4e64-8549-bb662e63ea99",
            "69009552-5e81-4f51-b3bf-5ea234cab37c",
            "dfaf8a3a-1836-47fd-967b-34c775615579",
            "12776fd1-356b-49a2-9e9b-ca8e230c6dfd",
            "8ea36f22-bef2-4cf3-82f4-4ddb19720d86",
            "dd9704f1-4ebe-4f16-bfd6-6e5cb81a15f0",
            "b8e559ac-e7e2-4b26-8b40-9c047b3c4d84"
          ],
          "failures": [],
          "pending": [],
          "skipped": [],
          "duration": 62302,
          "root": false,
          "rootEmpty": false,
          "_timeout": 2000
        }
      ],
      "passes": [],
      "failures": [],
      "pending": [],
      "skipped": [],
      "duration": 0,
      "root": true,
      "rootEmpty": true,
      "_timeout": 2000
    }
  ],
  "meta": {
    "mocha": {
      "version": "7.0.1"
    },
    "mochawesome": {
      "options": {
        "quiet": false,
        "reportFilename": "mochawesome",
        "saveHtml": false,
        "saveJson": true,
        "consoleReporter": "spec",
        "useInlineDiffs": false,
        "code": true
      },
      "version": "7.1.3"
    },
    "marge": {
      "options": {
        "reportDir": "cypress/reports/mocha",
        "overwrite": false,
        "html": false,
        "json": true
      },
      "version": "6.2.0"
    }
  }
}