{
  "stats": {
    "suites": 1,
    "tests": 1,
    "passes": 1,
    "pending": 0,
    "failures": 0,
    "start": "2024-06-12T12:56:20.397Z",
    "end": "2024-06-12T12:56:26.307Z",
    "duration": 5910,
    "testsRegistered": 1,
    "passPercent": 100,
    "pendingPercent": 0,
    "other": 0,
    "hasOther": false,
    "skipped": 0,
    "hasSkipped": false
  },
  "results": [
    {
      "uuid": "cfdd9d34-9f66-4323-97a0-165c16d1b508",
      "title": "",
      "fullFile": "cypress\\e2e\\_CIVFunding\\General\\civ-login-test.cy.ts",
      "file": "cypress\\e2e\\_CIVFunding\\General\\civ-login-test.cy.ts",
      "beforeHooks": [],
      "afterHooks": [],
      "tests": [],
      "suites": [
        {
          "uuid": "974db93c-c330-4f21-85ea-869bf21c4853",
          "title": "Civilian Student can login and see Dashboard",
          "fullFile": "",
          "file": "",
          "beforeHooks": [],
          "afterHooks": [],
          "tests": [
            {
              "title": "I can access site",
              "fullTitle": "Civilian Student can login and see Dashboard I can access site",
              "timedOut": null,
              "duration": 5875,
              "state": "passed",
              "speed": "medium",
              "pass": true,
              "fail": false,
              "pending": false,
              "context": null,
              "code": "cy.login('Andrew', 'Civ01');",
              "err": {},
              "uuid": "5f829f87-cbed-4147-a837-98ff58de947f",
              "parentUUID": "974db93c-c330-4f21-85ea-869bf21c4853",
              "isHook": false,
              "skipped": false
            }
          ],
          "suites": [],
          "passes": [
            "5f829f87-cbed-4147-a837-98ff58de947f"
          ],
          "failures": [],
          "pending": [],
          "skipped": [],
          "duration": 5875,
          "root": false,
          "rootEmpty": false,
          "_timeout": 2000
        }
      ],
      "passes": [],
      "failures": [],
      "pending": [],
      "skipped": [],
      "duration": 0,
      "root": true,
      "rootEmpty": true,
      "_timeout": 2000
    }
  ],
  "meta": {
    "mocha": {
      "version": "7.0.1"
    },
    "mochawesome": {
      "options": {
        "quiet": false,
        "reportFilename": "mochawesome",
        "saveHtml": false,
        "saveJson": true,
        "consoleReporter": "spec",
        "useInlineDiffs": false,
        "code": true
      },
      "version": "7.1.3"
    },
    "marge": {
      "options": {
        "reportDir": "cypress/reports/mocha",
        "overwrite": false,
        "html": false,
        "json": true
      },
      "version": "6.2.0"
    }
  }
}