{
  "stats": {
    "suites": 1,
    "tests": 10,
    "passes": 10,
    "pending": 0,
    "failures": 0,
    "start": "2024-06-12T12:55:27.149Z",
    "end": "2024-06-12T12:56:18.625Z",
    "duration": 51476,
    "testsRegistered": 10,
    "passPercent": 100,
    "pendingPercent": 0,
    "other": 0,
    "hasOther": false,
    "skipped": 0,
    "hasSkipped": false
  },
  "results": [
    {
      "uuid": "9d3a6a27-7a2c-4910-8132-59a907d42fb5",
      "title": "",
      "fullFile": "cypress\\e2e\\_CIVFunding\\FundingRequest\\ResubmitReturnedSF182.cy.ts",
      "file": "cypress\\e2e\\_CIVFunding\\FundingRequest\\ResubmitReturnedSF182.cy.ts",
      "beforeHooks": [],
      "afterHooks": [],
      "tests": [],
      "suites": [
        {
          "uuid": "17c4ab53-d713-4f7a-a877-1e4c8c824a80",
          "title": "Civilian Resubmits Returned SF182",
          "fullFile": "",
          "file": "",
          "beforeHooks": [],
          "afterHooks": [],
          "tests": [
            {
              "title": "I can log in",
              "fullTitle": "Civilian Resubmits Returned SF182 I can log in",
              "timedOut": null,
              "duration": 7342,
              "state": "passed",
              "speed": "medium",
              "pass": true,
              "fail": false,
              "pending": false,
              "context": null,
              "code": "cy.login('Cypress', 'Civ');\ncy.wait(1500);",
              "err": {},
              "uuid": "618d03a8-52b3-4a19-a5b0-8ff04140f316",
              "parentUUID": "17c4ab53-d713-4f7a-a877-1e4c8c824a80",
              "isHook": false,
              "skipped": false
            },
            {
              "title": "I can navigate to my SF182s",
              "fullTitle": "Civilian Resubmits Returned SF182 I can navigate to my SF182s",
              "timedOut": null,
              "duration": 3180,
              "state": "passed",
              "speed": "fast",
              "pass": true,
              "fail": false,
              "pending": false,
              "context": null,
              "code": "cy.contains('Funding Requests').click();\ncy.wait(1500);\ncy.contains('SF-182\\'s').click();",
              "err": {},
              "uuid": "4cfc31b0-d067-4eca-bd5b-b421ae1a2980",
              "parentUUID": "17c4ab53-d713-4f7a-a877-1e4c8c824a80",
              "isHook": false,
              "skipped": false
            },
            {
              "title": "I can select and edit my returned SF182",
              "fullTitle": "Civilian Resubmits Returned SF182 I can select and edit my returned SF182",
              "timedOut": null,
              "duration": 7819,
              "state": "passed",
              "speed": "medium",
              "pass": true,
              "fail": false,
              "pending": false,
              "context": null,
              "code": "cy.contains('button', ' Edit Training ').first().click();\ncy.wait(1500);",
              "err": {},
              "uuid": "e949e14a-7661-48c5-b782-dddd4ae80081",
              "parentUUID": "17c4ab53-d713-4f7a-a877-1e4c8c824a80",
              "isHook": false,
              "skipped": false
            },
            {
              "title": "I can navigate to Vendor information",
              "fullTitle": "Civilian Resubmits Returned SF182 I can navigate to Vendor information",
              "timedOut": null,
              "duration": 654,
              "state": "passed",
              "speed": "fast",
              "pass": true,
              "fail": false,
              "pending": false,
              "context": null,
              "code": "cy.contains('Next').click();\ncy.wait(500);",
              "err": {},
              "uuid": "0da2809b-5be4-491f-8197-8f845f4cf262",
              "parentUUID": "17c4ab53-d713-4f7a-a877-1e4c8c824a80",
              "isHook": false,
              "skipped": false
            },
            {
              "title": "can verify vendor information error does not appear",
              "fullTitle": "Civilian Resubmits Returned SF182 can verify vendor information error does not appear",
              "timedOut": null,
              "duration": 13,
              "state": "passed",
              "speed": "fast",
              "pass": true,
              "fail": false,
              "pending": false,
              "context": null,
              "code": "cy.contains('AI/Vendor Address not entered in AI Portal.').should('not.exist');",
              "err": {},
              "uuid": "70d4c257-c826-4781-90b0-2830cdb30998",
              "parentUUID": "17c4ab53-d713-4f7a-a877-1e4c8c824a80",
              "isHook": false,
              "skipped": false
            },
            {
              "title": "I can move past the vendor selection",
              "fullTitle": "Civilian Resubmits Returned SF182 I can move past the vendor selection",
              "timedOut": null,
              "duration": 848,
              "state": "passed",
              "speed": "fast",
              "pass": true,
              "fail": false,
              "pending": false,
              "context": null,
              "code": "cy.get('#vendor').click();\ncy.wait(500);",
              "err": {},
              "uuid": "b1fca206-ac3e-4565-8963-d3a6d5b1006b",
              "parentUUID": "17c4ab53-d713-4f7a-a877-1e4c8c824a80",
              "isHook": false,
              "skipped": false
            },
            {
              "title": "I can add course details",
              "fullTitle": "Civilian Resubmits Returned SF182 I can add course details",
              "timedOut": null,
              "duration": 26162,
              "state": "passed",
              "speed": "slow",
              "pass": true,
              "fail": false,
              "pending": false,
              "context": null,
              "code": "var startDate = moment__WEBPACK_IMPORTED_MODULE_0__().add(11, 'days').format(\"M/DD/YYYY\");\nvar endDate = moment__WEBPACK_IMPORTED_MODULE_0__().add(90, 'days').format(\"M/DD/YYYY\");\ncy.getInputControl('startDate').click().clear().type(startDate.toString());\ncy.wait(1500);\ncy.getInputControl('dutyHours').click().clear().type('2').wait(1500);\ncy.getInputControl('nonDutyHours').click().clear().type('4').wait(500);\ncy.get('[formcontrolname=civilianTrainingPurposeTypeId]')\n    .click()\n    .wait(500);\ncy.contains(' New Work Assignment ')\n    .click()\n    .wait(500);\ncy.get('[formcontrolname=civilianTrainingTypeId]')\n    .click()\n    .wait(500);\ncy.contains(' Developmental Training Area ')\n    .click()\n    .wait(500);\ncy.get('[formcontrolname=civilianTrainingSubTypeId]')\n    .click()\n    .wait(500);\ncy.contains(' Supervisory Program/First-Line Supervisors ')\n    .click()\n    .wait(500);\ncy.get('[formcontrolname=civilianTrainingDeliveryTypeId]')\n    .click()\n    .wait(500);\ncy.contains(' Technology Based ')\n    .click()\n    .wait(500);\ncy.get('[formcontrolname=civilianTrainingDesignationTypeId]')\n    .click()\n    .wait(500);\ncy.contains(' Continuing Education Credit ')\n    .click()\n    .wait(500);\ncy.get('[formcontrolname=trainingAccreditation]')\n    .contains('No')\n    .click()\n    .wait(500);\ncy.get('[formcontrolname=CSADateType]')\n    .click()\n    .wait(500);\ncy.contains(' No ')\n    .click()\n    .wait(500);\ncy.get('[formcontrolname=civilianTrainingSourceTypeId]')\n    .click()\n    .wait(500);\ncy.contains(' Government External ')\n    .click()\n    .wait(500);\ncy.get('[formcontrolname=skillLearningObjective]')\n    .type(\"vel sapien.\")\n    .wait(500);\ncy.getInputControl('manualCost')\n    .clear()\n    .type(\"2000\")\n    .wait(500);\ncy.getInputControl('bookCost')\n    .clear()\n    .type(\"200\")\n    .wait(1500);\ncy.getInputControl('nonGovernmentCost')\n    .clear()\n    .type(\"10\")\n    .wait(1500);\ncy.getInputControl('travelCost')\n    .clear()\n    .type(\"75\")\n    .wait(1500);\ncy.getInputControl('perDiemCost')\n    .clear()\n    .type(\"50\")\n    .wait(1500);\ncy.getInputControl('endDate').click().clear().type(endDate.toString());",
              "err": {},
              "uuid": "215bc9c5-fc3c-4694-98a3-f4bc950214d4",
              "parentUUID": "17c4ab53-d713-4f7a-a877-1e4c8c824a80",
              "isHook": false,
              "skipped": false
            },
            {
              "title": "I can update CSA Indicator and select a date",
              "fullTitle": "Civilian Resubmits Returned SF182 I can update CSA Indicator and select a date",
              "timedOut": null,
              "duration": 3150,
              "state": "passed",
              "speed": "fast",
              "pass": true,
              "fail": false,
              "pending": false,
              "context": null,
              "code": "cy.get('[formcontrolname=CSADateType]')\n    .click().wait(500);\ncy.contains(' Yes ').click().wait(500);\nvar csaDate = moment__WEBPACK_IMPORTED_MODULE_0__().add(30, 'days').format(\"M/DD/YYYY\");\ncy.getInputControl('CSADate').click().clear().type(csaDate.toString());\ncy.wait(1500);\ncy.get('#courses').click();",
              "err": {},
              "uuid": "4853ad71-e209-4454-b806-9cd6539bfd1d",
              "parentUUID": "17c4ab53-d713-4f7a-a877-1e4c8c824a80",
              "isHook": false,
              "skipped": false
            },
            {
              "title": "Can attach a file",
              "fullTitle": "Civilian Resubmits Returned SF182 Can attach a file",
              "timedOut": null,
              "duration": 2026,
              "state": "passed",
              "speed": "fast",
              "pass": true,
              "fail": false,
              "pending": false,
              "context": null,
              "code": "const fixtureFile = 'SF182SupportingDoc.pdf';\ncy.get('input[type=\"file\"]').attachFile(fixtureFile).wait(2000);",
              "err": {},
              "uuid": "02e65876-2403-4d0c-a23f-99bcf1323776",
              "parentUUID": "17c4ab53-d713-4f7a-a877-1e4c8c824a80",
              "isHook": false,
              "skipped": false
            },
            {
              "title": "I can submit the SF-182",
              "fullTitle": "Civilian Resubmits Returned SF182 I can submit the SF-182",
              "timedOut": null,
              "duration": 105,
              "state": "passed",
              "speed": "fast",
              "pass": true,
              "fail": false,
              "pending": false,
              "context": null,
              "code": "cy.get('button').contains(' Submit ').click();",
              "err": {},
              "uuid": "056e97f1-4050-4166-b93d-d255a8373490",
              "parentUUID": "17c4ab53-d713-4f7a-a877-1e4c8c824a80",
              "isHook": false,
              "skipped": false
            }
          ],
          "suites": [],
          "passes": [
            "618d03a8-52b3-4a19-a5b0-8ff04140f316",
            "4cfc31b0-d067-4eca-bd5b-b421ae1a2980",
            "e949e14a-7661-48c5-b782-dddd4ae80081",
            "0da2809b-5be4-491f-8197-8f845f4cf262",
            "70d4c257-c826-4781-90b0-2830cdb30998",
            "b1fca206-ac3e-4565-8963-d3a6d5b1006b",
            "215bc9c5-fc3c-4694-98a3-f4bc950214d4",
            "4853ad71-e209-4454-b806-9cd6539bfd1d",
            "02e65876-2403-4d0c-a23f-99bcf1323776",
            "056e97f1-4050-4166-b93d-d255a8373490"
          ],
          "failures": [],
          "pending": [],
          "skipped": [],
          "duration": 51299,
          "root": false,
          "rootEmpty": false,
          "_timeout": 2000
        }
      ],
      "passes": [],
      "failures": [],
      "pending": [],
      "skipped": [],
      "duration": 0,
      "root": true,
      "rootEmpty": true,
      "_timeout": 2000
    }
  ],
  "meta": {
    "mocha": {
      "version": "7.0.1"
    },
    "mochawesome": {
      "options": {
        "quiet": false,
        "reportFilename": "mochawesome",
        "saveHtml": false,
        "saveJson": true,
        "consoleReporter": "spec",
        "useInlineDiffs": false,
        "code": true
      },
      "version": "7.1.3"
    },
    "marge": {
      "options": {
        "reportDir": "cypress/reports/mocha",
        "overwrite": false,
        "html": false,
        "json": true
      },
      "version": "6.2.0"
    }
  }
}