{
  "stats": {
    "suites": 1,
    "tests": 3,
    "passes": 3,
    "pending": 0,
    "failures": 0,
    "start": "2024-06-12T13:03:16.609Z",
    "end": "2024-06-12T13:03:28.310Z",
    "duration": 11701,
    "testsRegistered": 3,
    "passPercent": 100,
    "pendingPercent": 0,
    "other": 0,
    "hasOther": false,
    "skipped": 0,
    "hasSkipped": false
  },
  "results": [
    {
      "uuid": "42d06120-a1bd-45bf-9378-9c43ee7d779d",
      "title": "",
      "fullFile": "cypress\\e2e\\_TAFunding\\General\\Messages\\send-message.cy.ts",
      "file": "cypress\\e2e\\_TAFunding\\General\\Messages\\send-message.cy.ts",
      "beforeHooks": [],
      "afterHooks": [],
      "tests": [],
      "suites": [
        {
          "uuid": "9c48c5a1-8f72-4a73-adf7-0f146c4b8fb0",
          "title": "Student creates and sends message",
          "fullFile": "",
          "file": "",
          "beforeHooks": [],
          "afterHooks": [],
          "tests": [
            {
              "title": "I can view messages",
              "fullTitle": "Student creates and sends message I can view messages",
              "timedOut": null,
              "duration": 10102,
              "state": "passed",
              "speed": "slow",
              "pass": true,
              "fail": false,
              "pending": false,
              "context": null,
              "code": "cy.login('Cypress', 'Student');\ncy.wait(2000);\ncy.contains('Messages').click();\ncy.wait(2000);",
              "err": {},
              "uuid": "e9746e1a-ce3e-4d60-a4cd-3e641f102636",
              "parentUUID": "9c48c5a1-8f72-4a73-adf7-0f146c4b8fb0",
              "isHook": false,
              "skipped": false
            },
            {
              "title": "I can edit message",
              "fullTitle": "Student creates and sends message I can edit message",
              "timedOut": null,
              "duration": 1435,
              "state": "passed",
              "speed": "fast",
              "pass": true,
              "fail": false,
              "pending": false,
              "context": null,
              "code": "cy.contains('Create Message').click();\n// category\ncy.get('mat-select[formcontrolname=\"messageThreadSubCategory\"]').click();\ncy.get('mat-option').contains('Credentialing Assistance').click();\n// subject\ncy.get('input[formcontrolname=subject]').click().type('Test');\n// message\ncy.get('body').click(90, 451);\ncy.get('.k-iframe').then(($iframe) => {\n    const $body = $iframe.contents().find('body');\n    cy.wrap($body)\n        .find('.ProseMirror')\n        .type('Test message regarding credentials');\n});",
              "err": {},
              "uuid": "ffe358f6-1bb1-447c-b5bb-41cf4cee7f84",
              "parentUUID": "9c48c5a1-8f72-4a73-adf7-0f146c4b8fb0",
              "isHook": false,
              "skipped": false
            },
            {
              "title": "I can send message",
              "fullTitle": "Student creates and sends message I can send message",
              "timedOut": null,
              "duration": 100,
              "state": "passed",
              "speed": "fast",
              "pass": true,
              "fail": false,
              "pending": false,
              "context": null,
              "code": "cy.contains('Send').click();",
              "err": {},
              "uuid": "3b2f795f-eaeb-4272-a7c0-431a24e3508d",
              "parentUUID": "9c48c5a1-8f72-4a73-adf7-0f146c4b8fb0",
              "isHook": false,
              "skipped": false
            }
          ],
          "suites": [],
          "passes": [
            "e9746e1a-ce3e-4d60-a4cd-3e641f102636",
            "ffe358f6-1bb1-447c-b5bb-41cf4cee7f84",
            "3b2f795f-eaeb-4272-a7c0-431a24e3508d"
          ],
          "failures": [],
          "pending": [],
          "skipped": [],
          "duration": 11637,
          "root": false,
          "rootEmpty": false,
          "_timeout": 2000
        }
      ],
      "passes": [],
      "failures": [],
      "pending": [],
      "skipped": [],
      "duration": 0,
      "root": true,
      "rootEmpty": true,
      "_timeout": 2000
    }
  ],
  "meta": {
    "mocha": {
      "version": "7.0.1"
    },
    "mochawesome": {
      "options": {
        "quiet": false,
        "reportFilename": "mochawesome",
        "saveHtml": false,
        "saveJson": true,
        "consoleReporter": "spec",
        "useInlineDiffs": false,
        "code": true
      },
      "version": "7.1.3"
    },
    "marge": {
      "options": {
        "reportDir": "cypress/reports/mocha",
        "overwrite": false,
        "html": false,
        "json": true
      },
      "version": "6.2.0"
    }
  }
}