{
  "stats": {
    "suites": 1,
    "tests": 20,
    "passes": 20,
    "pending": 0,
    "failures": 0,
    "start": "2024-04-16T12:35:34.549Z",
    "end": "2024-04-16T12:36:41.965Z",
    "duration": 67416,
    "testsRegistered": 20,
    "passPercent": 100,
    "pendingPercent": 0,
    "other": 0,
    "hasOther": false,
    "skipped": 0,
    "hasSkipped": false
  },
  "results": [
    {
      "uuid": "8cc975af-8b52-4960-9f40-638511032fc5",
      "title": "",
      "fullFile": "cypress\\e2e\\_TAFunding\\EducationGoal\\MastersGoals\\masters-active-army.cy.ts",
      "file": "cypress\\e2e\\_TAFunding\\EducationGoal\\MastersGoals\\masters-active-army.cy.ts",
      "beforeHooks": [],
      "afterHooks": [],
      "tests": [],
      "suites": [
        {
          "uuid": "dd22d594-01e3-4535-bdd2-3855d058db5d",
          "title": "Active Army Student Applies for Masters Ed Goal and Funding",
          "fullFile": "",
          "file": "",
          "beforeHooks": [],
          "afterHooks": [],
          "tests": [
            {
              "title": "I can navigate to Goals page as student",
              "fullTitle": "Active Army Student Applies for Masters Ed Goal and Funding I can navigate to Goals page as student",
              "timedOut": null,
              "duration": 6591,
              "state": "passed",
              "speed": "medium",
              "pass": true,
              "fail": false,
              "pending": false,
              "context": null,
              "code": "cy.login('Cypress', 'Masters-AA');\ncy.wait(500);\ncy.contains('Education Goals').click();",
              "err": {},
              "uuid": "658e91b4-6e2d-4ae4-8e30-177bc50077b5",
              "parentUUID": "dd22d594-01e3-4535-bdd2-3855d058db5d",
              "isHook": false,
              "skipped": false
            },
            {
              "title": "Delete existing Ed Goal if it exists",
              "fullTitle": "Active Army Student Applies for Masters Ed Goal and Funding Delete existing Ed Goal if it exists",
              "timedOut": null,
              "duration": 274,
              "state": "passed",
              "speed": "fast",
              "pass": true,
              "fail": false,
              "pending": false,
              "context": null,
              "code": "cy.retrieveToken();\ncy.GetEducationGoal('326').then((response) => {\n    const goalId = response.body[0].id;\n    cy.DeleteEducationGoal('326', goalId);\n});",
              "err": {},
              "uuid": "39cde568-c323-4d6f-bdb2-7b90e3609fbd",
              "parentUUID": "dd22d594-01e3-4535-bdd2-3855d058db5d",
              "isHook": false,
              "skipped": false
            },
            {
              "title": "I can start creating Education Goal if none exist",
              "fullTitle": "Active Army Student Applies for Masters Ed Goal and Funding I can start creating Education Goal if none exist",
              "timedOut": null,
              "duration": 1528,
              "state": "passed",
              "speed": "fast",
              "pass": true,
              "fail": false,
              "pending": false,
              "context": null,
              "code": "cy.wait(1000);\ncy.contains('Education Goals').click();\ncy.contains('CREATE NEW GOAL').click();\ncy.contains('Masters Degree').click();",
              "err": {},
              "uuid": "216572ee-16fd-49e0-a793-e9eebcee284a",
              "parentUUID": "dd22d594-01e3-4535-bdd2-3855d058db5d",
              "isHook": false,
              "skipped": false
            },
            {
              "title": "I can enter Institution information",
              "fullTitle": "Active Army Student Applies for Masters Ed Goal and Funding I can enter Institution information",
              "timedOut": null,
              "duration": 5257,
              "state": "passed",
              "speed": "medium",
              "pass": true,
              "fail": false,
              "pending": false,
              "context": null,
              "code": "cy.getInputControl('institution').type('AMERICAN MILITARY UNIVERSITY (AMU)').wait(3000).type('{downarrow}{enter}');\ncy.getInputControl('institutionStudentId').type('666312').wait(1000);\ncy.contains('Next').click();",
              "err": {},
              "uuid": "d0a7d144-b64f-42e3-a15f-c33a43fc8ae3",
              "parentUUID": "dd22d594-01e3-4535-bdd2-3855d058db5d",
              "isHook": false,
              "skipped": false
            },
            {
              "title": "I can enter Degree Program information",
              "fullTitle": "Active Army Student Applies for Masters Ed Goal and Funding I can enter Degree Program information",
              "timedOut": null,
              "duration": 2931,
              "state": "passed",
              "speed": "fast",
              "pass": true,
              "fail": false,
              "pending": false,
              "context": null,
              "code": "cy.getInputControl(\"TitleKeyWord\").type('Master of Arts in History{downarrow}{enter}');\ncy.wait(1000);\ncy.get('.row-header').first().click();\ncy.wait(1000);\ncy.get('button').contains('Next').click({ force: true });",
              "err": {},
              "uuid": "d2d0f08d-0492-4b2d-9501-d5c6eafbe79c",
              "parentUUID": "dd22d594-01e3-4535-bdd2-3855d058db5d",
              "isHook": false,
              "skipped": false
            },
            {
              "title": "I can enter Degree Plan File information",
              "fullTitle": "Active Army Student Applies for Masters Ed Goal and Funding I can enter Degree Plan File information",
              "timedOut": null,
              "duration": 102,
              "state": "passed",
              "speed": "fast",
              "pass": true,
              "fail": false,
              "pending": false,
              "context": null,
              "code": "cy.contains('Next').click({ force: true });",
              "err": {},
              "uuid": "f35aed20-abc5-4d32-9f5f-3eb11c0afbd8",
              "parentUUID": "dd22d594-01e3-4535-bdd2-3855d058db5d",
              "isHook": false,
              "skipped": false
            },
            {
              "title": "I can submit Ed Goal",
              "fullTitle": "Active Army Student Applies for Masters Ed Goal and Funding I can submit Ed Goal",
              "timedOut": null,
              "duration": 3433,
              "state": "passed",
              "speed": "fast",
              "pass": true,
              "fail": false,
              "pending": false,
              "context": null,
              "code": "cy.contains('Submit Goal').click();\ncy.get('button').contains('Yes').click();\ncy.wait(3000);",
              "err": {},
              "uuid": "549399e8-00de-46f7-8f10-317ae3416248",
              "parentUUID": "dd22d594-01e3-4535-bdd2-3855d058db5d",
              "isHook": false,
              "skipped": false
            },
            {
              "title": "I recieved message of Ed Goal successfully created",
              "fullTitle": "Active Army Student Applies for Masters Ed Goal and Funding I recieved message of Ed Goal successfully created",
              "timedOut": null,
              "duration": 2950,
              "state": "passed",
              "speed": "fast",
              "pass": true,
              "fail": false,
              "pending": false,
              "context": null,
              "code": "cy.visit('/messaging');\ncy.wait(2000);\ncy.contains('Your education goal has been created');",
              "err": {},
              "uuid": "4e4710ba-91ac-4c6a-82d0-c46e597b5aec",
              "parentUUID": "dd22d594-01e3-4535-bdd2-3855d058db5d",
              "isHook": false,
              "skipped": false
            },
            {
              "title": "Approves ed goal via API",
              "fullTitle": "Active Army Student Applies for Masters Ed Goal and Funding Approves ed goal via API",
              "timedOut": null,
              "duration": 390,
              "state": "passed",
              "speed": "fast",
              "pass": true,
              "fail": false,
              "pending": false,
              "context": null,
              "code": "cy.retrieveToken();\ncy.GetEducationGoal('326').then((response) => {\n    const goalId = response.body[0].id;\n    cy.ApproveEducationGoal('326', goalId);\n});",
              "err": {},
              "uuid": "7683aaf5-3f3d-48bb-b95d-8b43e4079065",
              "parentUUID": "dd22d594-01e3-4535-bdd2-3855d058db5d",
              "isHook": false,
              "skipped": false
            },
            {
              "title": "I recieved message of Ed Goal successfully approved",
              "fullTitle": "Active Army Student Applies for Masters Ed Goal and Funding I recieved message of Ed Goal successfully approved",
              "timedOut": null,
              "duration": 2660,
              "state": "passed",
              "speed": "fast",
              "pass": true,
              "fail": false,
              "pending": false,
              "context": null,
              "code": "cy.visit('/messaging');\ncy.wait(2000);\ncy.contains('Education Goal Approved');",
              "err": {},
              "uuid": "c20ba35d-3db1-420b-83c3-c2bcd52d9b58",
              "parentUUID": "dd22d594-01e3-4535-bdd2-3855d058db5d",
              "isHook": false,
              "skipped": false
            },
            {
              "title": "I can apply for funding",
              "fullTitle": "Active Army Student Applies for Masters Ed Goal and Funding I can apply for funding",
              "timedOut": null,
              "duration": 2225,
              "state": "passed",
              "speed": "fast",
              "pass": true,
              "fail": false,
              "pending": false,
              "context": null,
              "code": "cy.contains('Education Goals').click();\ncy.wait(2000);\ncy.contains('Apply For Funding').click({ force: true });",
              "err": {},
              "uuid": "022b57c1-1156-42c6-9b53-6b96547b54b8",
              "parentUUID": "dd22d594-01e3-4535-bdd2-3855d058db5d",
              "isHook": false,
              "skipped": false
            },
            {
              "title": "I can verify and proceed",
              "fullTitle": "Active Army Student Applies for Masters Ed Goal and Funding I can verify and proceed",
              "timedOut": null,
              "duration": 4124,
              "state": "passed",
              "speed": "fast",
              "pass": true,
              "fail": false,
              "pending": false,
              "context": null,
              "code": "cy.contains('Verify and Proceed').click();\ncy.wait(1000);\ncy.get('[type=\"checkbox\"]').check({ force: true });\ncy.wait(2000);",
              "err": {},
              "uuid": "e1a477bf-e09f-4053-87d4-b8dca2b38084",
              "parentUUID": "dd22d594-01e3-4535-bdd2-3855d058db5d",
              "isHook": false,
              "skipped": false
            },
            {
              "title": "I agree to conditions",
              "fullTitle": "Active Army Student Applies for Masters Ed Goal and Funding I agree to conditions",
              "timedOut": null,
              "duration": 392,
              "state": "passed",
              "speed": "fast",
              "pass": true,
              "fail": false,
              "pending": false,
              "context": null,
              "code": "cy.contains('I Agree, Continue').click();\ncy.get('mat-radio-button input').check('false', { force: true });\ncy.contains('Next').click();",
              "err": {},
              "uuid": "bc94d98d-a509-4e1a-b6b8-21ea85c95cc8",
              "parentUUID": "dd22d594-01e3-4535-bdd2-3855d058db5d",
              "isHook": false,
              "skipped": false
            },
            {
              "title": "I answer deployed location question",
              "fullTitle": "Active Army Student Applies for Masters Ed Goal and Funding I answer deployed location question",
              "timedOut": null,
              "duration": 119,
              "state": "passed",
              "speed": "fast",
              "pass": true,
              "fail": false,
              "pending": false,
              "context": null,
              "code": "cy.get('input[formControlName=campus]').click();",
              "err": {},
              "uuid": "1585c93e-59e4-4d28-911b-6f11aed75826",
              "parentUUID": "dd22d594-01e3-4535-bdd2-3855d058db5d",
              "isHook": false,
              "skipped": false
            },
            {
              "title": "I choose my campus",
              "fullTitle": "Active Army Student Applies for Masters Ed Goal and Funding I choose my campus",
              "timedOut": null,
              "duration": 7934,
              "state": "passed",
              "speed": "medium",
              "pass": true,
              "fail": false,
              "pending": false,
              "context": null,
              "code": "//cy.get('mat-option')\n//.click();\ncy.getInputControl('campus').type('AMERICAN MILITARY UNIVERSITY (AMU)').wait(3000).type('{downarrow}{enter}');\ncy.wait(1000);\n//submit next button \ncy.contains('Next').click({ force: true });\ncy.contains('Next').click({ force: true });\ncy.wait(3000);",
              "err": {},
              "uuid": "ec7f4f4a-b97f-4cd6-9180-2962e99771a7",
              "parentUUID": "dd22d594-01e3-4535-bdd2-3855d058db5d",
              "isHook": false,
              "skipped": false
            },
            {
              "title": "I provide term dates",
              "fullTitle": "Active Army Student Applies for Masters Ed Goal and Funding I provide term dates",
              "timedOut": null,
              "duration": 3276,
              "state": "passed",
              "speed": "fast",
              "pass": true,
              "fail": false,
              "pending": false,
              "context": null,
              "code": "// add term dates though pre-populated options\ncy.get('.termTitle').first().click().wait(1000);\n// get more than 30 days away\n/* var todayDate = moment().add(30,'days').format(\"M/DD/YYYY\");\nvar tomorrowDate = moment().add(32,'days').format(\"M/DD/YYYY\");\n// add course dates\ncy.getInputControl('endDate').type(tomorrowDate);\ncy.getInputControl('startDate').type(todayDate);\ncy.wait(2000); */\n// submit search \ncy.get('button').contains('Next').click({ force: true });\ncy.wait(2000);",
              "err": {},
              "uuid": "549499fe-7600-4699-adaf-c74291690212",
              "parentUUID": "dd22d594-01e3-4535-bdd2-3855d058db5d",
              "isHook": false,
              "skipped": false
            },
            {
              "title": "I choose add course",
              "fullTitle": "Active Army Student Applies for Masters Ed Goal and Funding I choose add course",
              "timedOut": null,
              "duration": 12046,
              "state": "passed",
              "speed": "slow",
              "pass": true,
              "fail": false,
              "pending": false,
              "context": null,
              "code": "cy.contains('Add Course').click();\ncy.wait(3000);\ncy.getInputControl('keyword').type('Graduate').wait(2000);\n// add preloaded course\ncy.get('#addCourseBtn').click();\ncy.wait(2000);\n// add cost per credit\ncy.get('[formcontrolname=creditCost]').contains('$250 - Military TA Graduate').click();\ncy.wait(2000);\n//submit added course\ncy.contains('Add Course').click();\ncy.wait(2000);\n//cy.contains('Submit').click();\n//submit next button\ncy.contains('Submit').click();",
              "err": {},
              "uuid": "9988b984-fb72-49bb-960c-60da462fcf5e",
              "parentUUID": "dd22d594-01e3-4535-bdd2-3855d058db5d",
              "isHook": false,
              "skipped": false
            },
            {
              "title": "I have a new tuition assistance request in my queue",
              "fullTitle": "Active Army Student Applies for Masters Ed Goal and Funding I have a new tuition assistance request in my queue",
              "timedOut": null,
              "duration": 5359,
              "state": "passed",
              "speed": "medium",
              "pass": true,
              "fail": false,
              "pending": false,
              "context": null,
              "code": "cy.contains('Submit').click();\ncy.wait(2000);\ncy.wait(3000);\ncy.get('.returnbutton > .mdc-button__label').click();",
              "err": {},
              "uuid": "61d508de-36ee-4c55-8533-55d8aec1e086",
              "parentUUID": "dd22d594-01e3-4535-bdd2-3855d058db5d",
              "isHook": false,
              "skipped": false
            },
            {
              "title": "I recieved message of TAR successfully created",
              "fullTitle": "Active Army Student Applies for Masters Ed Goal and Funding I recieved message of TAR successfully created",
              "timedOut": null,
              "duration": 3556,
              "state": "passed",
              "speed": "fast",
              "pass": true,
              "fail": false,
              "pending": false,
              "context": null,
              "code": "cy.visit('/messaging');\ncy.wait(2000);\ncy.contains('Army Tuition Assistance Approved');",
              "err": {},
              "uuid": "8233584a-ce50-415a-963d-fff9304f96aa",
              "parentUUID": "dd22d594-01e3-4535-bdd2-3855d058db5d",
              "isHook": false,
              "skipped": false
            },
            {
              "title": "I can delete Funding Request as student",
              "fullTitle": "Active Army Student Applies for Masters Ed Goal and Funding I can delete Funding Request as student",
              "timedOut": null,
              "duration": 1744,
              "state": "passed",
              "speed": "fast",
              "pass": true,
              "fail": false,
              "pending": false,
              "context": null,
              "code": "cy.wait(500);\ncy.contains('Funding Requests').click();\ncy.wait(100);\ncy.contains('Cancel').click();\ncy.get('button').contains('Yes').click();\ncy.screenshot();",
              "err": {},
              "uuid": "48a34cf4-88c1-4789-a7e5-66c36f77f343",
              "parentUUID": "dd22d594-01e3-4535-bdd2-3855d058db5d",
              "isHook": false,
              "skipped": false
            }
          ],
          "suites": [],
          "passes": [
            "658e91b4-6e2d-4ae4-8e30-177bc50077b5",
            "39cde568-c323-4d6f-bdb2-7b90e3609fbd",
            "216572ee-16fd-49e0-a793-e9eebcee284a",
            "d0a7d144-b64f-42e3-a15f-c33a43fc8ae3",
            "d2d0f08d-0492-4b2d-9501-d5c6eafbe79c",
            "f35aed20-abc5-4d32-9f5f-3eb11c0afbd8",
            "549399e8-00de-46f7-8f10-317ae3416248",
            "4e4710ba-91ac-4c6a-82d0-c46e597b5aec",
            "7683aaf5-3f3d-48bb-b95d-8b43e4079065",
            "c20ba35d-3db1-420b-83c3-c2bcd52d9b58",
            "022b57c1-1156-42c6-9b53-6b96547b54b8",
            "e1a477bf-e09f-4053-87d4-b8dca2b38084",
            "bc94d98d-a509-4e1a-b6b8-21ea85c95cc8",
            "1585c93e-59e4-4d28-911b-6f11aed75826",
            "ec7f4f4a-b97f-4cd6-9180-2962e99771a7",
            "549499fe-7600-4699-adaf-c74291690212",
            "9988b984-fb72-49bb-960c-60da462fcf5e",
            "61d508de-36ee-4c55-8533-55d8aec1e086",
            "8233584a-ce50-415a-963d-fff9304f96aa",
            "48a34cf4-88c1-4789-a7e5-66c36f77f343"
          ],
          "failures": [],
          "pending": [],
          "skipped": [],
          "duration": 66891,
          "root": false,
          "rootEmpty": false,
          "_timeout": 2000
        }
      ],
      "passes": [],
      "failures": [],
      "pending": [],
      "skipped": [],
      "duration": 0,
      "root": true,
      "rootEmpty": true,
      "_timeout": 2000
    }
  ],
  "meta": {
    "mocha": {
      "version": "7.0.1"
    },
    "mochawesome": {
      "options": {
        "quiet": false,
        "reportFilename": "mochawesome",
        "saveHtml": false,
        "saveJson": true,
        "consoleReporter": "spec",
        "useInlineDiffs": false,
        "code": true
      },
      "version": "7.1.3"
    },
    "marge": {
      "options": {
        "reportDir": "cypress/reports/mocha",
        "overwrite": false,
        "html": false,
        "json": true
      },
      "version": "6.2.0"
    }
  }
}