{
  "stats": {
    "suites": 1,
    "tests": 2,
    "passes": 2,
    "pending": 0,
    "failures": 0,
    "start": "2024-06-12T12:57:39.322Z",
    "end": "2024-06-12T12:57:45.375Z",
    "duration": 6053,
    "testsRegistered": 2,
    "passPercent": 100,
    "pendingPercent": 0,
    "other": 0,
    "hasOther": false,
    "skipped": 0,
    "hasSkipped": false
  },
  "results": [
    {
      "uuid": "1d48553b-6fee-4cae-b3f3-0442adc1b6ae",
      "title": "",
      "fullFile": "cypress\\e2e\\_TAFunding\\General\\login-test.cy.ts",
      "file": "cypress\\e2e\\_TAFunding\\General\\login-test.cy.ts",
      "beforeHooks": [],
      "afterHooks": [],
      "tests": [],
      "suites": [
        {
          "uuid": "de3ac26f-cbbe-4d0e-b6bc-8dedfde300be",
          "title": "Student can login and see Dashboard",
          "fullFile": "",
          "file": "",
          "beforeHooks": [],
          "afterHooks": [],
          "tests": [
            {
              "title": "I can access site",
              "fullTitle": "Student can login and see Dashboard I can access site",
              "timedOut": null,
              "duration": 6008,
              "state": "passed",
              "speed": "medium",
              "pass": true,
              "fail": false,
              "pending": false,
              "context": null,
              "code": "let loginUrl = 'https://dev.bamtech.net/student/account/login-openid#id_token=eyJraWQiOiJhOWZhNzI0NDBhYmEwYjNkOTE2MzZlNzAwZGUwMjQ2MzlhZjk1ZjRmODZhYjEzZjQ3YWM5NWE3NDRjY2IzN2I4IiwiYWxnIjoiUlMyNTYifQ.eyJpc3MiOiJodHRwczovL2ZlZGVyYXRpb24uZWFtcy5hcm15Lm1pbC9vaWRjL3d3dy5hcm15aWduaXRlZC5hcm15Lm1pbCIsImVkaXBpIjoiMTQ1OTMwMDk0MSIsIm1haWwiOiJrdXJ0LmRvd3N3ZWxsLjEuY3RyQHVzLmFmLm1pbCIsImdpdmVubmFtZSI6Ikt1cnQiLCJzdWIiOiJrdXJ0LnIuZG93c3dlbGwuY3RyIiwiYXVkIjoid3d3LmFybXlpZ25pdGVkLmFybXkubWlsIiwiZXhwIjoxNjY3OTUxMzU0LCJpYXQiOjE2Njc5MzY5NTQsIm5vbmNlIjpudWxsfQ.KHMct1k0ZBrYm7ERbcz5FIaqV6LLfDImCmrhTcQBE7FZD-8dJTkwnAWTHrd8_gKHkiMzKyXjWja-ZBnsGOvDm2SAOho4wnJS2LB0io5SNuVXY8FeAv6UORKZFWCR2zdZxdSWpuRkuq_ARQNGVsZMwhlhrI5fsJyT1ukQl5izfsgWJJAsyE0eWsTt_ZRreUVI4qYVo9qEf3oW6uTfNw9CRY1jYTCn0ZZnRpVfNVdg63t_xl7DOoIg-oLdEF9x-PunMUq8EJ23IKTAlP_or8GEQae_zXh1u5IdM2HBzTttROpY9Zvsbj1D-4xmKRWHU5h4Tp0dnl6ORxYFIAqmqmHcsQ';\ncy.visit(loginUrl);\ncy.wait(4000);",
              "err": {},
              "uuid": "7fd7103d-bd22-4ed1-8814-7a3f51ade605",
              "parentUUID": "de3ac26f-cbbe-4d0e-b6bc-8dedfde300be",
              "isHook": false,
              "skipped": false
            },
            {
              "title": "I can see Dashboard",
              "fullTitle": "Student can login and see Dashboard I can see Dashboard",
              "timedOut": null,
              "duration": 28,
              "state": "passed",
              "speed": "fast",
              "pass": true,
              "fail": false,
              "pending": false,
              "context": null,
              "code": "cy.contains('Dashboard');",
              "err": {},
              "uuid": "d20e0a1d-0cff-4e9a-8fec-f62c74171e41",
              "parentUUID": "de3ac26f-cbbe-4d0e-b6bc-8dedfde300be",
              "isHook": false,
              "skipped": false
            }
          ],
          "suites": [],
          "passes": [
            "7fd7103d-bd22-4ed1-8814-7a3f51ade605",
            "d20e0a1d-0cff-4e9a-8fec-f62c74171e41"
          ],
          "failures": [],
          "pending": [],
          "skipped": [],
          "duration": 6036,
          "root": false,
          "rootEmpty": false,
          "_timeout": 2000
        }
      ],
      "passes": [],
      "failures": [],
      "pending": [],
      "skipped": [],
      "duration": 0,
      "root": true,
      "rootEmpty": true,
      "_timeout": 2000
    }
  ],
  "meta": {
    "mocha": {
      "version": "7.0.1"
    },
    "mochawesome": {
      "options": {
        "quiet": false,
        "reportFilename": "mochawesome",
        "saveHtml": false,
        "saveJson": true,
        "consoleReporter": "spec",
        "useInlineDiffs": false,
        "code": true
      },
      "version": "7.1.3"
    },
    "marge": {
      "options": {
        "reportDir": "cypress/reports/mocha",
        "overwrite": false,
        "html": false,
        "json": true
      },
      "version": "6.2.0"
    }
  }
}