{
  "stats": {
    "suites": 1,
    "tests": 7,
    "passes": 7,
    "pending": 0,
    "failures": 0,
    "start": "2024-06-12T12:53:06.861Z",
    "end": "2024-06-12T12:54:15.070Z",
    "duration": 68209,
    "testsRegistered": 7,
    "passPercent": 100,
    "pendingPercent": 0,
    "other": 0,
    "hasOther": false,
    "skipped": 0,
    "hasSkipped": false
  },
  "results": [
    {
      "uuid": "4c56300d-0ccb-4be8-9a31-fbf338dc3425",
      "title": "",
      "fullFile": "cypress\\e2e\\_CadetFunding\\CadetPaymentRequest\\cadetTuitionFeesCPR.cy.ts",
      "file": "cypress\\e2e\\_CadetFunding\\CadetPaymentRequest\\cadetTuitionFeesCPR.cy.ts",
      "beforeHooks": [],
      "afterHooks": [],
      "tests": [],
      "suites": [
        {
          "uuid": "63256e67-e796-405a-9517-0cc928b3cad3",
          "title": "create CPR",
          "fullFile": "",
          "file": "",
          "beforeHooks": [],
          "afterHooks": [],
          "tests": [
            {
              "title": "I can log in, cancel old goals",
              "fullTitle": "create CPR I can log in, cancel old goals",
              "timedOut": null,
              "duration": 11808,
              "state": "passed",
              "speed": "slow",
              "pass": true,
              "fail": false,
              "pending": false,
              "context": null,
              "code": "cy.login('Cypress', 'Cadet-Buck');\ncy.wait(2000);\ncy.visit('/funding-request/all').wait(2000);\ncy.contains('button', ' Cancel ').click();\ncy.contains('button', 'Yes').click().wait(1000);",
              "err": {},
              "uuid": "b0fd045f-dc2f-4a21-b54b-6537c1079ca3",
              "parentUUID": "63256e67-e796-405a-9517-0cc928b3cad3",
              "isHook": false,
              "skipped": false
            },
            {
              "title": "I can start the Tuition and Fees process",
              "fullTitle": "create CPR I can start the Tuition and Fees process",
              "timedOut": null,
              "duration": 11376,
              "state": "passed",
              "speed": "slow",
              "pass": true,
              "fail": false,
              "pending": false,
              "context": null,
              "code": "cy.visit('/funding-request/create/cadet-scholarship').wait(2000);\ncy.contains('mat-card', ' Cadet Tuition & Fees ').click().wait(2000);\ncy.contains('button', ' Next ').click().wait(1000);\ncy.contains('button', ' Next ').click().wait(1000);\ncy.get('.mdc-checkbox').eq(0).click().wait(2000);\ncy.getInputControl('campus').type('{downarrow}{enter}');\ncy.get('#cdk-step-content-1-0 > .mat-vertical-content > .mat-stepper-next').click().wait(2000);",
              "err": {},
              "uuid": "2210d959-2c5e-4028-86b2-84276f0c36f1",
              "parentUUID": "63256e67-e796-405a-9517-0cc928b3cad3",
              "isHook": false,
              "skipped": false
            },
            {
              "title": "Can select term",
              "fullTitle": "create CPR Can select term",
              "timedOut": null,
              "duration": 6319,
              "state": "passed",
              "speed": "medium",
              "pass": true,
              "fail": false,
              "pending": false,
              "context": null,
              "code": "cy.get('.termTitle').eq(0).click().wait(2000);\ncy.get('#cdk-step-content-1-1 > .mat-vertical-content > .mat-stepper-next').click({ force: true }).wait(2000);\ncy.contains('Add Course').click();\ncy.wait(2000);",
              "err": {},
              "uuid": "909caac3-2da9-4b38-bdb8-a2d651eb14c9",
              "parentUUID": "63256e67-e796-405a-9517-0cc928b3cad3",
              "isHook": false,
              "skipped": false
            },
            {
              "title": "can add course",
              "fullTitle": "create CPR can add course",
              "timedOut": null,
              "duration": 7676,
              "state": "passed",
              "speed": "medium",
              "pass": true,
              "fail": false,
              "pending": false,
              "context": null,
              "code": "cy.contains('button', 'Add Course Manually').click();\ncy.getInputControl('code').type('CYPRESS');\ncy.getInputControl('title').type('CYPRESS 9000');\ncy.getMatSelectControl('courseLevelId').click().get('mat-option').contains(' Undergraduate ').click();\ncy.getMatSelectControl('courseLocationId').click().get('mat-option').contains(' DL/Online ').click();\ncy.contains('Number of Credits').type('3').wait(2000);\ncy.getMatSelectControl('courseCreditTypeId').click().get('mat-option').contains(' SH ').click();\ncy.get('[formcontrolname=isMilitaryScience]').click();\ncy.wait(2000);\ncy.contains('Add Course').click();\ncy.wait(2000);",
              "err": {},
              "uuid": "78b9746c-514b-4ed9-8015-3ec7da4dafe9",
              "parentUUID": "63256e67-e796-405a-9517-0cc928b3cad3",
              "isHook": false,
              "skipped": false
            },
            {
              "title": "can add tuition and fees cost, add other fee multiple times",
              "fullTitle": "create CPR can add tuition and fees cost, add other fee multiple times",
              "timedOut": null,
              "duration": 21220,
              "state": "passed",
              "speed": "slow",
              "pass": true,
              "fail": false,
              "pending": false,
              "context": null,
              "code": "cy.getInputControl('tuitionTotal').type('1000').wait(2000);\ncy.get('#cdk-step-label-1-3').click(); //next button\ncy.contains('button', ' Add Fees ').click().wait(1500);\ncy.getInputControl('title').click();\ncy.get('mat-option').contains(' Other ').click();\ncy.getInputControl('cost').type('200').wait(2000);\ncy.get('[formcontrolname=feeDescription]').type('Cypress Test').wait(2000);\ncy.contains('button', 'Add Fee').click().wait(2000);\n//verify it can add second Other fee\ncy.contains('button', ' Add Fees ').click().wait(1000);\ncy.getInputControl('title').click();\ncy.get('mat-option').contains(' Other ').click();\ncy.getInputControl('cost').type('200').wait(2000);\ncy.get('[formcontrolname=feeDescription]').type('Cypress Test').wait(2000);\ncy.contains('button', ' Add Fee ').click().wait(2000);\nconst fixtureFile = 'CPRSupportingDoc.pdf';\ncy.get('input[type=\"file\"]').attachFile(fixtureFile).wait(2000);",
              "err": {},
              "uuid": "a0917a57-fc83-4477-81bf-a848b9ff57f6",
              "parentUUID": "63256e67-e796-405a-9517-0cc928b3cad3",
              "isHook": false,
              "skipped": false
            },
            {
              "title": "Can Skip Affiliate School and submit",
              "fullTitle": "create CPR Can Skip Affiliate School and submit",
              "timedOut": null,
              "duration": 8525,
              "state": "passed",
              "speed": "medium",
              "pass": true,
              "fail": false,
              "pending": false,
              "context": null,
              "code": "cy.contains('Affiliate School').click().wait(2000);\ncy.contains('button', ' Skip ').click().wait(2000);\ncy.contains('button', ' Submit ').click().wait(2000);\ncy.contains('Congratulations your Cadet Payment Request has been submitted and is awaiting approval!').wait(2000);\ncy.contains('button', ' FINISHED ').click();",
              "err": {},
              "uuid": "dcb54743-66cd-48ef-962d-97521dc53306",
              "parentUUID": "63256e67-e796-405a-9517-0cc928b3cad3",
              "isHook": false,
              "skipped": false
            },
            {
              "title": "Cadre Can Approve CPR via API",
              "fullTitle": "create CPR Cadre Can Approve CPR via API",
              "timedOut": null,
              "duration": 1143,
              "state": "passed",
              "speed": "fast",
              "pass": true,
              "fail": false,
              "pending": false,
              "context": null,
              "code": "cy.impersonateToken('3323715');\ncy.getFundingRequest('1945').then((response) => {\n    const fundingRequestID = response.body[0].id;\n    cy.PostFundingRequestStatus('1945', fundingRequestID, '35');\n});",
              "err": {},
              "uuid": "935288e3-a732-4c68-98de-9018501276d8",
              "parentUUID": "63256e67-e796-405a-9517-0cc928b3cad3",
              "isHook": false,
              "skipped": false
            }
          ],
          "suites": [],
          "passes": [
            "b0fd045f-dc2f-4a21-b54b-6537c1079ca3",
            "2210d959-2c5e-4028-86b2-84276f0c36f1",
            "909caac3-2da9-4b38-bdb8-a2d651eb14c9",
            "78b9746c-514b-4ed9-8015-3ec7da4dafe9",
            "a0917a57-fc83-4477-81bf-a848b9ff57f6",
            "dcb54743-66cd-48ef-962d-97521dc53306",
            "935288e3-a732-4c68-98de-9018501276d8"
          ],
          "failures": [],
          "pending": [],
          "skipped": [],
          "duration": 68067,
          "root": false,
          "rootEmpty": false,
          "_timeout": 2000
        }
      ],
      "passes": [],
      "failures": [],
      "pending": [],
      "skipped": [],
      "duration": 0,
      "root": true,
      "rootEmpty": true,
      "_timeout": 2000
    }
  ],
  "meta": {
    "mocha": {
      "version": "7.0.1"
    },
    "mochawesome": {
      "options": {
        "quiet": false,
        "reportFilename": "mochawesome",
        "saveHtml": false,
        "saveJson": true,
        "consoleReporter": "spec",
        "useInlineDiffs": false,
        "code": true
      },
      "version": "7.1.3"
    },
    "marge": {
      "options": {
        "reportDir": "cypress/reports/mocha",
        "overwrite": false,
        "html": false,
        "json": true
      },
      "version": "6.2.0"
    }
  }
}