{
  "stats": {
    "suites": 1,
    "tests": 6,
    "passes": 6,
    "pending": 0,
    "failures": 0,
    "start": "2024-06-12T12:51:30.963Z",
    "end": "2024-06-12T12:52:01.252Z",
    "duration": 30289,
    "testsRegistered": 6,
    "passPercent": 100,
    "pendingPercent": 0,
    "other": 0,
    "hasOther": false,
    "skipped": 0,
    "hasSkipped": false
  },
  "results": [
    {
      "uuid": "98140f77-21cb-4f88-a30e-d7978343f41b",
      "title": "",
      "fullFile": "cypress\\e2e\\messages\\cadet-create.cy.ts",
      "file": "cypress\\e2e\\messages\\cadet-create.cy.ts",
      "beforeHooks": [],
      "afterHooks": [],
      "tests": [],
      "suites": [
        {
          "uuid": "a3d67ddc-62f6-4999-b893-5f2e14e9b68a",
          "title": "Cadet creates and sends message",
          "fullFile": "",
          "file": "",
          "beforeHooks": [],
          "afterHooks": [],
          "tests": [
            {
              "title": "I can log in",
              "fullTitle": "Cadet creates and sends message I can log in",
              "timedOut": null,
              "duration": 10463,
              "state": "passed",
              "speed": "slow",
              "pass": true,
              "fail": false,
              "pending": false,
              "context": null,
              "code": "cy.login('Cypress', 'Cadet-1BDE');\ncy.wait(2000);\ncy.visit('/messaging').wait(2000);",
              "err": {},
              "uuid": "27a9d3ff-26bf-4e92-8e92-7ff7c3b97951",
              "parentUUID": "a3d67ddc-62f6-4999-b893-5f2e14e9b68a",
              "isHook": false,
              "skipped": false
            },
            {
              "title": "I can open Create Message",
              "fullTitle": "Cadet creates and sends message I can open Create Message",
              "timedOut": null,
              "duration": 3344,
              "state": "passed",
              "speed": "fast",
              "pass": true,
              "fail": false,
              "pending": false,
              "context": null,
              "code": "cy.contains('button', 'Create Message').click().wait(1000);\n//category\ncy.get('mat-select[formcontrolname=\"messageThreadSubCategory\"]').click();\ncy.get('mat-option').contains('ROTC Scholarship').click();\n//subject\nconst d = new Date();\ncy.get('input[formcontrolname=subject').click().type('Cadet Test Message: ' + d.toLocaleDateString('en-us'));\n//message\ncy.get('body').click(90, 451);\ncy.get('.k-iframe').then(($iframe) => {\n    const $body = $iframe.contents().find('body');\n    cy.wrap($body)\n        .find('.ProseMirror')\n        .type('Test message for cadet. Should be visible by Cadre at 1BDE.');\n});",
              "err": {},
              "uuid": "f84e0c48-b45d-44a6-9349-fd594a648efb",
              "parentUUID": "a3d67ddc-62f6-4999-b893-5f2e14e9b68a",
              "isHook": false,
              "skipped": false
            },
            {
              "title": "I can send message",
              "fullTitle": "Cadet creates and sends message I can send message",
              "timedOut": null,
              "duration": 2118,
              "state": "passed",
              "speed": "fast",
              "pass": true,
              "fail": false,
              "pending": false,
              "context": null,
              "code": "cy.contains('Send').click();\ncy.wait(2000);",
              "err": {},
              "uuid": "30c25e91-30a1-4a45-ba15-296dca20f1e8",
              "parentUUID": "a3d67ddc-62f6-4999-b893-5f2e14e9b68a",
              "isHook": false,
              "skipped": false
            },
            {
              "title": "Login to Admin Portal",
              "fullTitle": "Cadet creates and sends message Login to Admin Portal",
              "timedOut": null,
              "duration": 7735,
              "state": "passed",
              "speed": "medium",
              "pass": true,
              "fail": false,
              "pending": false,
              "context": null,
              "code": "cy.visit(\"https://dev.bamtech.net/admin/account/impersonate/\");\ncy.wait(2000);\ncy.visit(\"https://dev.bamtech.net/admin/account/impersonate/\");\ncy.wait(2000);\n//cy.wait(5000);\ncy.get('#firstName').type('Cypress');\ncy.get('#lastName').type('Cadre-1BDE');\ncy.wait(1000);\ncy.contains('Cadre-1BDE, Cypress').click();\n// cy.get('#firstName').type('Aaron');\n// cy.get('#lastName').type('Cadre-Ellis 1BDE');\n// cy.wait(1000);\n// cy.contains('Cadre-Ellis 1BDE, Aaron').click();",
              "err": {},
              "uuid": "2866726f-e2dc-42f4-b593-234e83bfdcee",
              "parentUUID": "a3d67ddc-62f6-4999-b893-5f2e14e9b68a",
              "isHook": false,
              "skipped": false
            },
            {
              "title": "I can navigate to General Inbox",
              "fullTitle": "Cadet creates and sends message I can navigate to General Inbox",
              "timedOut": null,
              "duration": 4369,
              "state": "passed",
              "speed": "fast",
              "pass": true,
              "fail": false,
              "pending": false,
              "context": null,
              "code": "cy.contains('Messages').click();\ncy.wait(2000);\ncy.contains('General Inbox').click();\ncy.wait(2000);",
              "err": {},
              "uuid": "6edf2e2d-f3d7-4da9-ae8d-b69f77733f2e",
              "parentUUID": "a3d67ddc-62f6-4999-b893-5f2e14e9b68a",
              "isHook": false,
              "skipped": false
            },
            {
              "title": "I can find the message",
              "fullTitle": "Cadet creates and sends message I can find the message",
              "timedOut": null,
              "duration": 2144,
              "state": "passed",
              "speed": "fast",
              "pass": true,
              "fail": false,
              "pending": false,
              "context": null,
              "code": "const d = new Date();\ncy.contains('datatable-body-row', 'Cadet Test Message: ' + d.toLocaleDateString('en-us')).click();\ncy.wait(2000);\ncy.contains('Test message for cadet. Should be visible by Cadre at 1BDE.');",
              "err": {},
              "uuid": "af23dfb1-665f-4fbc-8b75-1547f793188e",
              "parentUUID": "a3d67ddc-62f6-4999-b893-5f2e14e9b68a",
              "isHook": false,
              "skipped": false
            }
          ],
          "suites": [],
          "passes": [
            "27a9d3ff-26bf-4e92-8e92-7ff7c3b97951",
            "f84e0c48-b45d-44a6-9349-fd594a648efb",
            "30c25e91-30a1-4a45-ba15-296dca20f1e8",
            "2866726f-e2dc-42f4-b593-234e83bfdcee",
            "6edf2e2d-f3d7-4da9-ae8d-b69f77733f2e",
            "af23dfb1-665f-4fbc-8b75-1547f793188e"
          ],
          "failures": [],
          "pending": [],
          "skipped": [],
          "duration": 30173,
          "root": false,
          "rootEmpty": false,
          "_timeout": 2000
        }
      ],
      "passes": [],
      "failures": [],
      "pending": [],
      "skipped": [],
      "duration": 0,
      "root": true,
      "rootEmpty": true,
      "_timeout": 2000
    }
  ],
  "meta": {
    "mocha": {
      "version": "7.0.1"
    },
    "mochawesome": {
      "options": {
        "quiet": false,
        "reportFilename": "mochawesome",
        "saveHtml": false,
        "saveJson": true,
        "consoleReporter": "spec",
        "useInlineDiffs": false,
        "code": true
      },
      "version": "7.1.3"
    },
    "marge": {
      "options": {
        "reportDir": "cypress/reports/mocha",
        "overwrite": false,
        "html": false,
        "json": true
      },
      "version": "6.2.0"
    }
  }
}