{
  "stats": {
    "suites": 1,
    "tests": 19,
    "passes": 19,
    "pending": 0,
    "failures": 0,
    "start": "2024-06-12T12:54:16.976Z",
    "end": "2024-06-12T12:55:25.139Z",
    "duration": 68163,
    "testsRegistered": 19,
    "passPercent": 100,
    "pendingPercent": 0,
    "other": 0,
    "hasOther": false,
    "skipped": 0,
    "hasSkipped": false
  },
  "results": [
    {
      "uuid": "45159269-6c48-4c84-a458-bd378fa73ea7",
      "title": "",
      "fullFile": "cypress\\e2e\\_CIVFunding\\FundingRequest\\civ-sf182-request.cy.ts",
      "file": "cypress\\e2e\\_CIVFunding\\FundingRequest\\civ-sf182-request.cy.ts",
      "beforeHooks": [],
      "afterHooks": [],
      "tests": [],
      "suites": [
        {
          "uuid": "e7d6ca14-9d02-458e-b1f4-568eff228191",
          "title": "Civilian can create SF-182",
          "fullFile": "",
          "file": "",
          "beforeHooks": [],
          "afterHooks": [],
          "tests": [
            {
              "title": "I can access site",
              "fullTitle": "Civilian can create SF-182 I can access site",
              "timedOut": null,
              "duration": 6297,
              "state": "passed",
              "speed": "medium",
              "pass": true,
              "fail": false,
              "pending": false,
              "context": null,
              "code": "cy.login('Cypress', 'Civ');\ncy.wait(500);",
              "err": {},
              "uuid": "53fc8042-e43d-42b2-8019-ae6029e2efc9",
              "parentUUID": "e7d6ca14-9d02-458e-b1f4-568eff228191",
              "isHook": false,
              "skipped": false
            },
            {
              "title": "I can navigate to SF-182",
              "fullTitle": "Civilian can create SF-182 I can navigate to SF-182",
              "timedOut": null,
              "duration": 608,
              "state": "passed",
              "speed": "fast",
              "pass": true,
              "fail": false,
              "pending": false,
              "context": null,
              "code": "cy.contains('Create SF182').click();\ncy.wait(500);",
              "err": {},
              "uuid": "65cfc27d-465b-4740-a2c8-692909af68f5",
              "parentUUID": "e7d6ca14-9d02-458e-b1f4-568eff228191",
              "isHook": false,
              "skipped": false
            },
            {
              "title": "I can proceed to Create SF-182",
              "fullTitle": "Civilian can create SF-182 I can proceed to Create SF-182",
              "timedOut": null,
              "duration": 634,
              "state": "passed",
              "speed": "fast",
              "pass": true,
              "fail": false,
              "pending": false,
              "context": null,
              "code": "cy.contains('Verify and Proceed').click();\ncy.wait(500);",
              "err": {},
              "uuid": "22202b78-53fe-4d98-9ac3-bc62e6b15982",
              "parentUUID": "e7d6ca14-9d02-458e-b1f4-568eff228191",
              "isHook": false,
              "skipped": false
            },
            {
              "title": "I can complete user agreement",
              "fullTitle": "Civilian can create SF-182 I can complete user agreement",
              "timedOut": null,
              "duration": 843,
              "state": "passed",
              "speed": "fast",
              "pass": true,
              "fail": false,
              "pending": false,
              "context": null,
              "code": "cy.get('.mdc-checkbox').eq(0).click();\ncy.get('.mdc-checkbox').eq(1).click();\ncy.get('.mdc-checkbox').eq(2).click();\ncy.get('.mdc-checkbox').eq(3).click();\ncy.get('.mdc-checkbox').eq(4).click();\ncy.get('.mdc-checkbox').eq(5).click();\ncy.get('.mdc-checkbox').eq(6).click();\ncy.get('.mdc-checkbox').eq(7).click();\ncy.contains('button', 'I Agree, Continue').click();",
              "err": {},
              "uuid": "a9711915-e192-4e79-8ffe-6ce0040fb3fd",
              "parentUUID": "e7d6ca14-9d02-458e-b1f4-568eff228191",
              "isHook": false,
              "skipped": false
            },
            {
              "title": "I can select my Position Level",
              "fullTitle": "Civilian can create SF-182 I can select my Position Level",
              "timedOut": null,
              "duration": 1293,
              "state": "passed",
              "speed": "fast",
              "pass": true,
              "fail": false,
              "pending": false,
              "context": null,
              "code": "cy.get('[formcontrolname=civilianTrainingPositionLevelTypeId]')\n    .click()\n    .wait(500);\ncy.contains(' Supervisory ')\n    .click()\n    .wait(500);",
              "err": {},
              "uuid": "da123564-5a78-406b-b0ea-d55f9ac838ce",
              "parentUUID": "e7d6ca14-9d02-458e-b1f4-568eff228191",
              "isHook": false,
              "skipped": false
            },
            {
              "title": "I can select my Career Field",
              "fullTitle": "Civilian can create SF-182 I can select my Career Field",
              "timedOut": null,
              "duration": 1208,
              "state": "passed",
              "speed": "fast",
              "pass": true,
              "fail": false,
              "pending": false,
              "context": null,
              "code": "cy.get('[formcontrolname=civilianCareerFieldGroupId]')\n    .click()\n    .wait(500);\n//cy.contains(' Science, Engineering and Analysis ')\n//cy.contains(' Digital Technology ')\n//cy.contains(' Construction, Engineering and Infrastructure ')\n//cy.contains(' Logistics ')\n// cy.contains(' Installations ')\ncy.contains(' Medical ')\n    // cy.contains(' Security and Intelligence ')\n    // cy.contains(' Human Capital and Resource Mgmt ')\n    // cy.contains(' Education and Information Sciences ')\n    // cy.contains(' Contracting ')\n    // cy.contains(' Professional Services ')\n    //cy.contains(' Talent Development ')\n    // cy.contains(' Operations ')\n    // cy.contains(' Career Fields Dir ')\n    // cy.contains(' Career Management Support ')\n    // cy.contains(' CES Travel ')\n    // cy.contains(' Director, ACCMA ')\n    // cy.contains(' Operations & Plans Dir ')\n    // cy.contains(' R&O ')\n    // cy.contains(' SETM/ETM ')\n    // cy.contains(' Supervisory Talent Management ')\n    // cy.contains(' Talent Acquisition ')\n    // cy.contains(' Talent Assessment & Analysis ')\n    .click()\n    .wait(500);",
              "err": {},
              "uuid": "ed1dd5b7-1e1e-4f76-8e2f-ed571a7b3503",
              "parentUUID": "e7d6ca14-9d02-458e-b1f4-568eff228191",
              "isHook": false,
              "skipped": false
            },
            {
              "title": "I can choose if I need special accommodations",
              "fullTitle": "Civilian can create SF-182 I can choose if I need special accommodations",
              "timedOut": null,
              "duration": 104,
              "state": "passed",
              "speed": "fast",
              "pass": true,
              "fail": false,
              "pending": false,
              "context": null,
              "code": "cy.get('mat-radio-button')\n    .contains('No')\n    .click();",
              "err": {},
              "uuid": "ae40b3aa-a65d-434e-8e09-22d0217b3683",
              "parentUUID": "e7d6ca14-9d02-458e-b1f4-568eff228191",
              "isHook": false,
              "skipped": false
            },
            {
              "title": "I can navigate to Vendor information",
              "fullTitle": "Civilian can create SF-182 I can navigate to Vendor information",
              "timedOut": null,
              "duration": 610,
              "state": "passed",
              "speed": "fast",
              "pass": true,
              "fail": false,
              "pending": false,
              "context": null,
              "code": "cy.contains('Next').click();\ncy.wait(500);",
              "err": {},
              "uuid": "0fb3249c-0a88-40bb-92b2-f535a124777e",
              "parentUUID": "e7d6ca14-9d02-458e-b1f4-568eff228191",
              "isHook": false,
              "skipped": false
            },
            {
              "title": "I can select my Vendor",
              "fullTitle": "Civilian can create SF-182 I can select my Vendor",
              "timedOut": null,
              "duration": 3705,
              "state": "passed",
              "speed": "fast",
              "pass": true,
              "fail": false,
              "pending": false,
              "context": null,
              "code": "cy.getInputControl('vendor').type('AMERICAN MILITARY UNIVERSITY (AMU)').wait(3000).type('{downarrow}{enter}');",
              "err": {},
              "uuid": "2719913f-764a-4425-821e-16153a03a491",
              "parentUUID": "e7d6ca14-9d02-458e-b1f4-568eff228191",
              "isHook": false,
              "skipped": false
            },
            {
              "title": "I can select my Campus",
              "fullTitle": "Civilian can create SF-182 I can select my Campus",
              "timedOut": null,
              "duration": 1190,
              "state": "passed",
              "speed": "fast",
              "pass": true,
              "fail": false,
              "pending": false,
              "context": null,
              "code": "cy.get('input[formControlName=campus]').click();\ncy.get('mat-option')\n    .contains(' AMERICAN MILITARY UNIVERSITY- MAIN CAMPUS ')\n    .click();\ncy.wait(1000);",
              "err": {},
              "uuid": "5edb6f6b-bee9-4f3a-83ee-d8eb2873ed5f",
              "parentUUID": "e7d6ca14-9d02-458e-b1f4-568eff228191",
              "isHook": false,
              "skipped": false
            },
            {
              "title": "I can enter my Email",
              "fullTitle": "Civilian can create SF-182 I can enter my Email",
              "timedOut": null,
              "duration": 312,
              "state": "passed",
              "speed": "fast",
              "pass": true,
              "fail": false,
              "pending": false,
              "context": null,
              "code": "cy.getInputControl('emailAddress')\n    .type('test@test.com');",
              "err": {},
              "uuid": "93593f68-e1d5-4560-bb42-f30f93524008",
              "parentUUID": "e7d6ca14-9d02-458e-b1f4-568eff228191",
              "isHook": false,
              "skipped": false
            },
            {
              "title": "I can enter my POC",
              "fullTitle": "Civilian can create SF-182 I can enter my POC",
              "timedOut": null,
              "duration": 252,
              "state": "passed",
              "speed": "fast",
              "pass": true,
              "fail": false,
              "pending": false,
              "context": null,
              "code": "cy.getInputControl('pointOfContact')\n    .type('Joe Test');",
              "err": {},
              "uuid": "f09ecaca-3a7e-41ab-9360-7cfb1c4d778d",
              "parentUUID": "e7d6ca14-9d02-458e-b1f4-568eff228191",
              "isHook": false,
              "skipped": false
            },
            {
              "title": "I can navigate to Course",
              "fullTitle": "Civilian can create SF-182 I can navigate to Course",
              "timedOut": null,
              "duration": 2609,
              "state": "passed",
              "speed": "fast",
              "pass": true,
              "fail": false,
              "pending": false,
              "context": null,
              "code": "cy.wait(500);\ncy.get('[id=vendor]')\n    .click();\ncy.wait(2000);",
              "err": {},
              "uuid": "1297adc2-467c-44e5-b0ee-d537d8430c39",
              "parentUUID": "e7d6ca14-9d02-458e-b1f4-568eff228191",
              "isHook": false,
              "skipped": false
            },
            {
              "title": "I can add a course",
              "fullTitle": "Civilian can create SF-182 I can add a course",
              "timedOut": null,
              "duration": 2674,
              "state": "passed",
              "speed": "fast",
              "pass": true,
              "fail": false,
              "pending": false,
              "context": null,
              "code": "cy.get('[id=addCourseBtn')\n    .eq(0)\n    .click();\ncy.wait(2500);",
              "err": {},
              "uuid": "e6485d0f-0d08-46c6-b356-4a135dfebdfb",
              "parentUUID": "e7d6ca14-9d02-458e-b1f4-568eff228191",
              "isHook": false,
              "skipped": false
            },
            {
              "title": "I can add course details",
              "fullTitle": "Civilian can create SF-182 I can add course details",
              "timedOut": null,
              "duration": 25931,
              "state": "passed",
              "speed": "slow",
              "pass": true,
              "fail": false,
              "pending": false,
              "context": null,
              "code": "var startDate = moment__WEBPACK_IMPORTED_MODULE_0__().add(10, 'days').format(\"M/DD/YYYY\");\nvar endDate = moment__WEBPACK_IMPORTED_MODULE_0__().add(100, 'days').format(\"M/DD/YYYY\");\ncy.contains('Training Start Date').click().type(startDate.toString());\ncy.wait(1500);\ncy.contains('Training Duty Hours').click().type('3').wait(1500);\ncy.contains('mat-label', 'Training Non-Duty Hours').click().type('3').wait(500);\ncy.get('[formcontrolname=civilianTrainingPurposeTypeId]')\n    .click()\n    .wait(500);\ncy.contains('Program/Mission')\n    .click()\n    .wait(500);\ncy.get('[formcontrolname=civilianTrainingTypeId]')\n    .click()\n    .wait(500);\ncy.contains('Training Program Area')\n    .click()\n    .wait(500);\ncy.get('[formcontrolname=civilianTrainingSubTypeId]')\n    .click()\n    .wait(500);\ncy.contains('Legal')\n    .click()\n    .wait(500);\ncy.get('[formcontrolname=civilianTrainingDeliveryTypeId]')\n    .click()\n    .wait(500);\ncy.contains('On the Job')\n    .click()\n    .wait(500);\ncy.get('[formcontrolname=civilianTrainingDesignationTypeId]')\n    .click()\n    .wait(500);\ncy.contains('Undergraduate Credit')\n    .click()\n    .wait(500);\ncy.get('[formcontrolname=trainingAccreditation]')\n    .contains('No')\n    .click()\n    .wait(500);\ncy.get('[formcontrolname=CSADateType]')\n    .click()\n    .wait(1500);\ncy.contains(' N/A ')\n    .click()\n    .wait(500);\ncy.get('[formcontrolname=civilianTrainingSourceTypeId]')\n    .click()\n    .wait(500);\ncy.contains('Government Internal')\n    .click()\n    .wait(500);\ncy.get('[formcontrolname=skillLearningObjective]')\n    .type(\"vel sapien.\")\n    .wait(500);\ncy.contains('Tuition and Fees')\n    .type(\"1000\")\n    .wait(500);\ncy.contains('Book and Material Costs')\n    .type(\"250\")\n    .wait(1500);\ncy.contains('Non-Government Contribution Cost')\n    .type(\"50\")\n    .wait(1500);\ncy.contains('Travel')\n    .type(\"75\")\n    .wait(1500);\ncy.contains('Per Diem')\n    .type(\"50\")\n    .wait(1500);\ncy.contains('Training End Date').click().type(endDate.toString());",
              "err": {},
              "uuid": "e4cb39d3-129e-4fc3-a05b-4441ebe026f5",
              "parentUUID": "e7d6ca14-9d02-458e-b1f4-568eff228191",
              "isHook": false,
              "skipped": false
            },
            {
              "title": "Can attach a file",
              "fullTitle": "Civilian can create SF-182 Can attach a file",
              "timedOut": null,
              "duration": 2036,
              "state": "passed",
              "speed": "fast",
              "pass": true,
              "fail": false,
              "pending": false,
              "context": null,
              "code": "const fixtureFile = 'SF182SupportingDoc.pdf';\ncy.get('input[type=\"file\"]').attachFile(fixtureFile).wait(2000);",
              "err": {},
              "uuid": "4d58eaaf-9ace-4dbe-873c-2e463d4760e0",
              "parentUUID": "e7d6ca14-9d02-458e-b1f4-568eff228191",
              "isHook": false,
              "skipped": false
            },
            {
              "title": "I can submit the SF-182",
              "fullTitle": "Civilian can create SF-182 I can submit the SF-182",
              "timedOut": null,
              "duration": 4215,
              "state": "passed",
              "speed": "fast",
              "pass": true,
              "fail": false,
              "pending": false,
              "context": null,
              "code": "cy.get('button').contains(' Submit ').click({ force: true }).wait(2000);\ncy.get('button').contains('FINISHED').click({ force: true }).wait(2000);",
              "err": {},
              "uuid": "71d0e70c-2428-4a37-a568-ee08ac5302c4",
              "parentUUID": "e7d6ca14-9d02-458e-b1f4-568eff228191",
              "isHook": false,
              "skipped": false
            },
            {
              "title": "I can view the SF-182",
              "fullTitle": "Civilian can create SF-182 I can view the SF-182",
              "timedOut": null,
              "duration": 10575,
              "state": "passed",
              "speed": "slow",
              "pass": true,
              "fail": false,
              "pending": false,
              "context": null,
              "code": "cy.contains('Funding Requests').click().wait(2000);\ncy.contains(\"SF-182's\").click().wait(2000);\ncy.get('#mat-expansion-panel-header-6 > .mat-expansion-indicator').click().wait(2000);",
              "err": {},
              "uuid": "59d4c68b-0dd3-4b1b-9826-62289683e3aa",
              "parentUUID": "e7d6ca14-9d02-458e-b1f4-568eff228191",
              "isHook": false,
              "skipped": false
            },
            {
              "title": "I can print the SF-182",
              "fullTitle": "Civilian can create SF-182 I can print the SF-182",
              "timedOut": null,
              "duration": 2629,
              "state": "passed",
              "speed": "fast",
              "pass": true,
              "fail": false,
              "pending": false,
              "context": null,
              "code": "cy.get('button').contains('Print PDF').click({ force: true }).wait(2000);",
              "err": {},
              "uuid": "bf39643f-dd18-40ae-a21f-fd7cc7e76504",
              "parentUUID": "e7d6ca14-9d02-458e-b1f4-568eff228191",
              "isHook": false,
              "skipped": false
            }
          ],
          "suites": [],
          "passes": [
            "53fc8042-e43d-42b2-8019-ae6029e2efc9",
            "65cfc27d-465b-4740-a2c8-692909af68f5",
            "22202b78-53fe-4d98-9ac3-bc62e6b15982",
            "a9711915-e192-4e79-8ffe-6ce0040fb3fd",
            "da123564-5a78-406b-b0ea-d55f9ac838ce",
            "ed1dd5b7-1e1e-4f76-8e2f-ed571a7b3503",
            "ae40b3aa-a65d-434e-8e09-22d0217b3683",
            "0fb3249c-0a88-40bb-92b2-f535a124777e",
            "2719913f-764a-4425-821e-16153a03a491",
            "5edb6f6b-bee9-4f3a-83ee-d8eb2873ed5f",
            "93593f68-e1d5-4560-bb42-f30f93524008",
            "f09ecaca-3a7e-41ab-9360-7cfb1c4d778d",
            "1297adc2-467c-44e5-b0ee-d537d8430c39",
            "e6485d0f-0d08-46c6-b356-4a135dfebdfb",
            "e4cb39d3-129e-4fc3-a05b-4441ebe026f5",
            "4d58eaaf-9ace-4dbe-873c-2e463d4760e0",
            "71d0e70c-2428-4a37-a568-ee08ac5302c4",
            "59d4c68b-0dd3-4b1b-9826-62289683e3aa",
            "bf39643f-dd18-40ae-a21f-fd7cc7e76504"
          ],
          "failures": [],
          "pending": [],
          "skipped": [],
          "duration": 67725,
          "root": false,
          "rootEmpty": false,
          "_timeout": 2000
        }
      ],
      "passes": [],
      "failures": [],
      "pending": [],
      "skipped": [],
      "duration": 0,
      "root": true,
      "rootEmpty": true,
      "_timeout": 2000
    }
  ],
  "meta": {
    "mocha": {
      "version": "7.0.1"
    },
    "mochawesome": {
      "options": {
        "quiet": false,
        "reportFilename": "mochawesome",
        "saveHtml": false,
        "saveJson": true,
        "consoleReporter": "spec",
        "useInlineDiffs": false,
        "code": true
      },
      "version": "7.1.3"
    },
    "marge": {
      "options": {
        "reportDir": "cypress/reports/mocha",
        "overwrite": false,
        "html": false,
        "json": true
      },
      "version": "6.2.0"
    }
  }
}