{
  "stats": {
    "suites": 1,
    "tests": 20,
    "passes": 20,
    "pending": 0,
    "failures": 0,
    "start": "2024-04-16T12:33:25.304Z",
    "end": "2024-04-16T12:34:34.030Z",
    "duration": 68726,
    "testsRegistered": 20,
    "passPercent": 100,
    "pendingPercent": 0,
    "other": 0,
    "hasOther": false,
    "skipped": 0,
    "hasSkipped": false
  },
  "results": [
    {
      "uuid": "07d2fe64-dc01-4e44-af6d-12ea5f353bf3",
      "title": "",
      "fullFile": "cypress\\e2e\\_TAFunding\\EducationGoal\\AcademicCertificates\\ac-undergrad.cy.ts",
      "file": "cypress\\e2e\\_TAFunding\\EducationGoal\\AcademicCertificates\\ac-undergrad.cy.ts",
      "beforeHooks": [],
      "afterHooks": [],
      "tests": [],
      "suites": [
        {
          "uuid": "5c8cee96-aef3-4e8f-882f-081a2c503b67",
          "title": "Active Army Student Applies for Undergraduate Academic Certificate and Funding",
          "fullFile": "",
          "file": "",
          "beforeHooks": [],
          "afterHooks": [],
          "tests": [
            {
              "title": "I can navigate to Goals page as student",
              "fullTitle": "Active Army Student Applies for Undergraduate Academic Certificate and Funding I can navigate to Goals page as student",
              "timedOut": null,
              "duration": 9099,
              "state": "passed",
              "speed": "medium",
              "pass": true,
              "fail": false,
              "pending": false,
              "context": null,
              "code": "cy.login('cypress', 'AcademicCert');\ncy.wait(2000);\ncy.contains('Education Goals').click();",
              "err": {},
              "uuid": "270addc0-a102-46ec-bc30-2f2d0206e045",
              "parentUUID": "5c8cee96-aef3-4e8f-882f-081a2c503b67",
              "isHook": false,
              "skipped": false
            },
            {
              "title": "Delete existing Ed Goal if it exists",
              "fullTitle": "Active Army Student Applies for Undergraduate Academic Certificate and Funding Delete existing Ed Goal if it exists",
              "timedOut": null,
              "duration": 391,
              "state": "passed",
              "speed": "fast",
              "pass": true,
              "fail": false,
              "pending": false,
              "context": null,
              "code": "cy.retrieveToken();\ncy.GetEducationGoal('3323833').then((response) => {\n    const goalId = response.body[0].id;\n    cy.DeleteEducationGoal('3323833', goalId);\n});",
              "err": {},
              "uuid": "f81a7e7e-c63d-4f8c-98a2-d5b872f7eeca",
              "parentUUID": "5c8cee96-aef3-4e8f-882f-081a2c503b67",
              "isHook": false,
              "skipped": false
            },
            {
              "title": "I can start creating Education Goal if none exist",
              "fullTitle": "Active Army Student Applies for Undergraduate Academic Certificate and Funding I can start creating Education Goal if none exist",
              "timedOut": null,
              "duration": 1498,
              "state": "passed",
              "speed": "fast",
              "pass": true,
              "fail": false,
              "pending": false,
              "context": null,
              "code": "cy.wait(1000);\ncy.contains('Education Goals').click();\ncy.contains('CREATE NEW GOAL').click();\ncy.contains('Undergraduate Academic Certificate ').click();",
              "err": {},
              "uuid": "4c43ae01-cfbf-4a15-8af9-d150a7a2e947",
              "parentUUID": "5c8cee96-aef3-4e8f-882f-081a2c503b67",
              "isHook": false,
              "skipped": false
            },
            {
              "title": "I can enter Institution information",
              "fullTitle": "Active Army Student Applies for Undergraduate Academic Certificate and Funding I can enter Institution information",
              "timedOut": null,
              "duration": 5238,
              "state": "passed",
              "speed": "medium",
              "pass": true,
              "fail": false,
              "pending": false,
              "context": null,
              "code": "cy.getInputControl('institution').type('AMERICAN MILITARY UNIVERSITY (AMU)').wait(3000).type('{downarrow}{enter}');\ncy.getInputControl('institutionStudentId').type('666312').wait(1000);\ncy.contains('Next').click();",
              "err": {},
              "uuid": "11f5ae64-2694-4dfb-99c2-44c167f24181",
              "parentUUID": "5c8cee96-aef3-4e8f-882f-081a2c503b67",
              "isHook": false,
              "skipped": false
            },
            {
              "title": "I can enter Degree Program information",
              "fullTitle": "Active Army Student Applies for Undergraduate Academic Certificate and Funding I can enter Degree Program information",
              "timedOut": null,
              "duration": 3097,
              "state": "passed",
              "speed": "fast",
              "pass": true,
              "fail": false,
              "pending": false,
              "context": null,
              "code": "cy.getInputControl(\"TitleKeyWord\").type('Undergraduate Certificate in Forensics{downarrow}{enter}');\ncy.wait(1000);\ncy.get('.row-header').first().click();\ncy.wait(1000);\ncy.get('button').contains('Next').click({ force: true });",
              "err": {},
              "uuid": "397b53d3-1dd3-45b0-90fe-0c1b88998866",
              "parentUUID": "5c8cee96-aef3-4e8f-882f-081a2c503b67",
              "isHook": false,
              "skipped": false
            },
            {
              "title": "I can enter Degree Plan File information",
              "fullTitle": "Active Army Student Applies for Undergraduate Academic Certificate and Funding I can enter Degree Plan File information",
              "timedOut": null,
              "duration": 4703,
              "state": "passed",
              "speed": "fast",
              "pass": true,
              "fail": false,
              "pending": false,
              "context": null,
              "code": "cy.wait(500);\nconst fixtureFile = 'EdGoalSupportingDoc.docx';\ncy.get('input[type=\"file\"]').eq(0).attachFile(fixtureFile);\ncy.wait(3000);\n//cy.get('input[type=\"file\"').eq(2).attachFile(fixtureFile);\n// cy.wait(3000);\ncy.wait(1000);\ncy.contains('Next').click({ force: true });",
              "err": {},
              "uuid": "2965e643-7cc9-4fd5-a561-36876bb0e252",
              "parentUUID": "5c8cee96-aef3-4e8f-882f-081a2c503b67",
              "isHook": false,
              "skipped": false
            },
            {
              "title": "I can submit Ed Goal",
              "fullTitle": "Active Army Student Applies for Undergraduate Academic Certificate and Funding I can submit Ed Goal",
              "timedOut": null,
              "duration": 3683,
              "state": "passed",
              "speed": "fast",
              "pass": true,
              "fail": false,
              "pending": false,
              "context": null,
              "code": "cy.getInputControl(\"requiredCredits\").type('3323833');\ncy.contains('Submit Goal').click();\ncy.get('button').contains('Yes').click();\ncy.wait(3000);",
              "err": {},
              "uuid": "fd7600de-b354-490d-84d5-5820205eac81",
              "parentUUID": "5c8cee96-aef3-4e8f-882f-081a2c503b67",
              "isHook": false,
              "skipped": false
            },
            {
              "title": "I recieved message of Ed Goal successfully created",
              "fullTitle": "Active Army Student Applies for Undergraduate Academic Certificate and Funding I recieved message of Ed Goal successfully created",
              "timedOut": null,
              "duration": 3293,
              "state": "passed",
              "speed": "fast",
              "pass": true,
              "fail": false,
              "pending": false,
              "context": null,
              "code": "cy.visit('/messaging');\ncy.wait(2000);\ncy.contains('Your education goal has been created');",
              "err": {},
              "uuid": "5b7d14ce-e02c-4e82-b5ca-995f78b1c3ab",
              "parentUUID": "5c8cee96-aef3-4e8f-882f-081a2c503b67",
              "isHook": false,
              "skipped": false
            },
            {
              "title": "Approves ed goal via API",
              "fullTitle": "Active Army Student Applies for Undergraduate Academic Certificate and Funding Approves ed goal via API",
              "timedOut": null,
              "duration": 392,
              "state": "passed",
              "speed": "fast",
              "pass": true,
              "fail": false,
              "pending": false,
              "context": null,
              "code": "cy.retrieveToken();\ncy.GetEducationGoal('3323833').then((response) => {\n    const goalId = response.body[0].id;\n    cy.ApproveEducationGoal('3323833', goalId);\n});",
              "err": {},
              "uuid": "934b8bc6-4ddc-4e1e-bfec-987c958e0644",
              "parentUUID": "5c8cee96-aef3-4e8f-882f-081a2c503b67",
              "isHook": false,
              "skipped": false
            },
            {
              "title": "I recieved message of Ed Goal successfully approved",
              "fullTitle": "Active Army Student Applies for Undergraduate Academic Certificate and Funding I recieved message of Ed Goal successfully approved",
              "timedOut": null,
              "duration": 2752,
              "state": "passed",
              "speed": "fast",
              "pass": true,
              "fail": false,
              "pending": false,
              "context": null,
              "code": "cy.visit('/messaging');\ncy.wait(2000);\ncy.contains('Education Goal Approved');",
              "err": {},
              "uuid": "acff2c83-d157-4a93-9fa8-3dd66f18064a",
              "parentUUID": "5c8cee96-aef3-4e8f-882f-081a2c503b67",
              "isHook": false,
              "skipped": false
            },
            {
              "title": "I can apply for funding",
              "fullTitle": "Active Army Student Applies for Undergraduate Academic Certificate and Funding I can apply for funding",
              "timedOut": null,
              "duration": 2230,
              "state": "passed",
              "speed": "fast",
              "pass": true,
              "fail": false,
              "pending": false,
              "context": null,
              "code": "cy.contains('Education Goals').click();\ncy.wait(2000);\ncy.contains('Apply For Funding').click({ force: true });",
              "err": {},
              "uuid": "9ac36b3f-b5d0-48cd-afd6-88f0839db1e3",
              "parentUUID": "5c8cee96-aef3-4e8f-882f-081a2c503b67",
              "isHook": false,
              "skipped": false
            },
            {
              "title": "I can verify and proceed",
              "fullTitle": "Active Army Student Applies for Undergraduate Academic Certificate and Funding I can verify and proceed",
              "timedOut": null,
              "duration": 4505,
              "state": "passed",
              "speed": "fast",
              "pass": true,
              "fail": false,
              "pending": false,
              "context": null,
              "code": "cy.contains('Verify and Proceed').click();\ncy.wait(1000);\ncy.get('[type=\"checkbox\"]').check({ force: true });\ncy.wait(2000);",
              "err": {},
              "uuid": "7191345a-d927-4894-b6a1-ce6f47d06579",
              "parentUUID": "5c8cee96-aef3-4e8f-882f-081a2c503b67",
              "isHook": false,
              "skipped": false
            },
            {
              "title": "I agree to conditions",
              "fullTitle": "Active Army Student Applies for Undergraduate Academic Certificate and Funding I agree to conditions",
              "timedOut": null,
              "duration": 150,
              "state": "passed",
              "speed": "fast",
              "pass": true,
              "fail": false,
              "pending": false,
              "context": null,
              "code": "cy.contains('I Agree, Continue').click();",
              "err": {},
              "uuid": "24750ae6-e8c7-4baf-b4ec-441858dc7825",
              "parentUUID": "5c8cee96-aef3-4e8f-882f-081a2c503b67",
              "isHook": false,
              "skipped": false
            },
            {
              "title": "I check demographic info",
              "fullTitle": "Active Army Student Applies for Undergraduate Academic Certificate and Funding I check demographic info",
              "timedOut": null,
              "duration": 1318,
              "state": "passed",
              "speed": "fast",
              "pass": true,
              "fail": false,
              "pending": false,
              "context": null,
              "code": "// deployed location\ncy.get('mat-radio-button input').check('false', { force: true });\n// check ed center is readonly and accurate\ncy.get('[formcontrolname=locationId]').should('have.attr', 'aria-disabled');\ncy.wait(1000);\n// submit next button \ncy.contains('Next').click({ force: true });",
              "err": {},
              "uuid": "1830c6b0-8de4-4aa7-be39-0fdf8b7201b5",
              "parentUUID": "5c8cee96-aef3-4e8f-882f-081a2c503b67",
              "isHook": false,
              "skipped": false
            },
            {
              "title": "I choose my campus",
              "fullTitle": "Active Army Student Applies for Undergraduate Academic Certificate and Funding I choose my campus",
              "timedOut": null,
              "duration": 1375,
              "state": "passed",
              "speed": "fast",
              "pass": true,
              "fail": false,
              "pending": false,
              "context": null,
              "code": "// campus\ncy.get('input[formControlName=campus]').click();\ncy.get('mat-option').contains('AMERICAN MILITARY UNIVERSITY- MAIN CAMPUS')\n    .click();\ncy.wait(1000);\n// submit next button \ncy.contains('Next').click({ force: true });",
              "err": {},
              "uuid": "edb2796c-700d-492e-b053-24a4faa66c6e",
              "parentUUID": "5c8cee96-aef3-4e8f-882f-081a2c503b67",
              "isHook": false,
              "skipped": false
            },
            {
              "title": "I provide term dates",
              "fullTitle": "Active Army Student Applies for Undergraduate Academic Certificate and Funding I provide term dates",
              "timedOut": null,
              "duration": 3480,
              "state": "passed",
              "speed": "fast",
              "pass": true,
              "fail": false,
              "pending": false,
              "context": null,
              "code": "// add term dates though pre-populated options\ncy.get('.termTitle').first().click().wait(1000);\n// add term dates through manual entry\n// get more than 50 days away\n/*var todayDate = moment().add(50,'days').format(\"M/DD/YYYY\");\nvar tomorrowDate = moment().add(52,'days').format(\"M/DD/YYYY\");\n// end date\ncy.getInputControl(\"endDate\").type(tomorrowDate + '{enter}');\ncy.wait(2000);\n// start date\ncy.get('#startDate')\n.type(todayDate.toString());*/\n// submit search \ncy.get('button').contains('Next').click({ force: true });\ncy.wait(2000);",
              "err": {},
              "uuid": "9b7fe988-5a8f-4f09-a40a-b01982b4f559",
              "parentUUID": "5c8cee96-aef3-4e8f-882f-081a2c503b67",
              "isHook": false,
              "skipped": false
            },
            {
              "title": "I choose add course",
              "fullTitle": "Active Army Student Applies for Undergraduate Academic Certificate and Funding I choose add course",
              "timedOut": null,
              "duration": 9549,
              "state": "passed",
              "speed": "medium",
              "pass": true,
              "fail": false,
              "pending": false,
              "context": null,
              "code": "cy.contains('Add Course').click({ force: true });\ncy.wait(3000);\n// add preloaded course\ncy.get('#addCourseBtn').click({ force: true });\ncy.wait(2000);\n/*cy.get('mat-select[formControlName=courseLevelId]')\n.click().get('mat-option')\n.contains('Undergraduate')\n.click();*/\n// location\n/* cy.get('mat-select[formControlName=courseLocationId]')\n.click().get('mat-option')\n.contains('DL/Online')\n.click(); */\n// add cost per credit\ncy.get('[formcontrolname=creditCost]').contains('$275 - Test QH').click();\ncy.wait(2000);\n//submit added course\ncy.contains('Add Course').click();\ncy.wait(2000);",
              "err": {},
              "uuid": "d9ed8c62-7cd5-4cfb-99cb-e3e3eb2f50a6",
              "parentUUID": "5c8cee96-aef3-4e8f-882f-081a2c503b67",
              "isHook": false,
              "skipped": false
            },
            {
              "title": "I have a new tuition assistance request in my queue",
              "fullTitle": "Active Army Student Applies for Undergraduate Academic Certificate and Funding I have a new tuition assistance request in my queue",
              "timedOut": null,
              "duration": 3253,
              "state": "passed",
              "speed": "fast",
              "pass": true,
              "fail": false,
              "pending": false,
              "context": null,
              "code": "cy.contains('Submit').click();\ncy.wait(3000);\ncy.get('.returnbutton > .mat-mdc-button-touch-target').click({ force: true });",
              "err": {},
              "uuid": "a3fcf731-ca4e-44f8-8a0a-6be76fd525ae",
              "parentUUID": "5c8cee96-aef3-4e8f-882f-081a2c503b67",
              "isHook": false,
              "skipped": false
            },
            {
              "title": "I recieved message of TAR successfully created",
              "fullTitle": "Active Army Student Applies for Undergraduate Academic Certificate and Funding I recieved message of TAR successfully created",
              "timedOut": null,
              "duration": 3257,
              "state": "passed",
              "speed": "fast",
              "pass": true,
              "fail": false,
              "pending": false,
              "context": null,
              "code": "cy.visit('/messaging');\ncy.wait(2000);\ncy.contains('Army Tuition Assistance Approved');",
              "err": {},
              "uuid": "8bff0dd5-c7c9-4929-981a-f12dc6327e24",
              "parentUUID": "5c8cee96-aef3-4e8f-882f-081a2c503b67",
              "isHook": false,
              "skipped": false
            },
            {
              "title": "I can delete Funding Request as student",
              "fullTitle": "Active Army Student Applies for Undergraduate Academic Certificate and Funding I can delete Funding Request as student",
              "timedOut": null,
              "duration": 4891,
              "state": "passed",
              "speed": "fast",
              "pass": true,
              "fail": false,
              "pending": false,
              "context": null,
              "code": "cy.wait(2000);\ncy.contains('Funding Requests').click();\ncy.wait(2000);\ncy.contains('Cancel').click();\ncy.get('button').contains('Yes').click();\ncy.screenshot();",
              "err": {},
              "uuid": "43e4a6cd-0229-43e9-acf9-117b0d380b0f",
              "parentUUID": "5c8cee96-aef3-4e8f-882f-081a2c503b67",
              "isHook": false,
              "skipped": false
            }
          ],
          "suites": [],
          "passes": [
            "270addc0-a102-46ec-bc30-2f2d0206e045",
            "f81a7e7e-c63d-4f8c-98a2-d5b872f7eeca",
            "4c43ae01-cfbf-4a15-8af9-d150a7a2e947",
            "11f5ae64-2694-4dfb-99c2-44c167f24181",
            "397b53d3-1dd3-45b0-90fe-0c1b88998866",
            "2965e643-7cc9-4fd5-a561-36876bb0e252",
            "fd7600de-b354-490d-84d5-5820205eac81",
            "5b7d14ce-e02c-4e82-b5ca-995f78b1c3ab",
            "934b8bc6-4ddc-4e1e-bfec-987c958e0644",
            "acff2c83-d157-4a93-9fa8-3dd66f18064a",
            "9ac36b3f-b5d0-48cd-afd6-88f0839db1e3",
            "7191345a-d927-4894-b6a1-ce6f47d06579",
            "24750ae6-e8c7-4baf-b4ec-441858dc7825",
            "1830c6b0-8de4-4aa7-be39-0fdf8b7201b5",
            "edb2796c-700d-492e-b053-24a4faa66c6e",
            "9b7fe988-5a8f-4f09-a40a-b01982b4f559",
            "d9ed8c62-7cd5-4cfb-99cb-e3e3eb2f50a6",
            "a3fcf731-ca4e-44f8-8a0a-6be76fd525ae",
            "8bff0dd5-c7c9-4929-981a-f12dc6327e24",
            "43e4a6cd-0229-43e9-acf9-117b0d380b0f"
          ],
          "failures": [],
          "pending": [],
          "skipped": [],
          "duration": 68154,
          "root": false,
          "rootEmpty": false,
          "_timeout": 2000
        }
      ],
      "passes": [],
      "failures": [],
      "pending": [],
      "skipped": [],
      "duration": 0,
      "root": true,
      "rootEmpty": true,
      "_timeout": 2000
    }
  ],
  "meta": {
    "mocha": {
      "version": "7.0.1"
    },
    "mochawesome": {
      "options": {
        "quiet": false,
        "reportFilename": "mochawesome",
        "saveHtml": false,
        "saveJson": true,
        "consoleReporter": "spec",
        "useInlineDiffs": false,
        "code": true
      },
      "version": "7.1.3"
    },
    "marge": {
      "options": {
        "reportDir": "cypress/reports/mocha",
        "overwrite": false,
        "html": false,
        "json": true
      },
      "version": "6.2.0"
    }
  }
}