{
  "stats": {
    "suites": 1,
    "tests": 20,
    "passes": 20,
    "pending": 0,
    "failures": 0,
    "start": "2024-04-16T12:37:54.453Z",
    "end": "2024-04-16T12:39:02.141Z",
    "duration": 67688,
    "testsRegistered": 20,
    "passPercent": 100,
    "pendingPercent": 0,
    "other": 0,
    "hasOther": false,
    "skipped": 0,
    "hasSkipped": false
  },
  "results": [
    {
      "uuid": "4407dc47-f39b-435e-8f27-3617887bb85d",
      "title": "",
      "fullFile": "cypress\\e2e\\_TAFunding\\EducationGoal\\BachelorsGoals\\bachelors\\national-guard.cy.ts",
      "file": "cypress\\e2e\\_TAFunding\\EducationGoal\\BachelorsGoals\\bachelors\\national-guard.cy.ts",
      "beforeHooks": [],
      "afterHooks": [],
      "tests": [],
      "suites": [
        {
          "uuid": "3207b247-e593-4e52-b8d9-1b1f983c7ff6",
          "title": "National Guard Student Applies for Bachelor Ed Goal and Funding",
          "fullFile": "",
          "file": "",
          "beforeHooks": [],
          "afterHooks": [],
          "tests": [
            {
              "title": "I can navigate to Goals page as student",
              "fullTitle": "National Guard Student Applies for Bachelor Ed Goal and Funding I can navigate to Goals page as student",
              "timedOut": null,
              "duration": 10486,
              "state": "passed",
              "speed": "slow",
              "pass": true,
              "fail": false,
              "pending": false,
              "context": null,
              "code": "cy.login('Cypress', 'NationalGuard');\ncy.wait(2000);\ncy.contains('Education Goals').click().wait(2000);",
              "err": {},
              "uuid": "7afd68ac-e551-4d25-9f8b-7e86167643d1",
              "parentUUID": "3207b247-e593-4e52-b8d9-1b1f983c7ff6",
              "isHook": false,
              "skipped": false
            },
            {
              "title": "Delete existing Ed Goal if it exists",
              "fullTitle": "National Guard Student Applies for Bachelor Ed Goal and Funding Delete existing Ed Goal if it exists",
              "timedOut": null,
              "duration": 271,
              "state": "passed",
              "speed": "fast",
              "pass": true,
              "fail": false,
              "pending": false,
              "context": null,
              "code": "cy.retrieveToken();\ncy.GetEducationGoal('3511').then((response) => {\n    const goalId = response.body[0].id;\n    cy.DeleteEducationGoal('3511', goalId);\n});",
              "err": {},
              "uuid": "4e53f16a-a12c-4b25-b14d-f2c3554cbef0",
              "parentUUID": "3207b247-e593-4e52-b8d9-1b1f983c7ff6",
              "isHook": false,
              "skipped": false
            },
            {
              "title": "I can start creating Education Goal if none exist",
              "fullTitle": "National Guard Student Applies for Bachelor Ed Goal and Funding I can start creating Education Goal if none exist",
              "timedOut": null,
              "duration": 4425,
              "state": "passed",
              "speed": "fast",
              "pass": true,
              "fail": false,
              "pending": false,
              "context": null,
              "code": "cy.wait(1000);\ncy.contains('Education Goals').click().wait(1000);\ncy.contains('CREATE NEW GOAL').click().wait(1000);\ncy.contains('Bachelors Degree').click().wait(1000);",
              "err": {},
              "uuid": "15b5870e-bb6f-4eb4-ab1b-621cf155989c",
              "parentUUID": "3207b247-e593-4e52-b8d9-1b1f983c7ff6",
              "isHook": false,
              "skipped": false
            },
            {
              "title": "I can enter Institution information",
              "fullTitle": "National Guard Student Applies for Bachelor Ed Goal and Funding I can enter Institution information",
              "timedOut": null,
              "duration": 5215,
              "state": "passed",
              "speed": "medium",
              "pass": true,
              "fail": false,
              "pending": false,
              "context": null,
              "code": "cy.getInputControl('institution').type('AMERICAN MILITARY UNIVERSITY (AMU)').wait(3000).type('{downarrow}{enter}');\ncy.getInputControl('institutionStudentId').type('666312').wait(1000);\ncy.contains('Next').click();",
              "err": {},
              "uuid": "4103a185-353f-4f99-b64e-21f5996364bf",
              "parentUUID": "3207b247-e593-4e52-b8d9-1b1f983c7ff6",
              "isHook": false,
              "skipped": false
            },
            {
              "title": "I can enter Degree Program information",
              "fullTitle": "National Guard Student Applies for Bachelor Ed Goal and Funding I can enter Degree Program information",
              "timedOut": null,
              "duration": 5042,
              "state": "passed",
              "speed": "medium",
              "pass": true,
              "fail": false,
              "pending": false,
              "context": null,
              "code": "cy.getInputControl(\"TitleKeyWord\").type('Bachelor of Arts in Government{downarrow}{enter}');\ncy.wait(1000);\ncy.get('.row-header').first().click();\ncy.wait(1000);\ncy.get('button').contains('Next').click({ force: true }).wait(2000);",
              "err": {},
              "uuid": "2b683a25-e186-4143-9a1a-17f453a086f1",
              "parentUUID": "3207b247-e593-4e52-b8d9-1b1f983c7ff6",
              "isHook": false,
              "skipped": false
            },
            {
              "title": "I can enter Degree Plan File information",
              "fullTitle": "National Guard Student Applies for Bachelor Ed Goal and Funding I can enter Degree Plan File information",
              "timedOut": null,
              "duration": 2114,
              "state": "passed",
              "speed": "fast",
              "pass": true,
              "fail": false,
              "pending": false,
              "context": null,
              "code": "cy.contains('Next').click({ force: true }).wait(2000);",
              "err": {},
              "uuid": "c7aead78-c1f8-416a-838c-23c557f28d80",
              "parentUUID": "3207b247-e593-4e52-b8d9-1b1f983c7ff6",
              "isHook": false,
              "skipped": false
            },
            {
              "title": "I can enter Credits information",
              "fullTitle": "National Guard Student Applies for Bachelor Ed Goal and Funding I can enter Credits information",
              "timedOut": null,
              "duration": 172,
              "state": "passed",
              "speed": "fast",
              "pass": true,
              "fail": false,
              "pending": false,
              "context": null,
              "code": "cy.getInputControl('previouslyCompletedCredits').type('1');",
              "err": {},
              "uuid": "f9bc2f67-570c-4b60-9d82-b3861d7e5ef2",
              "parentUUID": "3207b247-e593-4e52-b8d9-1b1f983c7ff6",
              "isHook": false,
              "skipped": false
            },
            {
              "title": "I can submit Ed Goal",
              "fullTitle": "National Guard Student Applies for Bachelor Ed Goal and Funding I can submit Ed Goal",
              "timedOut": null,
              "duration": 5283,
              "state": "passed",
              "speed": "medium",
              "pass": true,
              "fail": false,
              "pending": false,
              "context": null,
              "code": "cy.contains('Submit Goal').click().wait(2000);\ncy.get('button').contains('Yes').click();\ncy.wait(3000);",
              "err": {},
              "uuid": "6d6278f0-c02c-46aa-bdc3-ca27f0224a4e",
              "parentUUID": "3207b247-e593-4e52-b8d9-1b1f983c7ff6",
              "isHook": false,
              "skipped": false
            },
            {
              "title": "I recieved message of Ed Goal successfully created",
              "fullTitle": "National Guard Student Applies for Bachelor Ed Goal and Funding I recieved message of Ed Goal successfully created",
              "timedOut": null,
              "duration": 3816,
              "state": "passed",
              "speed": "fast",
              "pass": true,
              "fail": false,
              "pending": false,
              "context": null,
              "code": "cy.visit('/messaging');\ncy.wait(2000);\ncy.contains('Your education goal has been created');",
              "err": {},
              "uuid": "e1531767-e815-4392-9bf8-09640b974c8c",
              "parentUUID": "3207b247-e593-4e52-b8d9-1b1f983c7ff6",
              "isHook": false,
              "skipped": false
            },
            {
              "title": "Approves ed goal via API",
              "fullTitle": "National Guard Student Applies for Bachelor Ed Goal and Funding Approves ed goal via API",
              "timedOut": null,
              "duration": 291,
              "state": "passed",
              "speed": "fast",
              "pass": true,
              "fail": false,
              "pending": false,
              "context": null,
              "code": "cy.retrieveToken();\ncy.GetEducationGoal('3511').then((response) => {\n    const goalId = response.body[0].id;\n    cy.ApproveEducationGoal('3511', goalId);\n});",
              "err": {},
              "uuid": "cb94b2da-7982-43c6-abbb-3f6917780b53",
              "parentUUID": "3207b247-e593-4e52-b8d9-1b1f983c7ff6",
              "isHook": false,
              "skipped": false
            },
            {
              "title": "I recieved message of Ed Goal successfully approved",
              "fullTitle": "National Guard Student Applies for Bachelor Ed Goal and Funding I recieved message of Ed Goal successfully approved",
              "timedOut": null,
              "duration": 2858,
              "state": "passed",
              "speed": "fast",
              "pass": true,
              "fail": false,
              "pending": false,
              "context": null,
              "code": "cy.visit('/messaging');\ncy.wait(2000);\ncy.contains('Education Goal Approved');",
              "err": {},
              "uuid": "7e1f617e-7810-4a07-bc26-9dc412611c28",
              "parentUUID": "3207b247-e593-4e52-b8d9-1b1f983c7ff6",
              "isHook": false,
              "skipped": false
            },
            {
              "title": "I can apply for funding",
              "fullTitle": "National Guard Student Applies for Bachelor Ed Goal and Funding I can apply for funding",
              "timedOut": null,
              "duration": 5244,
              "state": "passed",
              "speed": "medium",
              "pass": true,
              "fail": false,
              "pending": false,
              "context": null,
              "code": "cy.contains('Education Goals').click();\ncy.wait(2000);\ncy.contains('Apply For Funding').click({ force: true });\ncy.wait(3000);",
              "err": {},
              "uuid": "01df11fe-8d3d-4cf8-a32f-5eb0296d7da4",
              "parentUUID": "3207b247-e593-4e52-b8d9-1b1f983c7ff6",
              "isHook": false,
              "skipped": false
            },
            {
              "title": "I can verify and proceed",
              "fullTitle": "National Guard Student Applies for Bachelor Ed Goal and Funding I can verify and proceed",
              "timedOut": null,
              "duration": 1787,
              "state": "passed",
              "speed": "fast",
              "pass": true,
              "fail": false,
              "pending": false,
              "context": null,
              "code": "cy.contains('Verify and Proceed').click();\ncy.wait(1000);\ncy.get('[type=\"checkbox\"]').check({ force: true });",
              "err": {},
              "uuid": "9e22384c-c249-4679-a778-8b9347f85cc8",
              "parentUUID": "3207b247-e593-4e52-b8d9-1b1f983c7ff6",
              "isHook": false,
              "skipped": false
            },
            {
              "title": "I agree to conditions",
              "fullTitle": "National Guard Student Applies for Bachelor Ed Goal and Funding I agree to conditions",
              "timedOut": null,
              "duration": 459,
              "state": "passed",
              "speed": "fast",
              "pass": true,
              "fail": false,
              "pending": false,
              "context": null,
              "code": "cy.contains('I Agree, Continue').click();\ncy.get('mat-radio-button input').check('false', { force: true });\ncy.contains('Next').click();",
              "err": {},
              "uuid": "cb0e1926-73e9-407c-85e8-998d9d3b2de5",
              "parentUUID": "3207b247-e593-4e52-b8d9-1b1f983c7ff6",
              "isHook": false,
              "skipped": false
            },
            {
              "title": "I answer deployed location question",
              "fullTitle": "National Guard Student Applies for Bachelor Ed Goal and Funding I answer deployed location question",
              "timedOut": null,
              "duration": 1141,
              "state": "passed",
              "speed": "fast",
              "pass": true,
              "fail": false,
              "pending": false,
              "context": null,
              "code": "cy.get('input[formControlName=campus]').click().wait(1000);",
              "err": {},
              "uuid": "cafc1b8e-9ac6-4757-831b-8c1250b270e2",
              "parentUUID": "3207b247-e593-4e52-b8d9-1b1f983c7ff6",
              "isHook": false,
              "skipped": false
            },
            {
              "title": "I choose my campus",
              "fullTitle": "National Guard Student Applies for Bachelor Ed Goal and Funding I choose my campus",
              "timedOut": null,
              "duration": 615,
              "state": "passed",
              "speed": "fast",
              "pass": true,
              "fail": false,
              "pending": false,
              "context": null,
              "code": "cy.getInputControl('campus').type('AMU{downarrow}{enter}');\n//submit next button \ncy.contains('Next').click({ force: true });\ncy.contains('Next').click({ force: true });",
              "err": {},
              "uuid": "e86781a8-93f1-44dc-8231-8afeb12471c0",
              "parentUUID": "3207b247-e593-4e52-b8d9-1b1f983c7ff6",
              "isHook": false,
              "skipped": false
            },
            {
              "title": "I provide term dates",
              "fullTitle": "National Guard Student Applies for Bachelor Ed Goal and Funding I provide term dates",
              "timedOut": null,
              "duration": 3528,
              "state": "passed",
              "speed": "fast",
              "pass": true,
              "fail": false,
              "pending": false,
              "context": null,
              "code": "// add term dates though pre-populated options\ncy.get('.termTitle').first().click().wait(1000);\n// get more than 30 days away\n/* var todayDate = moment().add(30,'days').format(\"M/DD/YYYY\");\nvar tomorrowDate = moment().add(32,'days').format(\"M/DD/YYYY\");\n// add course dates\ncy.getInputControl('endDate').type(tomorrowDate);\ncy.getInputControl('startDate').type(todayDate);\ncy.wait(2000); */\n// submit search \ncy.get('button').contains('Next').click({ force: true });\ncy.wait(2000);",
              "err": {},
              "uuid": "2ee6abd1-c7e8-4b99-a16e-25ccc0d82d20",
              "parentUUID": "3207b247-e593-4e52-b8d9-1b1f983c7ff6",
              "isHook": false,
              "skipped": false
            },
            {
              "title": "I choose add course",
              "fullTitle": "National Guard Student Applies for Bachelor Ed Goal and Funding I choose add course",
              "timedOut": null,
              "duration": 9835,
              "state": "passed",
              "speed": "medium",
              "pass": true,
              "fail": false,
              "pending": false,
              "context": null,
              "code": "cy.contains('Add Course').click();\ncy.wait(3000);\n// add preloaded course\ncy.get('#addCourseBtn').click();\ncy.wait(2000);\n// add cost per credit\ncy.get('[formcontrolname=creditCost]').contains('$275 - Test QH').click();\ncy.wait(2000);\n//submit added course\ncy.contains('Add Course').click();\ncy.wait(2000);\ncy.contains('Submit').click();\n//submit next button\ncy.contains('Submit').click();",
              "err": {},
              "uuid": "f437c206-704a-4a72-8da9-0be360efa155",
              "parentUUID": "3207b247-e593-4e52-b8d9-1b1f983c7ff6",
              "isHook": false,
              "skipped": false
            },
            {
              "title": "I recieved message of TAR successfully created",
              "fullTitle": "National Guard Student Applies for Bachelor Ed Goal and Funding I recieved message of TAR successfully created",
              "timedOut": null,
              "duration": 3168,
              "state": "passed",
              "speed": "fast",
              "pass": true,
              "fail": false,
              "pending": false,
              "context": null,
              "code": "cy.visit('/messaging');\ncy.wait(2000);\ncy.contains('Army Tuition Assistance Approved');",
              "err": {},
              "uuid": "8377a66a-4e98-429b-8133-50d07bd38d28",
              "parentUUID": "3207b247-e593-4e52-b8d9-1b1f983c7ff6",
              "isHook": false,
              "skipped": false
            },
            {
              "title": "I can cancel Funding Request as student",
              "fullTitle": "National Guard Student Applies for Bachelor Ed Goal and Funding I can cancel Funding Request as student",
              "timedOut": null,
              "duration": 1488,
              "state": "passed",
              "speed": "fast",
              "pass": true,
              "fail": false,
              "pending": false,
              "context": null,
              "code": "cy.wait(500);\ncy.contains('Funding Requests').click();\ncy.wait(100);\ncy.contains('Cancel').click();\ncy.get('button').contains('Yes').click();\ncy.screenshot();",
              "err": {},
              "uuid": "7e00ca36-a814-439c-9c62-77ee53afda17",
              "parentUUID": "3207b247-e593-4e52-b8d9-1b1f983c7ff6",
              "isHook": false,
              "skipped": false
            }
          ],
          "suites": [],
          "passes": [
            "7afd68ac-e551-4d25-9f8b-7e86167643d1",
            "4e53f16a-a12c-4b25-b14d-f2c3554cbef0",
            "15b5870e-bb6f-4eb4-ab1b-621cf155989c",
            "4103a185-353f-4f99-b64e-21f5996364bf",
            "2b683a25-e186-4143-9a1a-17f453a086f1",
            "c7aead78-c1f8-416a-838c-23c557f28d80",
            "f9bc2f67-570c-4b60-9d82-b3861d7e5ef2",
            "6d6278f0-c02c-46aa-bdc3-ca27f0224a4e",
            "e1531767-e815-4392-9bf8-09640b974c8c",
            "cb94b2da-7982-43c6-abbb-3f6917780b53",
            "7e1f617e-7810-4a07-bc26-9dc412611c28",
            "01df11fe-8d3d-4cf8-a32f-5eb0296d7da4",
            "9e22384c-c249-4679-a778-8b9347f85cc8",
            "cb0e1926-73e9-407c-85e8-998d9d3b2de5",
            "cafc1b8e-9ac6-4757-831b-8c1250b270e2",
            "e86781a8-93f1-44dc-8231-8afeb12471c0",
            "2ee6abd1-c7e8-4b99-a16e-25ccc0d82d20",
            "f437c206-704a-4a72-8da9-0be360efa155",
            "8377a66a-4e98-429b-8133-50d07bd38d28",
            "7e00ca36-a814-439c-9c62-77ee53afda17"
          ],
          "failures": [],
          "pending": [],
          "skipped": [],
          "duration": 67238,
          "root": false,
          "rootEmpty": false,
          "_timeout": 2000
        }
      ],
      "passes": [],
      "failures": [],
      "pending": [],
      "skipped": [],
      "duration": 0,
      "root": true,
      "rootEmpty": true,
      "_timeout": 2000
    }
  ],
  "meta": {
    "mocha": {
      "version": "7.0.1"
    },
    "mochawesome": {
      "options": {
        "quiet": false,
        "reportFilename": "mochawesome",
        "saveHtml": false,
        "saveJson": true,
        "consoleReporter": "spec",
        "useInlineDiffs": false,
        "code": true
      },
      "version": "7.1.3"
    },
    "marge": {
      "options": {
        "reportDir": "cypress/reports/mocha",
        "overwrite": false,
        "html": false,
        "json": true
      },
      "version": "6.2.0"
    }
  }
}