{
  "stats": {
    "suites": 1,
    "tests": 20,
    "passes": 20,
    "pending": 0,
    "failures": 0,
    "start": "2024-06-13T13:55:01.735Z",
    "end": "2024-06-13T13:56:08.937Z",
    "duration": 67202,
    "testsRegistered": 20,
    "passPercent": 100,
    "pendingPercent": 0,
    "other": 0,
    "hasOther": false,
    "skipped": 0,
    "hasSkipped": false
  },
  "results": [
    {
      "uuid": "705405d9-8415-465c-a2d1-0e2edc77bed4",
      "title": "",
      "fullFile": "cypress\\e2e\\_TAFunding\\EducationGoal\\AcademicCertificates\\ac-undergrad.cy.ts",
      "file": "cypress\\e2e\\_TAFunding\\EducationGoal\\AcademicCertificates\\ac-undergrad.cy.ts",
      "beforeHooks": [],
      "afterHooks": [],
      "tests": [],
      "suites": [
        {
          "uuid": "e9e65362-23a3-4f8e-88b3-f8d30a3832c9",
          "title": "Active Army Student Applies for Undergraduate Academic Certificate and Funding",
          "fullFile": "",
          "file": "",
          "beforeHooks": [],
          "afterHooks": [],
          "tests": [
            {
              "title": "I can login as student",
              "fullTitle": "Active Army Student Applies for Undergraduate Academic Certificate and Funding I can login as student",
              "timedOut": null,
              "duration": 9130,
              "state": "passed",
              "speed": "medium",
              "pass": true,
              "fail": false,
              "pending": false,
              "context": null,
              "code": "cy.login('cypress', 'AcademicCert');\ncy.wait(2000);",
              "err": {},
              "uuid": "fbc26d1a-43e1-40fa-aadd-1e2b1b3a7d6b",
              "parentUUID": "e9e65362-23a3-4f8e-88b3-f8d30a3832c9",
              "isHook": false,
              "skipped": false
            },
            {
              "title": "Validates Career Path Decide Plan Exisits",
              "fullTitle": "Active Army Student Applies for Undergraduate Academic Certificate and Funding Validates Career Path Decide Plan Exisits",
              "timedOut": null,
              "duration": 3249,
              "state": "passed",
              "speed": "fast",
              "pass": true,
              "fail": false,
              "pending": false,
              "context": null,
              "code": "cy.visit('/student/career-path-decide').wait(3000);\ncy.contains('test').should('exist');",
              "err": {},
              "uuid": "1044d64e-b1c4-4cf2-876b-9c2fc584580a",
              "parentUUID": "e9e65362-23a3-4f8e-88b3-f8d30a3832c9",
              "isHook": false,
              "skipped": false
            },
            {
              "title": "Delete existing Ed Goal if it exists",
              "fullTitle": "Active Army Student Applies for Undergraduate Academic Certificate and Funding Delete existing Ed Goal if it exists",
              "timedOut": null,
              "duration": 308,
              "state": "passed",
              "speed": "fast",
              "pass": true,
              "fail": false,
              "pending": false,
              "context": null,
              "code": "cy.retrieveToken();\ncy.GetEducationGoal('3323833').then((response) => {\n    const goalId = response.body[0].id;\n    cy.DeleteEducationGoal('3323833', goalId);\n});",
              "err": {},
              "uuid": "e4e7e07a-f6b2-4e35-873c-4e7ecdc25c3e",
              "parentUUID": "e9e65362-23a3-4f8e-88b3-f8d30a3832c9",
              "isHook": false,
              "skipped": false
            },
            {
              "title": "I can start creating Education Goal if none exist",
              "fullTitle": "Active Army Student Applies for Undergraduate Academic Certificate and Funding I can start creating Education Goal if none exist",
              "timedOut": null,
              "duration": 1615,
              "state": "passed",
              "speed": "fast",
              "pass": true,
              "fail": false,
              "pending": false,
              "context": null,
              "code": "cy.wait(1000);\ncy.contains('Education Goals').click();\ncy.contains('CREATE NEW GOAL').click();\ncy.contains('Undergraduate Academic Certificate ').click();",
              "err": {},
              "uuid": "b2e59fd5-5c02-4f62-89ce-49bf9467fe54",
              "parentUUID": "e9e65362-23a3-4f8e-88b3-f8d30a3832c9",
              "isHook": false,
              "skipped": false
            },
            {
              "title": "I can enter Institution information",
              "fullTitle": "Active Army Student Applies for Undergraduate Academic Certificate and Funding I can enter Institution information",
              "timedOut": null,
              "duration": 5103,
              "state": "passed",
              "speed": "medium",
              "pass": true,
              "fail": false,
              "pending": false,
              "context": null,
              "code": "cy.getInputControl('institution').type('AMERICAN MILITARY UNIVERSITY (AMU)').wait(3000).type('{downarrow}{enter}');\ncy.getInputControl('institutionStudentId').type('666312').wait(1000);\ncy.contains('Next').click();",
              "err": {},
              "uuid": "0cc26f17-0b0e-4a49-adb0-309d7e9e061e",
              "parentUUID": "e9e65362-23a3-4f8e-88b3-f8d30a3832c9",
              "isHook": false,
              "skipped": false
            },
            {
              "title": "I can enter Degree Program information",
              "fullTitle": "Active Army Student Applies for Undergraduate Academic Certificate and Funding I can enter Degree Program information",
              "timedOut": null,
              "duration": 2965,
              "state": "passed",
              "speed": "fast",
              "pass": true,
              "fail": false,
              "pending": false,
              "context": null,
              "code": "cy.getInputControl(\"TitleKeyWord\").type('Undergraduate Certificate in Forensics{downarrow}{enter}');\ncy.wait(1000);\ncy.get('.row-header').first().click();\ncy.wait(1000);\ncy.get('button').contains('Next').click({ force: true });",
              "err": {},
              "uuid": "d914f82a-9b1f-4a68-b620-341a1ac96d74",
              "parentUUID": "e9e65362-23a3-4f8e-88b3-f8d30a3832c9",
              "isHook": false,
              "skipped": false
            },
            {
              "title": "I can enter Degree Plan File information",
              "fullTitle": "Active Army Student Applies for Undergraduate Academic Certificate and Funding I can enter Degree Plan File information",
              "timedOut": null,
              "duration": 4648,
              "state": "passed",
              "speed": "fast",
              "pass": true,
              "fail": false,
              "pending": false,
              "context": null,
              "code": "cy.wait(500);\nconst fixtureFile = 'EdGoalSupportingDoc.docx';\ncy.get('input[type=\"file\"]').eq(0).attachFile(fixtureFile);\ncy.wait(3000);\n//cy.get('input[type=\"file\"').eq(2).attachFile(fixtureFile);\n// cy.wait(3000);\ncy.wait(1000);\ncy.contains('Next').click({ force: true });",
              "err": {},
              "uuid": "077ae88f-1a6b-4b8a-9090-a0dcfe2274ba",
              "parentUUID": "e9e65362-23a3-4f8e-88b3-f8d30a3832c9",
              "isHook": false,
              "skipped": false
            },
            {
              "title": "I can submit Ed Goal",
              "fullTitle": "Active Army Student Applies for Undergraduate Academic Certificate and Funding I can submit Ed Goal",
              "timedOut": null,
              "duration": 3624,
              "state": "passed",
              "speed": "fast",
              "pass": true,
              "fail": false,
              "pending": false,
              "context": null,
              "code": "cy.getInputControl(\"requiredCredits\").type('3323833');\ncy.contains('Submit Goal').click();\ncy.get('button').contains('Yes').click();\ncy.wait(3000);",
              "err": {},
              "uuid": "6e1abb3f-7e10-438d-9322-38786dccb030",
              "parentUUID": "e9e65362-23a3-4f8e-88b3-f8d30a3832c9",
              "isHook": false,
              "skipped": false
            },
            {
              "title": "I recieved message of Ed Goal successfully created",
              "fullTitle": "Active Army Student Applies for Undergraduate Academic Certificate and Funding I recieved message of Ed Goal successfully created",
              "timedOut": null,
              "duration": 3392,
              "state": "passed",
              "speed": "fast",
              "pass": true,
              "fail": false,
              "pending": false,
              "context": null,
              "code": "cy.visit('/messaging');\ncy.wait(2000);\ncy.contains('Your education goal has been created');",
              "err": {},
              "uuid": "8b122766-9954-4e46-a750-26c94660a4be",
              "parentUUID": "e9e65362-23a3-4f8e-88b3-f8d30a3832c9",
              "isHook": false,
              "skipped": false
            },
            {
              "title": "Approves ed goal via API",
              "fullTitle": "Active Army Student Applies for Undergraduate Academic Certificate and Funding Approves ed goal via API",
              "timedOut": null,
              "duration": 324,
              "state": "passed",
              "speed": "fast",
              "pass": true,
              "fail": false,
              "pending": false,
              "context": null,
              "code": "cy.retrieveToken();\ncy.GetEducationGoal('3323833').then((response) => {\n    const goalId = response.body[0].id;\n    cy.ApproveEducationGoal('3323833', goalId);\n});",
              "err": {},
              "uuid": "7c812608-7fd5-4eb1-8384-11e068d7db02",
              "parentUUID": "e9e65362-23a3-4f8e-88b3-f8d30a3832c9",
              "isHook": false,
              "skipped": false
            },
            {
              "title": "I recieved message of Ed Goal successfully approved",
              "fullTitle": "Active Army Student Applies for Undergraduate Academic Certificate and Funding I recieved message of Ed Goal successfully approved",
              "timedOut": null,
              "duration": 2574,
              "state": "passed",
              "speed": "fast",
              "pass": true,
              "fail": false,
              "pending": false,
              "context": null,
              "code": "cy.visit('/messaging');\ncy.wait(2000);\ncy.contains('Education Goal Approved');",
              "err": {},
              "uuid": "1fe402a9-cdd5-40d0-8455-00bb67d91ad6",
              "parentUUID": "e9e65362-23a3-4f8e-88b3-f8d30a3832c9",
              "isHook": false,
              "skipped": false
            },
            {
              "title": "I can apply for funding",
              "fullTitle": "Active Army Student Applies for Undergraduate Academic Certificate and Funding I can apply for funding",
              "timedOut": null,
              "duration": 2204,
              "state": "passed",
              "speed": "fast",
              "pass": true,
              "fail": false,
              "pending": false,
              "context": null,
              "code": "cy.contains('Education Goals').click();\ncy.wait(2000);\ncy.contains('Apply For Funding').click({ force: true });",
              "err": {},
              "uuid": "0f428243-b4c5-4d30-a92c-db9502adc645",
              "parentUUID": "e9e65362-23a3-4f8e-88b3-f8d30a3832c9",
              "isHook": false,
              "skipped": false
            },
            {
              "title": "I can verify and proceed",
              "fullTitle": "Active Army Student Applies for Undergraduate Academic Certificate and Funding I can verify and proceed",
              "timedOut": null,
              "duration": 4080,
              "state": "passed",
              "speed": "fast",
              "pass": true,
              "fail": false,
              "pending": false,
              "context": null,
              "code": "cy.contains('Verify and Proceed').click();\ncy.wait(1000);\ncy.get('[type=\"checkbox\"]').check({ force: true });\ncy.wait(2000);",
              "err": {},
              "uuid": "5450992e-b8ba-4e04-ba61-5a1c562fa003",
              "parentUUID": "e9e65362-23a3-4f8e-88b3-f8d30a3832c9",
              "isHook": false,
              "skipped": false
            },
            {
              "title": "I agree to conditions",
              "fullTitle": "Active Army Student Applies for Undergraduate Academic Certificate and Funding I agree to conditions",
              "timedOut": null,
              "duration": 112,
              "state": "passed",
              "speed": "fast",
              "pass": true,
              "fail": false,
              "pending": false,
              "context": null,
              "code": "cy.contains('I Agree, Continue').click();",
              "err": {},
              "uuid": "68cbf488-0842-43d5-ad5a-cb757ef8e663",
              "parentUUID": "e9e65362-23a3-4f8e-88b3-f8d30a3832c9",
              "isHook": false,
              "skipped": false
            },
            {
              "title": "I check demographic info",
              "fullTitle": "Active Army Student Applies for Undergraduate Academic Certificate and Funding I check demographic info",
              "timedOut": null,
              "duration": 1227,
              "state": "passed",
              "speed": "fast",
              "pass": true,
              "fail": false,
              "pending": false,
              "context": null,
              "code": "// deployed location\ncy.get('mat-radio-button input').check('false', { force: true });\n// check ed center is readonly and accurate\ncy.get('[formcontrolname=locationId]').should('have.attr', 'aria-disabled');\ncy.wait(1000);\n// submit next button \ncy.contains('Next').click({ force: true });",
              "err": {},
              "uuid": "349486b6-193d-4ff5-85c7-9f4f83461006",
              "parentUUID": "e9e65362-23a3-4f8e-88b3-f8d30a3832c9",
              "isHook": false,
              "skipped": false
            },
            {
              "title": "I choose my campus",
              "fullTitle": "Active Army Student Applies for Undergraduate Academic Certificate and Funding I choose my campus",
              "timedOut": null,
              "duration": 1318,
              "state": "passed",
              "speed": "fast",
              "pass": true,
              "fail": false,
              "pending": false,
              "context": null,
              "code": "// campus\ncy.get('input[formControlName=campus]').click();\ncy.get('mat-option').contains('AMERICAN MILITARY UNIVERSITY- MAIN CAMPUS')\n    .click();\ncy.wait(1000);\n// submit next button \ncy.contains('Next').click({ force: true });",
              "err": {},
              "uuid": "0f2cd637-34d9-4303-ae0a-74468de1da4c",
              "parentUUID": "e9e65362-23a3-4f8e-88b3-f8d30a3832c9",
              "isHook": false,
              "skipped": false
            },
            {
              "title": "I provide term dates",
              "fullTitle": "Active Army Student Applies for Undergraduate Academic Certificate and Funding I provide term dates",
              "timedOut": null,
              "duration": 3465,
              "state": "passed",
              "speed": "fast",
              "pass": true,
              "fail": false,
              "pending": false,
              "context": null,
              "code": "// add term dates though pre-populated options\ncy.get('.termTitle').first().click().wait(1000);\n// add term dates through manual entry\n// get more than 50 days away\n/*var todayDate = moment().add(50,'days').format(\"M/DD/YYYY\");\nvar tomorrowDate = moment().add(52,'days').format(\"M/DD/YYYY\");\n// end date\ncy.getInputControl(\"endDate\").type(tomorrowDate + '{enter}');\ncy.wait(2000);\n// start date\ncy.get('#startDate')\n.type(todayDate.toString());*/\n// submit search \ncy.get('button').contains('Next').click({ force: true });\ncy.wait(2000);",
              "err": {},
              "uuid": "1bfb1a4f-fd3e-4b48-993e-4d3d8efa0e22",
              "parentUUID": "e9e65362-23a3-4f8e-88b3-f8d30a3832c9",
              "isHook": false,
              "skipped": false
            },
            {
              "title": "I choose add course",
              "fullTitle": "Active Army Student Applies for Undergraduate Academic Certificate and Funding I choose add course",
              "timedOut": null,
              "duration": 9450,
              "state": "passed",
              "speed": "medium",
              "pass": true,
              "fail": false,
              "pending": false,
              "context": null,
              "code": "cy.contains('Add Course').click({ force: true });\ncy.wait(3000);\n// add preloaded course\ncy.get('#addCourseBtn').click({ force: true });\ncy.wait(2000);\n// add cost per credit\ncy.get('[formcontrolname=creditCost]').contains('$250 - MyCAA').click();\ncy.wait(2000);\n//submit added course\ncy.contains('Add Course').click();\ncy.wait(2000);",
              "err": {},
              "uuid": "51842530-8983-4f03-9b76-43bbbe11d96c",
              "parentUUID": "e9e65362-23a3-4f8e-88b3-f8d30a3832c9",
              "isHook": false,
              "skipped": false
            },
            {
              "title": "I have a new tuition assistance request in my queue",
              "fullTitle": "Active Army Student Applies for Undergraduate Academic Certificate and Funding I have a new tuition assistance request in my queue",
              "timedOut": null,
              "duration": 3211,
              "state": "passed",
              "speed": "fast",
              "pass": true,
              "fail": false,
              "pending": false,
              "context": null,
              "code": "cy.contains('Submit').click();\ncy.wait(3000);\ncy.get('.returnbutton > .mat-mdc-button-touch-target').click({ force: true });",
              "err": {},
              "uuid": "300e8ef4-38e6-45de-b286-f8459422278d",
              "parentUUID": "e9e65362-23a3-4f8e-88b3-f8d30a3832c9",
              "isHook": false,
              "skipped": false
            },
            {
              "title": "I can delete Funding Request as student",
              "fullTitle": "Active Army Student Applies for Undergraduate Academic Certificate and Funding I can delete Funding Request as student",
              "timedOut": null,
              "duration": 4793,
              "state": "passed",
              "speed": "fast",
              "pass": true,
              "fail": false,
              "pending": false,
              "context": null,
              "code": "cy.wait(2000);\ncy.contains('Funding Requests').click();\ncy.wait(2000);\ncy.contains('Cancel').click();\ncy.get('button').contains('Yes').click();\ncy.screenshot();",
              "err": {},
              "uuid": "d30cafa0-1182-451a-bd13-44aff14b9b81",
              "parentUUID": "e9e65362-23a3-4f8e-88b3-f8d30a3832c9",
              "isHook": false,
              "skipped": false
            }
          ],
          "suites": [],
          "passes": [
            "fbc26d1a-43e1-40fa-aadd-1e2b1b3a7d6b",
            "1044d64e-b1c4-4cf2-876b-9c2fc584580a",
            "e4e7e07a-f6b2-4e35-873c-4e7ecdc25c3e",
            "b2e59fd5-5c02-4f62-89ce-49bf9467fe54",
            "0cc26f17-0b0e-4a49-adb0-309d7e9e061e",
            "d914f82a-9b1f-4a68-b620-341a1ac96d74",
            "077ae88f-1a6b-4b8a-9090-a0dcfe2274ba",
            "6e1abb3f-7e10-438d-9322-38786dccb030",
            "8b122766-9954-4e46-a750-26c94660a4be",
            "7c812608-7fd5-4eb1-8384-11e068d7db02",
            "1fe402a9-cdd5-40d0-8455-00bb67d91ad6",
            "0f428243-b4c5-4d30-a92c-db9502adc645",
            "5450992e-b8ba-4e04-ba61-5a1c562fa003",
            "68cbf488-0842-43d5-ad5a-cb757ef8e663",
            "349486b6-193d-4ff5-85c7-9f4f83461006",
            "0f2cd637-34d9-4303-ae0a-74468de1da4c",
            "1bfb1a4f-fd3e-4b48-993e-4d3d8efa0e22",
            "51842530-8983-4f03-9b76-43bbbe11d96c",
            "300e8ef4-38e6-45de-b286-f8459422278d",
            "d30cafa0-1182-451a-bd13-44aff14b9b81"
          ],
          "failures": [],
          "pending": [],
          "skipped": [],
          "duration": 66792,
          "root": false,
          "rootEmpty": false,
          "_timeout": 2000
        }
      ],
      "passes": [],
      "failures": [],
      "pending": [],
      "skipped": [],
      "duration": 0,
      "root": true,
      "rootEmpty": true,
      "_timeout": 2000
    }
  ],
  "meta": {
    "mocha": {
      "version": "7.0.1"
    },
    "mochawesome": {
      "options": {
        "quiet": false,
        "reportFilename": "mochawesome",
        "saveHtml": false,
        "saveJson": true,
        "consoleReporter": "spec",
        "useInlineDiffs": false,
        "code": true
      },
      "version": "7.1.3"
    },
    "marge": {
      "options": {
        "reportDir": "cypress/reports/mocha",
        "overwrite": false,
        "html": false,
        "json": true
      },
      "version": "6.2.0"
    }
  }
}