{
  "stats": {
    "suites": 1,
    "tests": 2,
    "passes": 2,
    "pending": 0,
    "failures": 0,
    "start": "2024-06-12T12:50:13.932Z",
    "end": "2024-06-12T12:50:28.233Z",
    "duration": 14301,
    "testsRegistered": 2,
    "passPercent": 100,
    "pendingPercent": 0,
    "other": 0,
    "hasOther": false,
    "skipped": 0,
    "hasSkipped": false
  },
  "results": [
    {
      "uuid": "4492cdc0-abdf-492e-8624-75fa102145ff",
      "title": "",
      "fullFile": "cypress\\e2e\\credentialing-assistance\\vendors-tab.cy.ts",
      "file": "cypress\\e2e\\credentialing-assistance\\vendors-tab.cy.ts",
      "beforeHooks": [],
      "afterHooks": [],
      "tests": [],
      "suites": [
        {
          "uuid": "ec4185e6-ac6a-4a4e-9644-bf17fb84dd59",
          "title": "Student can research possible vendors for a credential",
          "fullFile": "",
          "file": "",
          "beforeHooks": [],
          "afterHooks": [],
          "tests": [
            {
              "title": "I can navigate to Credentialing landing page",
              "fullTitle": "Student can research possible vendors for a credential I can navigate to Credentialing landing page",
              "timedOut": null,
              "duration": 9185,
              "state": "passed",
              "speed": "medium",
              "pass": true,
              "fail": false,
              "pending": false,
              "context": null,
              "code": "cy.login('Cypress', 'Credentialing');\ncy.wait(500);\ncy.contains('Education Programs').click();\ncy.wait(2000);\ncy.contains('Credentialing Assistance').click();",
              "err": {},
              "uuid": "b8249c7f-258a-4d8d-9f61-a8fe2af8761c",
              "parentUUID": "ec4185e6-ac6a-4a4e-9644-bf17fb84dd59",
              "isHook": false,
              "skipped": false
            },
            {
              "title": "I can access Vendors tab",
              "fullTitle": "Student can research possible vendors for a credential I can access Vendors tab",
              "timedOut": null,
              "duration": 5012,
              "state": "passed",
              "speed": "medium",
              "pass": true,
              "fail": false,
              "pending": false,
              "context": null,
              "code": "cy.contains(' MOS 12A ').click();\ncy.wait(4000);\ncy.contains('View').click();\ncy.contains('Vendors');",
              "err": {},
              "uuid": "2c433919-0441-42f9-b5ab-b3af200778b3",
              "parentUUID": "ec4185e6-ac6a-4a4e-9644-bf17fb84dd59",
              "isHook": false,
              "skipped": false
            }
          ],
          "suites": [],
          "passes": [
            "b8249c7f-258a-4d8d-9f61-a8fe2af8761c",
            "2c433919-0441-42f9-b5ab-b3af200778b3"
          ],
          "failures": [],
          "pending": [],
          "skipped": [],
          "duration": 14197,
          "root": false,
          "rootEmpty": false,
          "_timeout": 2000
        }
      ],
      "passes": [],
      "failures": [],
      "pending": [],
      "skipped": [],
      "duration": 0,
      "root": true,
      "rootEmpty": true,
      "_timeout": 2000
    }
  ],
  "meta": {
    "mocha": {
      "version": "7.0.1"
    },
    "mochawesome": {
      "options": {
        "quiet": false,
        "reportFilename": "mochawesome",
        "saveHtml": false,
        "saveJson": true,
        "consoleReporter": "spec",
        "useInlineDiffs": false,
        "code": true
      },
      "version": "7.1.3"
    },
    "marge": {
      "options": {
        "reportDir": "cypress/reports/mocha",
        "overwrite": false,
        "html": false,
        "json": true
      },
      "version": "6.2.0"
    }
  }
}