{
  "stats": {
    "suites": 1,
    "tests": 20,
    "passes": 20,
    "pending": 0,
    "failures": 0,
    "start": "2024-04-16T12:27:55.851Z",
    "end": "2024-04-16T12:29:01.843Z",
    "duration": 65992,
    "testsRegistered": 20,
    "passPercent": 100,
    "pendingPercent": 0,
    "other": 0,
    "hasOther": false,
    "skipped": 0,
    "hasSkipped": false
  },
  "results": [
    {
      "uuid": "f194c196-a2cd-4332-b30b-7394b49d36d2",
      "title": "",
      "fullFile": "cypress\\e2e\\_CadetFunding\\CadetPaymentRequest\\cadets-nursing.cy.ts",
      "file": "cypress\\e2e\\_CadetFunding\\CadetPaymentRequest\\cadets-nursing.cy.ts",
      "beforeHooks": [],
      "afterHooks": [],
      "tests": [],
      "suites": [
        {
          "uuid": "ab261027-4863-4295-bf4d-3a90b90009fd",
          "title": "Cadet Student Applies for Nursing CPR",
          "fullFile": "",
          "file": "",
          "beforeHooks": [],
          "afterHooks": [],
          "tests": [
            {
              "title": "I can login as student",
              "fullTitle": "Cadet Student Applies for Nursing CPR I can login as student",
              "timedOut": null,
              "duration": 7912,
              "state": "passed",
              "speed": "medium",
              "pass": true,
              "fail": false,
              "pending": false,
              "context": null,
              "code": "cy.login('Cypress', 'Cadet-Nursing');\ncy.wait(2000);",
              "err": {},
              "uuid": "97d8aab4-c337-4dfe-a177-7cdf27e43bdc",
              "parentUUID": "ab261027-4863-4295-bf4d-3a90b90009fd",
              "isHook": false,
              "skipped": false
            },
            {
              "title": "I can start creating CPR",
              "fullTitle": "Cadet Student Applies for Nursing CPR I can start creating CPR",
              "timedOut": null,
              "duration": 2108,
              "state": "passed",
              "speed": "fast",
              "pass": true,
              "fail": false,
              "pending": false,
              "context": null,
              "code": "cy.contains('.mdc-button', ' Apply For Funding ').click();\ncy.wait(2000);",
              "err": {},
              "uuid": "593c6c15-c535-4600-8843-c49d2d654cb8",
              "parentUUID": "ab261027-4863-4295-bf4d-3a90b90009fd",
              "isHook": false,
              "skipped": false
            },
            {
              "title": "I can choose scholarship type",
              "fullTitle": "Cadet Student Applies for Nursing CPR I can choose scholarship type",
              "timedOut": null,
              "duration": 1199,
              "state": "passed",
              "speed": "fast",
              "pass": true,
              "fail": false,
              "pending": false,
              "context": null,
              "code": "cy.contains(' Cadet Nursing Fees ').click();\ncy.contains('button', ' Next ').click();\ncy.wait(1000);",
              "err": {},
              "uuid": "ce98b5f3-9f9c-4525-86cc-ef52d8360137",
              "parentUUID": "ab261027-4863-4295-bf4d-3a90b90009fd",
              "isHook": false,
              "skipped": false
            },
            {
              "title": "I can start adding fees",
              "fullTitle": "Cadet Student Applies for Nursing CPR I can start adding fees",
              "timedOut": null,
              "duration": 3096,
              "state": "passed",
              "speed": "fast",
              "pass": true,
              "fail": false,
              "pending": false,
              "context": null,
              "code": "cy.contains('button', ' Add Fees ').click();\ncy.wait(3000);",
              "err": {},
              "uuid": "c7c4d730-fcdc-4e38-b71e-6d4dafa14cfa",
              "parentUUID": "ab261027-4863-4295-bf4d-3a90b90009fd",
              "isHook": false,
              "skipped": false
            },
            {
              "title": "I can add one time nursing fee",
              "fullTitle": "Cadet Student Applies for Nursing CPR I can add one time nursing fee",
              "timedOut": null,
              "duration": 4866,
              "state": "passed",
              "speed": "fast",
              "pass": true,
              "fail": false,
              "pending": false,
              "context": null,
              "code": "// type\ncy.get('mat-select[formcontrolname=\"fundingRequestItemFeeTypeId\"]').click();\ncy.get('mat-option').contains(' Required Nurse Uniforms/Clinical Supplies/Equipment Fee ').click();\ncy.wait(3000);\n// check cost is readonly\ncy.getInputControl('cost').should('have.attr', 'readonly');\n// description\n//cy.get('[formcontrolname=\"feeDescription\"]').click().type('test')\ncy.contains('mat-form-field', 'Description').click().type('One time fee for Cypress test');\n// add fee\ncy.contains('button', ' Add Fee ').click();\ncy.wait(1000);",
              "err": {},
              "uuid": "6645a230-c931-409a-b3e8-d1373de28166",
              "parentUUID": "ab261027-4863-4295-bf4d-3a90b90009fd",
              "isHook": false,
              "skipped": false
            },
            {
              "title": "I can add test fee",
              "fullTitle": "Cadet Student Applies for Nursing CPR I can add test fee",
              "timedOut": null,
              "duration": 3934,
              "state": "passed",
              "speed": "fast",
              "pass": true,
              "fail": false,
              "pending": false,
              "context": null,
              "code": "cy.contains('button', ' Add Fees ').click();\ncy.wait(1000);\n// type\ncy.get('mat-select[formcontrolname=\"fundingRequestItemFeeTypeId\"]').click();\ncy.get('mat-option').contains('NCLEX-RN Test Fee').click();\ncy.wait(1000);\n// check cost is readonly\ncy.getInputControl('cost').should('have.attr', 'readonly');\n// description\n//cy.get('[formcontrolname=\"feeDescription\"]').click().type('test')\ncy.contains('mat-form-field', 'Description').click().type('Test fee for Cypress test');\n// add fee\ncy.contains('button', ' Add Fee ').click();\ncy.wait(1000);",
              "err": {},
              "uuid": "259418b9-aaaf-4672-83c7-2f3924138d52",
              "parentUUID": "ab261027-4863-4295-bf4d-3a90b90009fd",
              "isHook": false,
              "skipped": false
            },
            {
              "title": "I can add test review fee",
              "fullTitle": "Cadet Student Applies for Nursing CPR I can add test review fee",
              "timedOut": null,
              "duration": 4697,
              "state": "passed",
              "speed": "fast",
              "pass": true,
              "fail": false,
              "pending": false,
              "context": null,
              "code": "cy.contains('button', ' Add Fees ').click();\ncy.wait(1000);\n// type\ncy.get('mat-select[formcontrolname=\"fundingRequestItemFeeTypeId\"]').click();\ncy.get('mat-option').contains('NCLEX-RN Test Review Course').click();\ncy.wait(1000);\n// description\n//cy.get('[formcontrolname=\"feeDescription\"]').click().type('test')\ncy.contains('mat-form-field', 'Description').click().type('Test review fee for Cypress test');\n// check if I can add less than $500 with no stopper\ncy.getInputControl('cost').clear().type('200');\ncy.contains('You have exceeded the allowable amount for this item').should('not.exist');\n// check if I can more than $500 and see stopper\ncy.getInputControl('cost').clear().type('501');\n//cy.contains('You have exceeded the allowable amount for this item')\ncy.get('button:contains(\" Add Fee \")').should('be.disabled');\n// revert back to $500\ncy.getInputControl('cost').clear().type('500');\n// add fee\ncy.contains('button', ' Add Fee ').click();\ncy.wait(1000);",
              "err": {},
              "uuid": "a5efa04d-0053-4f65-8b39-15d1ff999407",
              "parentUUID": "ab261027-4863-4295-bf4d-3a90b90009fd",
              "isHook": false,
              "skipped": false
            },
            {
              "title": "I can only add one fee per fee type",
              "fullTitle": "Cadet Student Applies for Nursing CPR I can only add one fee per fee type",
              "timedOut": null,
              "duration": 11660,
              "state": "passed",
              "speed": "slow",
              "pass": true,
              "fail": false,
              "pending": false,
              "context": null,
              "code": "cy.contains('button', ' Add Fees ').click();\n// only ONE nursing fee\n// type\ncy.get('mat-select[formcontrolname=\"fundingRequestItemFeeTypeId\"]').click();\ncy.get('mat-option').contains(' Required Nurse Uniforms/Clinical Supplies/Equipment Fee ').click().wait(2000);\n// description\ncy.contains('mat-form-field', 'Description').click().type('Nursing fee for Cypress test');\n// add fee\ncy.contains('button', ' Add Fee ').click();\n// stopper\ncy.contains('This fee is already on the application. You must remove the duplicate fee').wait(1000);\n// only ONE test fee\n// type\ncy.get('mat-select[formcontrolname=\"fundingRequestItemFeeTypeId\"]').click();\ncy.get('mat-option').contains('NCLEX-RN Test Fee').click().wait(2000);\n// description\ncy.contains('mat-form-field', 'Description').clear().click().type('Test fee for Cypress test');\n// add fee\ncy.contains('button', ' Add Fee ').click();\n// stopper\ncy.contains('This fee is already on the application. You must remove the duplicate fee');\n// only ONE test review fee\n// type\ncy.get('mat-select[formcontrolname=\"fundingRequestItemFeeTypeId\"]').click();\ncy.get('mat-option').contains('NCLEX-RN Test Review Course').click().wait(1000);\n// description\ncy.contains('mat-form-field', 'Description').clear().click().type('Test review fee for Cypress test').wait(1000);\ncy.getInputControl('cost').clear().type('500');\n// add fee\ncy.contains('button', ' Add Fee ').click();\n// stopper\ncy.contains('This fee is already on the application. You must remove the duplicate fee').wait(1000);\ncy.contains('button', ' Cancel ').click();\ncy.contains('button', 'Yes').click();",
              "err": {},
              "uuid": "0be3d75a-0404-4ccd-ba90-0266aac40765",
              "parentUUID": "ab261027-4863-4295-bf4d-3a90b90009fd",
              "isHook": false,
              "skipped": false
            },
            {
              "title": "I can review fee total",
              "fullTitle": "Cadet Student Applies for Nursing CPR I can review fee total",
              "timedOut": null,
              "duration": 25,
              "state": "passed",
              "speed": "fast",
              "pass": true,
              "fail": false,
              "pending": false,
              "context": null,
              "code": "cy.contains('Fees total: $1,350.00');",
              "err": {},
              "uuid": "a30f5217-955d-472e-994d-9eeeef6cb86a",
              "parentUUID": "ab261027-4863-4295-bf4d-3a90b90009fd",
              "isHook": false,
              "skipped": false
            },
            {
              "title": "I can upload invoice file",
              "fullTitle": "Cadet Student Applies for Nursing CPR I can upload invoice file",
              "timedOut": null,
              "duration": 1041,
              "state": "passed",
              "speed": "fast",
              "pass": true,
              "fail": false,
              "pending": false,
              "context": null,
              "code": "cy.wait(500);\nconst fixtureFile = 'CPRSupportingDoc.pdf';\ncy.get('input[type=\"file\"]').attachFile(fixtureFile);\ncy.wait(500);\ncy.contains('Attached Invoice');",
              "err": {},
              "uuid": "099127d7-d71a-49a3-81a3-a43b113e6a42",
              "parentUUID": "ab261027-4863-4295-bf4d-3a90b90009fd",
              "isHook": false,
              "skipped": false
            },
            {
              "title": "I can submit all three nursing fees",
              "fullTitle": "Cadet Student Applies for Nursing CPR I can submit all three nursing fees",
              "timedOut": null,
              "duration": 6262,
              "state": "passed",
              "speed": "medium",
              "pass": true,
              "fail": false,
              "pending": false,
              "context": null,
              "code": "cy.contains('button', ' Submit ').click();\ncy.wait(3000);\ncy.contains('Congratulations your Cadet Payment Request has been submitted and is awaiting approval');\ncy.contains('button', ' FINISHED ').click();\ncy.wait(3000);",
              "err": {},
              "uuid": "3690ca80-cd46-4db2-8f45-c5b76a4e67c6",
              "parentUUID": "ab261027-4863-4295-bf4d-3a90b90009fd",
              "isHook": false,
              "skipped": false
            },
            {
              "title": "I see my pending nursing fee requests",
              "fullTitle": "Cadet Student Applies for Nursing CPR I see my pending nursing fee requests",
              "timedOut": null,
              "duration": 3756,
              "state": "passed",
              "speed": "fast",
              "pass": true,
              "fail": false,
              "pending": false,
              "context": null,
              "code": "cy.visit('/funding-request/all');\ncy.contains('Cadet Payment Requests').click();\ncy.wait(2000);\ncy.contains('650');\ncy.contains('200');\ncy.contains('500');\ncy.contains(' Pending Cadre Review ');",
              "err": {},
              "uuid": "2e26cec0-be16-4772-b0b0-b22f7befa010",
              "parentUUID": "ab261027-4863-4295-bf4d-3a90b90009fd",
              "isHook": false,
              "skipped": false
            },
            {
              "title": "Can Approve CPR via API",
              "fullTitle": "Cadet Student Applies for Nursing CPR Can Approve CPR via API",
              "timedOut": null,
              "duration": 471,
              "state": "passed",
              "speed": "fast",
              "pass": true,
              "fail": false,
              "pending": false,
              "context": null,
              "code": "cy.retrieveToken();\ncy.getFundingRequest('2015').then((response) => {\n    const fundingRequestID = response.body[0].id;\n    cy.PostFundingRequestStatus('2015', fundingRequestID, '35');\n});",
              "err": {},
              "uuid": "2b1e43fb-8c43-432f-9217-c7816ad4c298",
              "parentUUID": "ab261027-4863-4295-bf4d-3a90b90009fd",
              "isHook": false,
              "skipped": false
            },
            {
              "title": "Can Validate that the CPR is approved by cadre",
              "fullTitle": "Cadet Student Applies for Nursing CPR Can Validate that the CPR is approved by cadre",
              "timedOut": null,
              "duration": 2887,
              "state": "passed",
              "speed": "fast",
              "pass": true,
              "fail": false,
              "pending": false,
              "context": null,
              "code": "cy.visit('/funding-request/all').wait(2000);\ncy.get('app-funding-request-item').first().contains(' Cadre Concurs / Pending PMS or XO Review ');",
              "err": {},
              "uuid": "b2a8dd02-4e61-4aea-ad36-29f3dce6318f",
              "parentUUID": "ab261027-4863-4295-bf4d-3a90b90009fd",
              "isHook": false,
              "skipped": false
            },
            {
              "title": "Can Approve CPR via API",
              "fullTitle": "Cadet Student Applies for Nursing CPR Can Approve CPR via API",
              "timedOut": null,
              "duration": 450,
              "state": "passed",
              "speed": "fast",
              "pass": true,
              "fail": false,
              "pending": false,
              "context": null,
              "code": "cy.retrieveToken();\ncy.getFundingRequest('2015').then((response) => {\n    const fundingRequestID = response.body[0].id;\n    cy.PostFundingRequestStatus('2015', fundingRequestID, '46');\n});",
              "err": {},
              "uuid": "11e994db-d72a-4034-9e71-36c1aa9fced7",
              "parentUUID": "ab261027-4863-4295-bf4d-3a90b90009fd",
              "isHook": false,
              "skipped": false
            },
            {
              "title": "Can Validate that the PMS/XO approved",
              "fullTitle": "Cadet Student Applies for Nursing CPR Can Validate that the PMS/XO approved",
              "timedOut": null,
              "duration": 3401,
              "state": "passed",
              "speed": "fast",
              "pass": true,
              "fail": false,
              "pending": false,
              "context": null,
              "code": "cy.visit('/funding-request/all').wait(2000);\ncy.get('app-funding-request-item').first().contains(' PMS or XO Concurs / Pending G8 Preapprover ');",
              "err": {},
              "uuid": "1c546159-1715-4bc3-aecb-a716a38202bd",
              "parentUUID": "ab261027-4863-4295-bf4d-3a90b90009fd",
              "isHook": false,
              "skipped": false
            },
            {
              "title": "Can G8 PreApprover approve CPR via API",
              "fullTitle": "Cadet Student Applies for Nursing CPR Can G8 PreApprover approve CPR via API",
              "timedOut": null,
              "duration": 215,
              "state": "passed",
              "speed": "fast",
              "pass": true,
              "fail": false,
              "pending": false,
              "context": null,
              "code": "cy.retrieveToken();\ncy.getFundingRequest('2015').then((response) => {\n    const fundingRequestID = response.body[0].id;\n    cy.PostFundingRequestStatus('2015', fundingRequestID, '47');\n});",
              "err": {},
              "uuid": "c2d53698-15a0-4d2b-8645-bae602b10e26",
              "parentUUID": "ab261027-4863-4295-bf4d-3a90b90009fd",
              "isHook": false,
              "skipped": false
            },
            {
              "title": "Can Validate that the CPR is G8 PREAPPROVER REVIEWED",
              "fullTitle": "Cadet Student Applies for Nursing CPR Can Validate that the CPR is G8 PREAPPROVER REVIEWED",
              "timedOut": null,
              "duration": 2976,
              "state": "passed",
              "speed": "fast",
              "pass": true,
              "fail": false,
              "pending": false,
              "context": null,
              "code": "cy.visit('/funding-request/all').wait(2000);\ncy.get('app-funding-request-item').first().contains(' G8 Preapprover Reviewed ');",
              "err": {},
              "uuid": "4a25ab70-de3a-43fd-8fc1-d1dee40745c0",
              "parentUUID": "ab261027-4863-4295-bf4d-3a90b90009fd",
              "isHook": false,
              "skipped": false
            },
            {
              "title": "Set back to pending cadre review status",
              "fullTitle": "Cadet Student Applies for Nursing CPR Set back to pending cadre review status",
              "timedOut": null,
              "duration": 2437,
              "state": "passed",
              "speed": "fast",
              "pass": true,
              "fail": false,
              "pending": false,
              "context": null,
              "code": "cy.retrieveToken();\ncy.getFundingRequest('2015').then((response) => {\n    const fundingRequestID = response.body[0].id;\n    cy.PostFundingRequestStatus('2015', fundingRequestID, '34');\n});\ncy.visit('/funding-request/all').wait(2000);",
              "err": {},
              "uuid": "7d872e3d-776c-4a94-8d2c-5384063db8cd",
              "parentUUID": "ab261027-4863-4295-bf4d-3a90b90009fd",
              "isHook": false,
              "skipped": false
            },
            {
              "title": "I can cancel my CPR request",
              "fullTitle": "Cadet Student Applies for Nursing CPR I can cancel my CPR request",
              "timedOut": null,
              "duration": 2263,
              "state": "passed",
              "speed": "fast",
              "pass": true,
              "fail": false,
              "pending": false,
              "context": null,
              "code": "cy.wait(2000);\ncy.contains('Cancel').click();\ncy.contains('button', 'Yes').click();",
              "err": {},
              "uuid": "32043b71-9080-4ff0-847f-870538a04d14",
              "parentUUID": "ab261027-4863-4295-bf4d-3a90b90009fd",
              "isHook": false,
              "skipped": false
            }
          ],
          "suites": [],
          "passes": [
            "97d8aab4-c337-4dfe-a177-7cdf27e43bdc",
            "593c6c15-c535-4600-8843-c49d2d654cb8",
            "ce98b5f3-9f9c-4525-86cc-ef52d8360137",
            "c7c4d730-fcdc-4e38-b71e-6d4dafa14cfa",
            "6645a230-c931-409a-b3e8-d1373de28166",
            "259418b9-aaaf-4672-83c7-2f3924138d52",
            "a5efa04d-0053-4f65-8b39-15d1ff999407",
            "0be3d75a-0404-4ccd-ba90-0266aac40765",
            "a30f5217-955d-472e-994d-9eeeef6cb86a",
            "099127d7-d71a-49a3-81a3-a43b113e6a42",
            "3690ca80-cd46-4db2-8f45-c5b76a4e67c6",
            "2e26cec0-be16-4772-b0b0-b22f7befa010",
            "2b1e43fb-8c43-432f-9217-c7816ad4c298",
            "b2a8dd02-4e61-4aea-ad36-29f3dce6318f",
            "11e994db-d72a-4034-9e71-36c1aa9fced7",
            "1c546159-1715-4bc3-aecb-a716a38202bd",
            "c2d53698-15a0-4d2b-8645-bae602b10e26",
            "4a25ab70-de3a-43fd-8fc1-d1dee40745c0",
            "7d872e3d-776c-4a94-8d2c-5384063db8cd",
            "32043b71-9080-4ff0-847f-870538a04d14"
          ],
          "failures": [],
          "pending": [],
          "skipped": [],
          "duration": 65656,
          "root": false,
          "rootEmpty": false,
          "_timeout": 2000
        }
      ],
      "passes": [],
      "failures": [],
      "pending": [],
      "skipped": [],
      "duration": 0,
      "root": true,
      "rootEmpty": true,
      "_timeout": 2000
    }
  ],
  "meta": {
    "mocha": {
      "version": "7.0.1"
    },
    "mochawesome": {
      "options": {
        "quiet": false,
        "reportFilename": "mochawesome",
        "saveHtml": false,
        "saveJson": true,
        "consoleReporter": "spec",
        "useInlineDiffs": false,
        "code": true
      },
      "version": "7.1.3"
    },
    "marge": {
      "options": {
        "reportDir": "cypress/reports/mocha",
        "overwrite": false,
        "html": false,
        "json": true
      },
      "version": "6.2.0"
    }
  }
}