{
  "stats": {
    "suites": 1,
    "tests": 21,
    "passes": 21,
    "pending": 0,
    "failures": 0,
    "start": "2024-04-16T12:36:58.140Z",
    "end": "2024-04-16T12:37:52.942Z",
    "duration": 54802,
    "testsRegistered": 21,
    "passPercent": 100,
    "pendingPercent": 0,
    "other": 0,
    "hasOther": false,
    "skipped": 0,
    "hasSkipped": false
  },
  "results": [
    {
      "uuid": "cff9f03b-b63e-4ed0-bd01-6dfe704e6437",
      "title": "",
      "fullFile": "cypress\\e2e\\_TAFunding\\EducationGoal\\BachelorsGoals\\bachelors\\active.cy.ts",
      "file": "cypress\\e2e\\_TAFunding\\EducationGoal\\BachelorsGoals\\bachelors\\active.cy.ts",
      "beforeHooks": [],
      "afterHooks": [],
      "tests": [],
      "suites": [
        {
          "uuid": "50680f2c-55c3-46b1-ba48-ab06181b8064",
          "title": "Active Army Student Applies for Bachelor Ed Goal and Funding",
          "fullFile": "",
          "file": "",
          "beforeHooks": [],
          "afterHooks": [],
          "tests": [
            {
              "title": "I can navigate to Goals page as student",
              "fullTitle": "Active Army Student Applies for Bachelor Ed Goal and Funding I can navigate to Goals page as student",
              "timedOut": null,
              "duration": 7176,
              "state": "passed",
              "speed": "medium",
              "pass": true,
              "fail": false,
              "pending": false,
              "context": null,
              "code": "cy.login('Cypress', 'ActiveBachelorsGoal');\ncy.wait(500);\ncy.contains('Education Goals').click();",
              "err": {},
              "uuid": "88113117-9f33-4d84-856f-5d587e38ba5d",
              "parentUUID": "50680f2c-55c3-46b1-ba48-ab06181b8064",
              "isHook": false,
              "skipped": false
            },
            {
              "title": "Delete existing Ed Goal if it exists",
              "fullTitle": "Active Army Student Applies for Bachelor Ed Goal and Funding Delete existing Ed Goal if it exists",
              "timedOut": null,
              "duration": 336,
              "state": "passed",
              "speed": "fast",
              "pass": true,
              "fail": false,
              "pending": false,
              "context": null,
              "code": "cy.retrieveToken();\ncy.GetEducationGoal('3323771').then((response) => {\n    const goalId = response.body[0].id;\n    cy.DeleteEducationGoal('3323771', goalId);\n});",
              "err": {},
              "uuid": "3533c6bd-f9e6-45a8-9f5b-1394210aa620",
              "parentUUID": "50680f2c-55c3-46b1-ba48-ab06181b8064",
              "isHook": false,
              "skipped": false
            },
            {
              "title": "I can start creating Education Goal if none exist",
              "fullTitle": "Active Army Student Applies for Bachelor Ed Goal and Funding I can start creating Education Goal if none exist",
              "timedOut": null,
              "duration": 2436,
              "state": "passed",
              "speed": "fast",
              "pass": true,
              "fail": false,
              "pending": false,
              "context": null,
              "code": "cy.contains('Education Goals').click().wait(500);\ncy.contains('CREATE NEW GOAL').click().wait(500);\ncy.contains('Bachelors Degree').click().wait(1000);",
              "err": {},
              "uuid": "96c6f6e6-64be-4243-8bfc-d0090bc2ea4f",
              "parentUUID": "50680f2c-55c3-46b1-ba48-ab06181b8064",
              "isHook": false,
              "skipped": false
            },
            {
              "title": "I can enter Institution information",
              "fullTitle": "Active Army Student Applies for Bachelor Ed Goal and Funding I can enter Institution information",
              "timedOut": null,
              "duration": 5304,
              "state": "passed",
              "speed": "medium",
              "pass": true,
              "fail": false,
              "pending": false,
              "context": null,
              "code": "cy.getInputControl('institution').type('AMERICAN MILITARY UNIVERSITY (AMU)').wait(3000).type('{downarrow}{enter}');\ncy.getInputControl('institutionStudentId').type('666312').wait(1000);\ncy.contains('Next').click();",
              "err": {},
              "uuid": "6681c70c-d577-4812-b53e-de3f1b931437",
              "parentUUID": "50680f2c-55c3-46b1-ba48-ab06181b8064",
              "isHook": false,
              "skipped": false
            },
            {
              "title": "I can enter Degree Program information",
              "fullTitle": "Active Army Student Applies for Bachelor Ed Goal and Funding I can enter Degree Program information",
              "timedOut": null,
              "duration": 2706,
              "state": "passed",
              "speed": "fast",
              "pass": true,
              "fail": false,
              "pending": false,
              "context": null,
              "code": "cy.getInputControl(\"TitleKeyWord\").type('Accounting{downarrow}{enter}');\ncy.wait(1000);\ncy.get('.row-header').first().click();\ncy.wait(1000);\ncy.get('button').contains('Next').click({ force: true });",
              "err": {},
              "uuid": "bd462514-6ab4-4196-a730-8c2459167f24",
              "parentUUID": "50680f2c-55c3-46b1-ba48-ab06181b8064",
              "isHook": false,
              "skipped": false
            },
            {
              "title": "I can enter Degree Plan File information",
              "fullTitle": "Active Army Student Applies for Bachelor Ed Goal and Funding I can enter Degree Plan File information",
              "timedOut": null,
              "duration": 98,
              "state": "passed",
              "speed": "fast",
              "pass": true,
              "fail": false,
              "pending": false,
              "context": null,
              "code": "cy.contains('Next').click({ force: true });",
              "err": {},
              "uuid": "73de4071-eb3d-4914-ab24-acf2cc27b0d1",
              "parentUUID": "50680f2c-55c3-46b1-ba48-ab06181b8064",
              "isHook": false,
              "skipped": false
            },
            {
              "title": "I can enter Credits information",
              "fullTitle": "Active Army Student Applies for Bachelor Ed Goal and Funding I can enter Credits information",
              "timedOut": null,
              "duration": 209,
              "state": "passed",
              "speed": "fast",
              "pass": true,
              "fail": false,
              "pending": false,
              "context": null,
              "code": "cy.getInputControl('previouslyCompletedCredits').type('1');",
              "err": {},
              "uuid": "7fd1b338-58c3-443b-990c-f3fc6ba072ef",
              "parentUUID": "50680f2c-55c3-46b1-ba48-ab06181b8064",
              "isHook": false,
              "skipped": false
            },
            {
              "title": "I can submit Ed Goal",
              "fullTitle": "Active Army Student Applies for Bachelor Ed Goal and Funding I can submit Ed Goal",
              "timedOut": null,
              "duration": 3767,
              "state": "passed",
              "speed": "fast",
              "pass": true,
              "fail": false,
              "pending": false,
              "context": null,
              "code": "cy.contains('Submit Goal').click().wait(500);\ncy.get('button').contains('Yes').click().wait(3000);",
              "err": {},
              "uuid": "370f52f0-afdd-440b-9beb-4c37e936b916",
              "parentUUID": "50680f2c-55c3-46b1-ba48-ab06181b8064",
              "isHook": false,
              "skipped": false
            },
            {
              "title": "I recieved message of Ed Goal successfully created",
              "fullTitle": "Active Army Student Applies for Bachelor Ed Goal and Funding I recieved message of Ed Goal successfully created",
              "timedOut": null,
              "duration": 2829,
              "state": "passed",
              "speed": "fast",
              "pass": true,
              "fail": false,
              "pending": false,
              "context": null,
              "code": "cy.visit('/messaging');\ncy.wait(2000);\ncy.contains('Your education goal has been created');",
              "err": {},
              "uuid": "e8afb632-32b1-459b-a95d-440d9a0376f8",
              "parentUUID": "50680f2c-55c3-46b1-ba48-ab06181b8064",
              "isHook": false,
              "skipped": false
            },
            {
              "title": "Approves ed goal via API",
              "fullTitle": "Active Army Student Applies for Bachelor Ed Goal and Funding Approves ed goal via API",
              "timedOut": null,
              "duration": 310,
              "state": "passed",
              "speed": "fast",
              "pass": true,
              "fail": false,
              "pending": false,
              "context": null,
              "code": "cy.retrieveToken();\ncy.GetEducationGoal('3323771').then((response) => {\n    const goalId = response.body[0].id;\n    cy.ApproveEducationGoal('3323771', goalId);\n});",
              "err": {},
              "uuid": "82ee802f-c63e-4ea5-8e35-c81ec70c16e4",
              "parentUUID": "50680f2c-55c3-46b1-ba48-ab06181b8064",
              "isHook": false,
              "skipped": false
            },
            {
              "title": "I recieved message of Ed Goal successfully approved",
              "fullTitle": "Active Army Student Applies for Bachelor Ed Goal and Funding I recieved message of Ed Goal successfully approved",
              "timedOut": null,
              "duration": 2737,
              "state": "passed",
              "speed": "fast",
              "pass": true,
              "fail": false,
              "pending": false,
              "context": null,
              "code": "cy.visit('/messaging');\ncy.wait(2000);\ncy.contains('Education Goal Approved');",
              "err": {},
              "uuid": "1d23fd9a-8baa-43ec-b6f0-817c53826eed",
              "parentUUID": "50680f2c-55c3-46b1-ba48-ab06181b8064",
              "isHook": false,
              "skipped": false
            },
            {
              "title": "I can apply for funding",
              "fullTitle": "Active Army Student Applies for Bachelor Ed Goal and Funding I can apply for funding",
              "timedOut": null,
              "duration": 2211,
              "state": "passed",
              "speed": "fast",
              "pass": true,
              "fail": false,
              "pending": false,
              "context": null,
              "code": "cy.contains('Education Goals').click();\ncy.wait(2000);\ncy.contains('Apply For Funding').click({ force: true });",
              "err": {},
              "uuid": "43922dc0-ded9-4ffd-91c1-73c2b24bbfad",
              "parentUUID": "50680f2c-55c3-46b1-ba48-ab06181b8064",
              "isHook": false,
              "skipped": false
            },
            {
              "title": "I can verify and proceed",
              "fullTitle": "Active Army Student Applies for Bachelor Ed Goal and Funding I can verify and proceed",
              "timedOut": null,
              "duration": 2237,
              "state": "passed",
              "speed": "fast",
              "pass": true,
              "fail": false,
              "pending": false,
              "context": null,
              "code": "cy.contains('Verify and Proceed').click();\ncy.wait(1000);\ncy.get('[type=\"checkbox\"]').check({ force: true });",
              "err": {},
              "uuid": "26282e19-38f6-46d7-b548-85d66ce2d85d",
              "parentUUID": "50680f2c-55c3-46b1-ba48-ab06181b8064",
              "isHook": false,
              "skipped": false
            },
            {
              "title": "I can see Military Service Obligation text",
              "fullTitle": "Active Army Student Applies for Bachelor Ed Goal and Funding I can see Military Service Obligation text",
              "timedOut": null,
              "duration": 2037,
              "state": "passed",
              "speed": "fast",
              "pass": true,
              "fail": false,
              "pending": false,
              "context": null,
              "code": "cy.contains('I acknowledge (Commissioned Officers, CW2/2LT & up) that I incur a Military Service Obligation (MSO) IAW Title 10 USC, Section 2007. As a regular Army, Active Guard and Reserve, or Title 10/Title 32 mobilized Officer, I acknowledge that I incur an Active Duty Service Obligation (ADSO) of two years. As a Reserve Component (USAR/ARNG) officer, I acknowledge that I incur a Reserve Duty Service Obligation (RDSO) of four years. The TA MSO begins on the ending term date of each class for which TA was approved. I understand that I may not under any circumstances reimburse an institution or a TA-funded class to avoid an MSO. Only the Secretary of the Army or designee may waive my TA-imposed MSO; if waived, I am subject to recoupment of TA.');\ncy.wait(2000);",
              "err": {},
              "uuid": "74a79ea4-82ed-4a28-92a7-46c4f2b23cd5",
              "parentUUID": "50680f2c-55c3-46b1-ba48-ab06181b8064",
              "isHook": false,
              "skipped": false
            },
            {
              "title": "I agree to conditions",
              "fullTitle": "Active Army Student Applies for Bachelor Ed Goal and Funding I agree to conditions",
              "timedOut": null,
              "duration": 389,
              "state": "passed",
              "speed": "fast",
              "pass": true,
              "fail": false,
              "pending": false,
              "context": null,
              "code": "cy.contains('I Agree, Continue').click();\ncy.get('mat-radio-button input').check('false', { force: true });\ncy.contains('Next').click();",
              "err": {},
              "uuid": "56bf0b35-281e-487f-9e55-fa71ea1d1d99",
              "parentUUID": "50680f2c-55c3-46b1-ba48-ab06181b8064",
              "isHook": false,
              "skipped": false
            },
            {
              "title": "I answer deployed location question",
              "fullTitle": "Active Army Student Applies for Bachelor Ed Goal and Funding I answer deployed location question",
              "timedOut": null,
              "duration": 1150,
              "state": "passed",
              "speed": "fast",
              "pass": true,
              "fail": false,
              "pending": false,
              "context": null,
              "code": "cy.get('input[formControlName=campus]').click().wait(1000);",
              "err": {},
              "uuid": "ef5cbf6f-722b-4a2c-bd0a-34adeb5cb1bd",
              "parentUUID": "50680f2c-55c3-46b1-ba48-ab06181b8064",
              "isHook": false,
              "skipped": false
            },
            {
              "title": "I choose my campus",
              "fullTitle": "Active Army Student Applies for Bachelor Ed Goal and Funding I choose my campus",
              "timedOut": null,
              "duration": 403,
              "state": "passed",
              "speed": "fast",
              "pass": true,
              "fail": false,
              "pending": false,
              "context": null,
              "code": "cy.getInputControl('campus').type('{downarrow}{enter}');\n//submit next button \ncy.contains('Next').click({ force: true });\ncy.contains('Next').click({ force: true });",
              "err": {},
              "uuid": "2afc44ce-c207-4d7e-a9ec-1f7eb0c2f691",
              "parentUUID": "50680f2c-55c3-46b1-ba48-ab06181b8064",
              "isHook": false,
              "skipped": false
            },
            {
              "title": "I provide term dates",
              "fullTitle": "Active Army Student Applies for Bachelor Ed Goal and Funding I provide term dates",
              "timedOut": null,
              "duration": 3514,
              "state": "passed",
              "speed": "fast",
              "pass": true,
              "fail": false,
              "pending": false,
              "context": null,
              "code": "// add term dates though pre-populated options\ncy.get('.termTitle').first().click().wait(1000);\n// get more than 30 days away\n/* var todayDate = moment().add(30,'days').format(\"M/DD/YYYY\");\nvar tomorrowDate = moment().add(32,'days').format(\"M/DD/YYYY\");\n// add course dates\ncy.getInputControl('endDate').type(tomorrowDate);\ncy.getInputControl('startDate').type(todayDate);\ncy.wait(2000); */\n// submit search \ncy.get('button').contains('Next').click({ force: true });\ncy.wait(2000);",
              "err": {},
              "uuid": "9d6ea7b4-cf4c-4859-8cd3-5506f51812b7",
              "parentUUID": "50680f2c-55c3-46b1-ba48-ab06181b8064",
              "isHook": false,
              "skipped": false
            },
            {
              "title": "I choose add course",
              "fullTitle": "Active Army Student Applies for Bachelor Ed Goal and Funding I choose add course",
              "timedOut": null,
              "duration": 9945,
              "state": "passed",
              "speed": "medium",
              "pass": true,
              "fail": false,
              "pending": false,
              "context": null,
              "code": "cy.contains('Add Course').click();\ncy.wait(3000);\n// add preloaded course\ncy.get('#addCourseBtn').click();\ncy.wait(2000);\n// add cost per credit\ncy.get('[formcontrolname=creditCost]').contains('$275 - Test QH').click();\ncy.wait(2000);\n//submit added course\ncy.contains('Add Course').click();\ncy.wait(2000);\ncy.contains('Submit').click();\n//submit next button\ncy.contains('Submit').click();",
              "err": {},
              "uuid": "20586db7-a448-4042-b255-9c163d11afe9",
              "parentUUID": "50680f2c-55c3-46b1-ba48-ab06181b8064",
              "isHook": false,
              "skipped": false
            },
            {
              "title": "I recieved message of TAR successfully created",
              "fullTitle": "Active Army Student Applies for Bachelor Ed Goal and Funding I recieved message of TAR successfully created",
              "timedOut": null,
              "duration": 2884,
              "state": "passed",
              "speed": "fast",
              "pass": true,
              "fail": false,
              "pending": false,
              "context": null,
              "code": "cy.visit('/messaging');\ncy.wait(2000);\ncy.contains('Army Tuition Assistance Approved');",
              "err": {},
              "uuid": "4b396a67-fee4-42af-9f15-07b46aa59511",
              "parentUUID": "50680f2c-55c3-46b1-ba48-ab06181b8064",
              "isHook": false,
              "skipped": false
            },
            {
              "title": "I can cancel Funding Request as student",
              "fullTitle": "Active Army Student Applies for Bachelor Ed Goal and Funding I can cancel Funding Request as student",
              "timedOut": null,
              "duration": 1625,
              "state": "passed",
              "speed": "fast",
              "pass": true,
              "fail": false,
              "pending": false,
              "context": null,
              "code": "cy.wait(500);\ncy.contains('Funding Requests').click();\ncy.wait(100);\ncy.contains('Cancel').click();\ncy.get('button').contains('Yes').click();\ncy.screenshot();",
              "err": {},
              "uuid": "d819b44d-da12-4b71-a249-8c956ede0b03",
              "parentUUID": "50680f2c-55c3-46b1-ba48-ab06181b8064",
              "isHook": false,
              "skipped": false
            }
          ],
          "suites": [],
          "passes": [
            "88113117-9f33-4d84-856f-5d587e38ba5d",
            "3533c6bd-f9e6-45a8-9f5b-1394210aa620",
            "96c6f6e6-64be-4243-8bfc-d0090bc2ea4f",
            "6681c70c-d577-4812-b53e-de3f1b931437",
            "bd462514-6ab4-4196-a730-8c2459167f24",
            "73de4071-eb3d-4914-ab24-acf2cc27b0d1",
            "7fd1b338-58c3-443b-990c-f3fc6ba072ef",
            "370f52f0-afdd-440b-9beb-4c37e936b916",
            "e8afb632-32b1-459b-a95d-440d9a0376f8",
            "82ee802f-c63e-4ea5-8e35-c81ec70c16e4",
            "1d23fd9a-8baa-43ec-b6f0-817c53826eed",
            "43922dc0-ded9-4ffd-91c1-73c2b24bbfad",
            "26282e19-38f6-46d7-b548-85d66ce2d85d",
            "74a79ea4-82ed-4a28-92a7-46c4f2b23cd5",
            "56bf0b35-281e-487f-9e55-fa71ea1d1d99",
            "ef5cbf6f-722b-4a2c-bd0a-34adeb5cb1bd",
            "2afc44ce-c207-4d7e-a9ec-1f7eb0c2f691",
            "9d6ea7b4-cf4c-4859-8cd3-5506f51812b7",
            "20586db7-a448-4042-b255-9c163d11afe9",
            "4b396a67-fee4-42af-9f15-07b46aa59511",
            "d819b44d-da12-4b71-a249-8c956ede0b03"
          ],
          "failures": [],
          "pending": [],
          "skipped": [],
          "duration": 54303,
          "root": false,
          "rootEmpty": false,
          "_timeout": 2000
        }
      ],
      "passes": [],
      "failures": [],
      "pending": [],
      "skipped": [],
      "duration": 0,
      "root": true,
      "rootEmpty": true,
      "_timeout": 2000
    }
  ],
  "meta": {
    "mocha": {
      "version": "7.0.1"
    },
    "mochawesome": {
      "options": {
        "quiet": false,
        "reportFilename": "mochawesome",
        "saveHtml": false,
        "saveJson": true,
        "consoleReporter": "spec",
        "useInlineDiffs": false,
        "code": true
      },
      "version": "7.1.3"
    },
    "marge": {
      "options": {
        "reportDir": "cypress/reports/mocha",
        "overwrite": false,
        "html": false,
        "json": true
      },
      "version": "6.2.0"
    }
  }
}