{
  "stats": {
    "suites": 1,
    "tests": 19,
    "passes": 19,
    "pending": 0,
    "failures": 0,
    "start": "2024-04-16T12:30:01.493Z",
    "end": "2024-04-16T12:31:05.811Z",
    "duration": 64318,
    "testsRegistered": 19,
    "passPercent": 100,
    "pendingPercent": 0,
    "other": 0,
    "hasOther": false,
    "skipped": 0,
    "hasSkipped": false
  },
  "results": [
    {
      "uuid": "c215ae2f-0866-4bdb-902f-b6606929847b",
      "title": "",
      "fullFile": "cypress\\e2e\\_CIVFunding\\FundingRequest\\civ-sf182-request.cy.ts",
      "file": "cypress\\e2e\\_CIVFunding\\FundingRequest\\civ-sf182-request.cy.ts",
      "beforeHooks": [],
      "afterHooks": [],
      "tests": [],
      "suites": [
        {
          "uuid": "99795bbc-0bc4-426e-9ef1-667cca2a1a36",
          "title": "Civilian can create SF-182",
          "fullFile": "",
          "file": "",
          "beforeHooks": [],
          "afterHooks": [],
          "tests": [
            {
              "title": "I can access site",
              "fullTitle": "Civilian can create SF-182 I can access site",
              "timedOut": null,
              "duration": 6384,
              "state": "passed",
              "speed": "medium",
              "pass": true,
              "fail": false,
              "pending": false,
              "context": null,
              "code": "cy.login('Cypress', 'Civ');\ncy.wait(500);",
              "err": {},
              "uuid": "cd51bb92-2d0a-4dba-bdcc-1a2f3e4f7aa2",
              "parentUUID": "99795bbc-0bc4-426e-9ef1-667cca2a1a36",
              "isHook": false,
              "skipped": false
            },
            {
              "title": "I can navigate to SF-182",
              "fullTitle": "Civilian can create SF-182 I can navigate to SF-182",
              "timedOut": null,
              "duration": 607,
              "state": "passed",
              "speed": "fast",
              "pass": true,
              "fail": false,
              "pending": false,
              "context": null,
              "code": "cy.contains('Create SF182').click();\ncy.wait(500);",
              "err": {},
              "uuid": "4debe079-b58d-483c-a155-b938c5628e30",
              "parentUUID": "99795bbc-0bc4-426e-9ef1-667cca2a1a36",
              "isHook": false,
              "skipped": false
            },
            {
              "title": "I can proceed to Create SF-182",
              "fullTitle": "Civilian can create SF-182 I can proceed to Create SF-182",
              "timedOut": null,
              "duration": 625,
              "state": "passed",
              "speed": "fast",
              "pass": true,
              "fail": false,
              "pending": false,
              "context": null,
              "code": "cy.contains('Verify and Proceed').click();\ncy.wait(500);",
              "err": {},
              "uuid": "e893b5af-93e5-4945-93c6-0eedf5f3b089",
              "parentUUID": "99795bbc-0bc4-426e-9ef1-667cca2a1a36",
              "isHook": false,
              "skipped": false
            },
            {
              "title": "I can complete user agreement",
              "fullTitle": "Civilian can create SF-182 I can complete user agreement",
              "timedOut": null,
              "duration": 828,
              "state": "passed",
              "speed": "fast",
              "pass": true,
              "fail": false,
              "pending": false,
              "context": null,
              "code": "cy.get('.mdc-checkbox').eq(0).click();\ncy.get('.mdc-checkbox').eq(1).click();\ncy.get('.mdc-checkbox').eq(2).click();\ncy.get('.mdc-checkbox').eq(3).click();\ncy.get('.mdc-checkbox').eq(4).click();\ncy.get('.mdc-checkbox').eq(5).click();\ncy.get('.mdc-checkbox').eq(6).click();\ncy.get('.mdc-checkbox').eq(7).click();\ncy.contains('button', 'I Agree, Continue').click();",
              "err": {},
              "uuid": "3ad39905-cc13-4566-b45f-bcd3577c4ba7",
              "parentUUID": "99795bbc-0bc4-426e-9ef1-667cca2a1a36",
              "isHook": false,
              "skipped": false
            },
            {
              "title": "I can select my Position Level",
              "fullTitle": "Civilian can create SF-182 I can select my Position Level",
              "timedOut": null,
              "duration": 1293,
              "state": "passed",
              "speed": "fast",
              "pass": true,
              "fail": false,
              "pending": false,
              "context": null,
              "code": "cy.get('[formcontrolname=civilianTrainingPositionLevelTypeId]')\n    .click()\n    .wait(500);\ncy.contains(' Supervisory ')\n    .click()\n    .wait(500);",
              "err": {},
              "uuid": "d4cd67e8-2461-4a29-a011-b79339441c26",
              "parentUUID": "99795bbc-0bc4-426e-9ef1-667cca2a1a36",
              "isHook": false,
              "skipped": false
            },
            {
              "title": "I can select my Career Field",
              "fullTitle": "Civilian can create SF-182 I can select my Career Field",
              "timedOut": null,
              "duration": 1213,
              "state": "passed",
              "speed": "fast",
              "pass": true,
              "fail": false,
              "pending": false,
              "context": null,
              "code": "cy.get('[formcontrolname=civilianCareerFieldGroupId]')\n    .click()\n    .wait(500);\n//cy.contains(' Science, Engineering and Analysis ')\n//cy.contains(' Digital Technology ')\n//cy.contains(' Construction, Engineering and Infrastructure ')\n//cy.contains(' Logistics ')\n// cy.contains(' Installations ')\ncy.contains(' Medical ')\n    // cy.contains(' Security and Intelligence ')\n    // cy.contains(' Human Capital and Resource Mgmt ')\n    // cy.contains(' Education and Information Sciences ')\n    // cy.contains(' Contracting ')\n    // cy.contains(' Professional Services ')\n    //cy.contains(' Talent Development ')\n    // cy.contains(' Operations ')\n    // cy.contains(' Career Fields Dir ')\n    // cy.contains(' Career Management Support ')\n    // cy.contains(' CES Travel ')\n    // cy.contains(' Director, ACCMA ')\n    // cy.contains(' Operations & Plans Dir ')\n    // cy.contains(' R&O ')\n    // cy.contains(' SETM/ETM ')\n    // cy.contains(' Supervisory Talent Management ')\n    // cy.contains(' Talent Acquisition ')\n    // cy.contains(' Talent Assessment & Analysis ')\n    .click()\n    .wait(500);",
              "err": {},
              "uuid": "be94e028-92a3-44a3-87a2-48e8fb16987d",
              "parentUUID": "99795bbc-0bc4-426e-9ef1-667cca2a1a36",
              "isHook": false,
              "skipped": false
            },
            {
              "title": "I can choose if I need special accommodations",
              "fullTitle": "Civilian can create SF-182 I can choose if I need special accommodations",
              "timedOut": null,
              "duration": 97,
              "state": "passed",
              "speed": "fast",
              "pass": true,
              "fail": false,
              "pending": false,
              "context": null,
              "code": "cy.get('mat-radio-button')\n    .contains('No')\n    .click();",
              "err": {},
              "uuid": "dc66f4a2-1fd4-4a83-91bb-67fe26bb9eeb",
              "parentUUID": "99795bbc-0bc4-426e-9ef1-667cca2a1a36",
              "isHook": false,
              "skipped": false
            },
            {
              "title": "I can navigate to Vendor information",
              "fullTitle": "Civilian can create SF-182 I can navigate to Vendor information",
              "timedOut": null,
              "duration": 625,
              "state": "passed",
              "speed": "fast",
              "pass": true,
              "fail": false,
              "pending": false,
              "context": null,
              "code": "cy.contains('Next').click();\ncy.wait(500);",
              "err": {},
              "uuid": "4d33a903-6006-4d14-b650-98b7f18f3a16",
              "parentUUID": "99795bbc-0bc4-426e-9ef1-667cca2a1a36",
              "isHook": false,
              "skipped": false
            },
            {
              "title": "I can select my Vendor",
              "fullTitle": "Civilian can create SF-182 I can select my Vendor",
              "timedOut": null,
              "duration": 3729,
              "state": "passed",
              "speed": "fast",
              "pass": true,
              "fail": false,
              "pending": false,
              "context": null,
              "code": "cy.getInputControl('vendor').type('AMERICAN MILITARY UNIVERSITY (AMU)').wait(3000).type('{downarrow}{enter}');",
              "err": {},
              "uuid": "cded9477-e8ed-4c45-8ac2-0ffb3b83f0c8",
              "parentUUID": "99795bbc-0bc4-426e-9ef1-667cca2a1a36",
              "isHook": false,
              "skipped": false
            },
            {
              "title": "I can select my Campus",
              "fullTitle": "Civilian can create SF-182 I can select my Campus",
              "timedOut": null,
              "duration": 1201,
              "state": "passed",
              "speed": "fast",
              "pass": true,
              "fail": false,
              "pending": false,
              "context": null,
              "code": "cy.get('input[formControlName=campus]').click();\ncy.get('mat-option')\n    .contains(' AMERICAN MILITARY UNIVERSITY- MAIN CAMPUS ')\n    .click();\ncy.wait(1000);",
              "err": {},
              "uuid": "ef519fdc-6290-400a-a569-f92750d13748",
              "parentUUID": "99795bbc-0bc4-426e-9ef1-667cca2a1a36",
              "isHook": false,
              "skipped": false
            },
            {
              "title": "I can enter my Email",
              "fullTitle": "Civilian can create SF-182 I can enter my Email",
              "timedOut": null,
              "duration": 304,
              "state": "passed",
              "speed": "fast",
              "pass": true,
              "fail": false,
              "pending": false,
              "context": null,
              "code": "cy.getInputControl('emailAddress')\n    .type('test@test.com');",
              "err": {},
              "uuid": "0b2b02e1-85ff-40fd-899b-3ff953916d91",
              "parentUUID": "99795bbc-0bc4-426e-9ef1-667cca2a1a36",
              "isHook": false,
              "skipped": false
            },
            {
              "title": "I can enter my POC",
              "fullTitle": "Civilian can create SF-182 I can enter my POC",
              "timedOut": null,
              "duration": 238,
              "state": "passed",
              "speed": "fast",
              "pass": true,
              "fail": false,
              "pending": false,
              "context": null,
              "code": "cy.getInputControl('pointOfContact')\n    .type('Joe Test');",
              "err": {},
              "uuid": "fdcab4a1-9f7b-470c-8809-77e81f6f1301",
              "parentUUID": "99795bbc-0bc4-426e-9ef1-667cca2a1a36",
              "isHook": false,
              "skipped": false
            },
            {
              "title": "I can navigate to Course",
              "fullTitle": "Civilian can create SF-182 I can navigate to Course",
              "timedOut": null,
              "duration": 2611,
              "state": "passed",
              "speed": "fast",
              "pass": true,
              "fail": false,
              "pending": false,
              "context": null,
              "code": "cy.wait(500);\ncy.get('[id=vendor]')\n    .click();\ncy.wait(2000);",
              "err": {},
              "uuid": "bf5c212c-6f13-4bcc-a1d8-050dd101dba6",
              "parentUUID": "99795bbc-0bc4-426e-9ef1-667cca2a1a36",
              "isHook": false,
              "skipped": false
            },
            {
              "title": "I can add a course",
              "fullTitle": "Civilian can create SF-182 I can add a course",
              "timedOut": null,
              "duration": 2680,
              "state": "passed",
              "speed": "fast",
              "pass": true,
              "fail": false,
              "pending": false,
              "context": null,
              "code": "cy.get('[id=addCourseBtn')\n    .eq(0)\n    .click();\ncy.wait(2500);",
              "err": {},
              "uuid": "f244a8e9-5c63-4140-8481-024b2df4054b",
              "parentUUID": "99795bbc-0bc4-426e-9ef1-667cca2a1a36",
              "isHook": false,
              "skipped": false
            },
            {
              "title": "I can add course details",
              "fullTitle": "Civilian can create SF-182 I can add course details",
              "timedOut": null,
              "duration": 25980,
              "state": "passed",
              "speed": "slow",
              "pass": true,
              "fail": false,
              "pending": false,
              "context": null,
              "code": "var startDate = moment__WEBPACK_IMPORTED_MODULE_0__().add(10, 'days').format(\"M/DD/YYYY\");\nvar endDate = moment__WEBPACK_IMPORTED_MODULE_0__().add(100, 'days').format(\"M/DD/YYYY\");\ncy.contains('Training Start Date').click().type(startDate.toString());\ncy.wait(1500);\ncy.contains('Training Duty Hours').click().type('3').wait(1500);\ncy.contains('mat-label', 'Training Non-Duty Hours').click().type('3').wait(500);\ncy.get('[formcontrolname=civilianTrainingPurposeTypeId]')\n    .click()\n    .wait(500);\ncy.contains('Program/Mission')\n    .click()\n    .wait(500);\ncy.get('[formcontrolname=civilianTrainingTypeId]')\n    .click()\n    .wait(500);\ncy.contains('Training Program Area')\n    .click()\n    .wait(500);\ncy.get('[formcontrolname=civilianTrainingSubTypeId]')\n    .click()\n    .wait(500);\ncy.contains('Legal')\n    .click()\n    .wait(500);\ncy.get('[formcontrolname=civilianTrainingDeliveryTypeId]')\n    .click()\n    .wait(500);\ncy.contains('On the Job')\n    .click()\n    .wait(500);\ncy.get('[formcontrolname=civilianTrainingDesignationTypeId]')\n    .click()\n    .wait(500);\ncy.contains('Undergraduate Credit')\n    .click()\n    .wait(500);\ncy.get('[formcontrolname=trainingAccreditation]')\n    .contains('No')\n    .click()\n    .wait(500);\ncy.get('[formcontrolname=CSADateType]')\n    .click()\n    .wait(1500);\ncy.contains(' N/A ')\n    .click()\n    .wait(500);\ncy.get('[formcontrolname=civilianTrainingSourceTypeId]')\n    .click()\n    .wait(500);\ncy.contains('Government Internal')\n    .click()\n    .wait(500);\ncy.get('[formcontrolname=skillLearningObjective]')\n    .type(\"vel sapien.\")\n    .wait(500);\ncy.contains('Tuition and Fees')\n    .type(\"1000\")\n    .wait(500);\ncy.contains('Book and Material Costs')\n    .type(\"250\")\n    .wait(1500);\ncy.contains('Non-Government Contribution Cost')\n    .type(\"50\")\n    .wait(1500);\ncy.contains('Travel')\n    .type(\"75\")\n    .wait(1500);\ncy.contains('Per Diem')\n    .type(\"50\")\n    .wait(1500);\ncy.contains('Training End Date').click().type(endDate.toString());",
              "err": {},
              "uuid": "c1a04228-e8b3-41b8-bd39-4d690930a1d0",
              "parentUUID": "99795bbc-0bc4-426e-9ef1-667cca2a1a36",
              "isHook": false,
              "skipped": false
            },
            {
              "title": "Can attach a file",
              "fullTitle": "Civilian can create SF-182 Can attach a file",
              "timedOut": null,
              "duration": 2029,
              "state": "passed",
              "speed": "fast",
              "pass": true,
              "fail": false,
              "pending": false,
              "context": null,
              "code": "const fixtureFile = 'SF182SupportingDoc.pdf';\ncy.get('input[type=\"file\"]').attachFile(fixtureFile).wait(2000);",
              "err": {},
              "uuid": "6db341e2-db18-48b5-b1ad-d2d486f00e12",
              "parentUUID": "99795bbc-0bc4-426e-9ef1-667cca2a1a36",
              "isHook": false,
              "skipped": false
            },
            {
              "title": "I can submit the SF-182",
              "fullTitle": "Civilian can create SF-182 I can submit the SF-182",
              "timedOut": null,
              "duration": 4197,
              "state": "passed",
              "speed": "fast",
              "pass": true,
              "fail": false,
              "pending": false,
              "context": null,
              "code": "cy.get('button').contains(' Submit ').click({ force: true }).wait(2000);\ncy.get('button').contains('FINISHED').click({ force: true }).wait(2000);",
              "err": {},
              "uuid": "113c956b-4441-48f0-9de3-6794fb1c4d86",
              "parentUUID": "99795bbc-0bc4-426e-9ef1-667cca2a1a36",
              "isHook": false,
              "skipped": false
            },
            {
              "title": "I can view the SF-182",
              "fullTitle": "Civilian can create SF-182 I can view the SF-182",
              "timedOut": null,
              "duration": 6945,
              "state": "passed",
              "speed": "medium",
              "pass": true,
              "fail": false,
              "pending": false,
              "context": null,
              "code": "cy.contains('Funding Requests').click().wait(2000);\ncy.contains(\"SF-182's\").click().wait(2000);\ncy.get('#mat-expansion-panel-header-6 > .mat-expansion-indicator').click().wait(2000);",
              "err": {},
              "uuid": "500c5357-8d69-455f-b664-bf71a9d18664",
              "parentUUID": "99795bbc-0bc4-426e-9ef1-667cca2a1a36",
              "isHook": false,
              "skipped": false
            },
            {
              "title": "I can print the SF-182",
              "fullTitle": "Civilian can create SF-182 I can print the SF-182",
              "timedOut": null,
              "duration": 2363,
              "state": "passed",
              "speed": "fast",
              "pass": true,
              "fail": false,
              "pending": false,
              "context": null,
              "code": "cy.get('button').contains('Print PDF').click({ force: true }).wait(2000);",
              "err": {},
              "uuid": "6f6beaf0-217d-4206-a589-977160c1028f",
              "parentUUID": "99795bbc-0bc4-426e-9ef1-667cca2a1a36",
              "isHook": false,
              "skipped": false
            }
          ],
          "suites": [],
          "passes": [
            "cd51bb92-2d0a-4dba-bdcc-1a2f3e4f7aa2",
            "4debe079-b58d-483c-a155-b938c5628e30",
            "e893b5af-93e5-4945-93c6-0eedf5f3b089",
            "3ad39905-cc13-4566-b45f-bcd3577c4ba7",
            "d4cd67e8-2461-4a29-a011-b79339441c26",
            "be94e028-92a3-44a3-87a2-48e8fb16987d",
            "dc66f4a2-1fd4-4a83-91bb-67fe26bb9eeb",
            "4d33a903-6006-4d14-b650-98b7f18f3a16",
            "cded9477-e8ed-4c45-8ac2-0ffb3b83f0c8",
            "ef519fdc-6290-400a-a569-f92750d13748",
            "0b2b02e1-85ff-40fd-899b-3ff953916d91",
            "fdcab4a1-9f7b-470c-8809-77e81f6f1301",
            "bf5c212c-6f13-4bcc-a1d8-050dd101dba6",
            "f244a8e9-5c63-4140-8481-024b2df4054b",
            "c1a04228-e8b3-41b8-bd39-4d690930a1d0",
            "6db341e2-db18-48b5-b1ad-d2d486f00e12",
            "113c956b-4441-48f0-9de3-6794fb1c4d86",
            "500c5357-8d69-455f-b664-bf71a9d18664",
            "6f6beaf0-217d-4206-a589-977160c1028f"
          ],
          "failures": [],
          "pending": [],
          "skipped": [],
          "duration": 63949,
          "root": false,
          "rootEmpty": false,
          "_timeout": 2000
        }
      ],
      "passes": [],
      "failures": [],
      "pending": [],
      "skipped": [],
      "duration": 0,
      "root": true,
      "rootEmpty": true,
      "_timeout": 2000
    }
  ],
  "meta": {
    "mocha": {
      "version": "7.0.1"
    },
    "mochawesome": {
      "options": {
        "quiet": false,
        "reportFilename": "mochawesome",
        "saveHtml": false,
        "saveJson": true,
        "consoleReporter": "spec",
        "useInlineDiffs": false,
        "code": true
      },
      "version": "7.1.3"
    },
    "marge": {
      "options": {
        "reportDir": "cypress/reports/mocha",
        "overwrite": false,
        "html": false,
        "json": true
      },
      "version": "6.2.0"
    }
  }
}