{
  "stats": {
    "suites": 1,
    "tests": 20,
    "passes": 20,
    "pending": 0,
    "failures": 0,
    "start": "2024-06-13T13:15:31.574Z",
    "end": "2024-06-13T13:16:38.531Z",
    "duration": 66957,
    "testsRegistered": 20,
    "passPercent": 100,
    "pendingPercent": 0,
    "other": 0,
    "hasOther": false,
    "skipped": 0,
    "hasSkipped": false
  },
  "results": [
    {
      "uuid": "08c4a36c-cc9e-40a5-a7e0-539d22952d49",
      "title": "",
      "fullFile": "cypress\\e2e\\_TAFunding\\EducationGoal\\BachelorsGoals\\bachelors\\reserve.cy.ts",
      "file": "cypress\\e2e\\_TAFunding\\EducationGoal\\BachelorsGoals\\bachelors\\reserve.cy.ts",
      "beforeHooks": [],
      "afterHooks": [],
      "tests": [],
      "suites": [
        {
          "uuid": "f5a4ff29-a2eb-4e9f-a596-9270800b417e",
          "title": "Reserve Student Applies for Bachelor Ed Goal and Funding",
          "fullFile": "",
          "file": "",
          "beforeHooks": [],
          "afterHooks": [],
          "tests": [
            {
              "title": "I can login as student",
              "fullTitle": "Reserve Student Applies for Bachelor Ed Goal and Funding I can login as student",
              "timedOut": null,
              "duration": 8468,
              "state": "passed",
              "speed": "medium",
              "pass": true,
              "fail": false,
              "pending": false,
              "context": null,
              "code": "cy.login('Cypress', 'Reserve-Student');\ncy.wait(2000);",
              "err": {},
              "uuid": "9ccaaf9c-731e-49b6-ae35-88c130dae847",
              "parentUUID": "f5a4ff29-a2eb-4e9f-a596-9270800b417e",
              "isHook": false,
              "skipped": false
            },
            {
              "title": "Validates Career Path Decide Plan Exisits",
              "fullTitle": "Reserve Student Applies for Bachelor Ed Goal and Funding Validates Career Path Decide Plan Exisits",
              "timedOut": null,
              "duration": 3261,
              "state": "passed",
              "speed": "fast",
              "pass": true,
              "fail": false,
              "pending": false,
              "context": null,
              "code": "cy.visit('/student/career-path-decide').wait(3000);\ncy.contains('test').should('exist');",
              "err": {},
              "uuid": "e6a3b660-e52c-496f-8c35-d5de4a801a7b",
              "parentUUID": "f5a4ff29-a2eb-4e9f-a596-9270800b417e",
              "isHook": false,
              "skipped": false
            },
            {
              "title": "Delete existing Ed Goal if it exists",
              "fullTitle": "Reserve Student Applies for Bachelor Ed Goal and Funding Delete existing Ed Goal if it exists",
              "timedOut": null,
              "duration": 486,
              "state": "passed",
              "speed": "fast",
              "pass": true,
              "fail": false,
              "pending": false,
              "context": null,
              "code": "cy.retrieveToken();\ncy.GetEducationGoal('95').then((response) => {\n    const goalId = response.body[0].id;\n    cy.DeleteEducationGoal('95', goalId);\n});",
              "err": {},
              "uuid": "7d67d100-cf7a-40d7-a1b4-55d7509998dc",
              "parentUUID": "f5a4ff29-a2eb-4e9f-a596-9270800b417e",
              "isHook": false,
              "skipped": false
            },
            {
              "title": "I can start creating Education Goal if none exist",
              "fullTitle": "Reserve Student Applies for Bachelor Ed Goal and Funding I can start creating Education Goal if none exist",
              "timedOut": null,
              "duration": 4375,
              "state": "passed",
              "speed": "fast",
              "pass": true,
              "fail": false,
              "pending": false,
              "context": null,
              "code": "cy.wait(1000);\ncy.contains('Education Goals').click().wait(1000);\ncy.contains('CREATE NEW GOAL').click().wait(1000);\ncy.contains('Bachelors Degree').click().wait(1000);",
              "err": {},
              "uuid": "31ce948c-2a92-4c61-9cf4-d8efb81473a0",
              "parentUUID": "f5a4ff29-a2eb-4e9f-a596-9270800b417e",
              "isHook": false,
              "skipped": false
            },
            {
              "title": "I can enter Institution information",
              "fullTitle": "Reserve Student Applies for Bachelor Ed Goal and Funding I can enter Institution information",
              "timedOut": null,
              "duration": 5128,
              "state": "passed",
              "speed": "medium",
              "pass": true,
              "fail": false,
              "pending": false,
              "context": null,
              "code": "cy.getInputControl('institution').type('AMERICAN MILITARY UNIVERSITY (AMU)').wait(3000).type('{downarrow}{enter}');\ncy.getInputControl('institutionStudentId').type('666312').wait(1000);\ncy.contains('Next').click();",
              "err": {},
              "uuid": "dc600fb7-ff76-40f7-a543-b64e491f8066",
              "parentUUID": "f5a4ff29-a2eb-4e9f-a596-9270800b417e",
              "isHook": false,
              "skipped": false
            },
            {
              "title": "I can enter Degree Program information",
              "fullTitle": "Reserve Student Applies for Bachelor Ed Goal and Funding I can enter Degree Program information",
              "timedOut": null,
              "duration": 3898,
              "state": "passed",
              "speed": "fast",
              "pass": true,
              "fail": false,
              "pending": false,
              "context": null,
              "code": "cy.getInputControl(\"TitleKeyWord\").type('Bachelor of Arts in Government{downarrow}{enter}');\ncy.wait(1000);\ncy.get('.row-header').first().click();\ncy.wait(1000);\ncy.get('button').contains('Next').click({ force: true }).wait(1000);",
              "err": {},
              "uuid": "1ad41ef0-a09c-4b5a-82f9-9debc776e75e",
              "parentUUID": "f5a4ff29-a2eb-4e9f-a596-9270800b417e",
              "isHook": false,
              "skipped": false
            },
            {
              "title": "I can enter Degree Plan File information",
              "fullTitle": "Reserve Student Applies for Bachelor Ed Goal and Funding I can enter Degree Plan File information",
              "timedOut": null,
              "duration": 1099,
              "state": "passed",
              "speed": "fast",
              "pass": true,
              "fail": false,
              "pending": false,
              "context": null,
              "code": "cy.contains('Next').click({ force: true }).wait(1000);",
              "err": {},
              "uuid": "579bb0f5-a1cb-431e-a0fd-ea5b34e0dc14",
              "parentUUID": "f5a4ff29-a2eb-4e9f-a596-9270800b417e",
              "isHook": false,
              "skipped": false
            },
            {
              "title": "I can enter Credits information",
              "fullTitle": "Reserve Student Applies for Bachelor Ed Goal and Funding I can enter Credits information",
              "timedOut": null,
              "duration": 159,
              "state": "passed",
              "speed": "fast",
              "pass": true,
              "fail": false,
              "pending": false,
              "context": null,
              "code": "cy.getInputControl('previouslyCompletedCredits').type('1');",
              "err": {},
              "uuid": "657379cd-a070-47f2-af97-d37294f749b8",
              "parentUUID": "f5a4ff29-a2eb-4e9f-a596-9270800b417e",
              "isHook": false,
              "skipped": false
            },
            {
              "title": "I can submit Ed Goal",
              "fullTitle": "Reserve Student Applies for Bachelor Ed Goal and Funding I can submit Ed Goal",
              "timedOut": null,
              "duration": 3229,
              "state": "passed",
              "speed": "fast",
              "pass": true,
              "fail": false,
              "pending": false,
              "context": null,
              "code": "cy.contains('Submit Goal').click();\ncy.get('button').contains('Yes').click();\ncy.wait(3000);",
              "err": {},
              "uuid": "7a317bb5-bf02-4356-b12b-28f31b71f5dc",
              "parentUUID": "f5a4ff29-a2eb-4e9f-a596-9270800b417e",
              "isHook": false,
              "skipped": false
            },
            {
              "title": "I recieved message of Ed Goal successfully created",
              "fullTitle": "Reserve Student Applies for Bachelor Ed Goal and Funding I recieved message of Ed Goal successfully created",
              "timedOut": null,
              "duration": 3525,
              "state": "passed",
              "speed": "fast",
              "pass": true,
              "fail": false,
              "pending": false,
              "context": null,
              "code": "cy.visit('/messaging');\ncy.wait(2000);\ncy.contains('Your education goal has been created');",
              "err": {},
              "uuid": "57c3c414-d826-433b-ab66-d7428ec0603f",
              "parentUUID": "f5a4ff29-a2eb-4e9f-a596-9270800b417e",
              "isHook": false,
              "skipped": false
            },
            {
              "title": "Approves ed goal via API",
              "fullTitle": "Reserve Student Applies for Bachelor Ed Goal and Funding Approves ed goal via API",
              "timedOut": null,
              "duration": 356,
              "state": "passed",
              "speed": "fast",
              "pass": true,
              "fail": false,
              "pending": false,
              "context": null,
              "code": "cy.retrieveToken();\ncy.GetEducationGoal('95').then((response) => {\n    const goalId = response.body[0].id;\n    cy.ApproveEducationGoal('95', goalId);\n});",
              "err": {},
              "uuid": "97c7e6c9-0766-401b-8f5e-eb6698e11a6f",
              "parentUUID": "f5a4ff29-a2eb-4e9f-a596-9270800b417e",
              "isHook": false,
              "skipped": false
            },
            {
              "title": "I recieved message of Ed Goal successfully approved",
              "fullTitle": "Reserve Student Applies for Bachelor Ed Goal and Funding I recieved message of Ed Goal successfully approved",
              "timedOut": null,
              "duration": 3394,
              "state": "passed",
              "speed": "fast",
              "pass": true,
              "fail": false,
              "pending": false,
              "context": null,
              "code": "cy.visit('/messaging');\ncy.wait(2000);\ncy.contains('Education Goal Approved');",
              "err": {},
              "uuid": "a63bbff7-7767-4c72-93bc-f4a565f4e189",
              "parentUUID": "f5a4ff29-a2eb-4e9f-a596-9270800b417e",
              "isHook": false,
              "skipped": false
            },
            {
              "title": "I can apply for funding",
              "fullTitle": "Reserve Student Applies for Bachelor Ed Goal and Funding I can apply for funding",
              "timedOut": null,
              "duration": 2491,
              "state": "passed",
              "speed": "fast",
              "pass": true,
              "fail": false,
              "pending": false,
              "context": null,
              "code": "cy.contains('Education Goals').click();\ncy.wait(2000);\ncy.contains('Apply For Funding').click({ force: true });",
              "err": {},
              "uuid": "bab2969a-a034-4a1d-8c7c-fd0c1ff9918e",
              "parentUUID": "f5a4ff29-a2eb-4e9f-a596-9270800b417e",
              "isHook": false,
              "skipped": false
            },
            {
              "title": "I can verify and proceed",
              "fullTitle": "Reserve Student Applies for Bachelor Ed Goal and Funding I can verify and proceed",
              "timedOut": null,
              "duration": 5118,
              "state": "passed",
              "speed": "medium",
              "pass": true,
              "fail": false,
              "pending": false,
              "context": null,
              "code": "cy.contains('Verify and Proceed').click();\ncy.wait(1000);\ncy.get('[type=\"checkbox\"]').check({ force: true });\ncy.wait(3000);",
              "err": {},
              "uuid": "b1f556b7-1469-4731-995a-712b5d4b1419",
              "parentUUID": "f5a4ff29-a2eb-4e9f-a596-9270800b417e",
              "isHook": false,
              "skipped": false
            },
            {
              "title": "I agree to conditions",
              "fullTitle": "Reserve Student Applies for Bachelor Ed Goal and Funding I agree to conditions",
              "timedOut": null,
              "duration": 359,
              "state": "passed",
              "speed": "fast",
              "pass": true,
              "fail": false,
              "pending": false,
              "context": null,
              "code": "cy.contains('I Agree, Continue').click();\ncy.get('mat-radio-button input').check('false', { force: true });\ncy.contains('Next').click();",
              "err": {},
              "uuid": "36afb28e-3d10-448d-b8a5-d98003c3d3c4",
              "parentUUID": "f5a4ff29-a2eb-4e9f-a596-9270800b417e",
              "isHook": false,
              "skipped": false
            },
            {
              "title": "I answer deployed location question",
              "fullTitle": "Reserve Student Applies for Bachelor Ed Goal and Funding I answer deployed location question",
              "timedOut": null,
              "duration": 2135,
              "state": "passed",
              "speed": "fast",
              "pass": true,
              "fail": false,
              "pending": false,
              "context": null,
              "code": "cy.get('input[formControlName=campus]').click().wait(2000);",
              "err": {},
              "uuid": "8c701c98-e7d3-4695-aada-7559acaeb4af",
              "parentUUID": "f5a4ff29-a2eb-4e9f-a596-9270800b417e",
              "isHook": false,
              "skipped": false
            },
            {
              "title": "I choose my campus",
              "fullTitle": "Reserve Student Applies for Bachelor Ed Goal and Funding I choose my campus",
              "timedOut": null,
              "duration": 2312,
              "state": "passed",
              "speed": "fast",
              "pass": true,
              "fail": false,
              "pending": false,
              "context": null,
              "code": "cy.getInputControl('campus').type('AMU{downarrow}{enter}').wait(2000);\n//submit next button \ncy.contains('Next').click({ force: true });\ncy.contains('Next').click({ force: true });",
              "err": {},
              "uuid": "7750393e-d989-4eb4-ac12-a14ccded8904",
              "parentUUID": "f5a4ff29-a2eb-4e9f-a596-9270800b417e",
              "isHook": false,
              "skipped": false
            },
            {
              "title": "I provide term dates",
              "fullTitle": "Reserve Student Applies for Bachelor Ed Goal and Funding I provide term dates",
              "timedOut": null,
              "duration": 3484,
              "state": "passed",
              "speed": "fast",
              "pass": true,
              "fail": false,
              "pending": false,
              "context": null,
              "code": "// add term dates though pre-populated options\ncy.get('.termTitle').first().click().wait(1000);\n// get more than 30 days away\n/* var todayDate = moment().add(30,'days').format(\"M/DD/YYYY\");\nvar tomorrowDate = moment().add(32,'days').format(\"M/DD/YYYY\");\n// add course dates\ncy.getInputControl('endDate').type(tomorrowDate);\ncy.getInputControl('startDate').type(todayDate);\ncy.wait(2000); */\n// submit search \ncy.get('button').contains('Next').click({ force: true });\ncy.wait(2000);",
              "err": {},
              "uuid": "c138eeea-efee-432d-93f0-86bc56fdba43",
              "parentUUID": "f5a4ff29-a2eb-4e9f-a596-9270800b417e",
              "isHook": false,
              "skipped": false
            },
            {
              "title": "I choose add course",
              "fullTitle": "Reserve Student Applies for Bachelor Ed Goal and Funding I choose add course",
              "timedOut": null,
              "duration": 11968,
              "state": "passed",
              "speed": "slow",
              "pass": true,
              "fail": false,
              "pending": false,
              "context": null,
              "code": "cy.contains('Add Course').click();\ncy.wait(3000);\n// add preloaded course\ncy.get('#addCourseBtn').click();\ncy.wait(2000);\n// add cost per credit\ncy.get('[formcontrolname=creditCost]').contains('$250 - MyCAA').click();\ncy.wait(2000);\n//submit added course\ncy.contains('Add Course').click();\ncy.wait(2000);\ncy.contains('Submit').click();\n//submit next button\ncy.contains('Submit').click().wait(2000);\ncy.contains(' FINISHED ').click();",
              "err": {},
              "uuid": "70fb4956-6bd2-4a31-bf0c-f52c518a061c",
              "parentUUID": "f5a4ff29-a2eb-4e9f-a596-9270800b417e",
              "isHook": false,
              "skipped": false
            },
            {
              "title": "I can cancel Funding Request as student",
              "fullTitle": "Reserve Student Applies for Bachelor Ed Goal and Funding I can cancel Funding Request as student",
              "timedOut": null,
              "duration": 1347,
              "state": "passed",
              "speed": "fast",
              "pass": true,
              "fail": false,
              "pending": false,
              "context": null,
              "code": "cy.wait(500);\ncy.contains('Funding Requests').click();\ncy.wait(100);\ncy.contains('Cancel').click();\ncy.get('button').contains('Yes').click();\ncy.screenshot();",
              "err": {},
              "uuid": "b9222d15-4c2e-4874-8e5b-9810ea891cca",
              "parentUUID": "f5a4ff29-a2eb-4e9f-a596-9270800b417e",
              "isHook": false,
              "skipped": false
            }
          ],
          "suites": [],
          "passes": [
            "9ccaaf9c-731e-49b6-ae35-88c130dae847",
            "e6a3b660-e52c-496f-8c35-d5de4a801a7b",
            "7d67d100-cf7a-40d7-a1b4-55d7509998dc",
            "31ce948c-2a92-4c61-9cf4-d8efb81473a0",
            "dc600fb7-ff76-40f7-a543-b64e491f8066",
            "1ad41ef0-a09c-4b5a-82f9-9debc776e75e",
            "579bb0f5-a1cb-431e-a0fd-ea5b34e0dc14",
            "657379cd-a070-47f2-af97-d37294f749b8",
            "7a317bb5-bf02-4356-b12b-28f31b71f5dc",
            "57c3c414-d826-433b-ab66-d7428ec0603f",
            "97c7e6c9-0766-401b-8f5e-eb6698e11a6f",
            "a63bbff7-7767-4c72-93bc-f4a565f4e189",
            "bab2969a-a034-4a1d-8c7c-fd0c1ff9918e",
            "b1f556b7-1469-4731-995a-712b5d4b1419",
            "36afb28e-3d10-448d-b8a5-d98003c3d3c4",
            "8c701c98-e7d3-4695-aada-7559acaeb4af",
            "7750393e-d989-4eb4-ac12-a14ccded8904",
            "c138eeea-efee-432d-93f0-86bc56fdba43",
            "70fb4956-6bd2-4a31-bf0c-f52c518a061c",
            "b9222d15-4c2e-4874-8e5b-9810ea891cca"
          ],
          "failures": [],
          "pending": [],
          "skipped": [],
          "duration": 66592,
          "root": false,
          "rootEmpty": false,
          "_timeout": 2000
        }
      ],
      "passes": [],
      "failures": [],
      "pending": [],
      "skipped": [],
      "duration": 0,
      "root": true,
      "rootEmpty": true,
      "_timeout": 2000
    }
  ],
  "meta": {
    "mocha": {
      "version": "7.0.1"
    },
    "mochawesome": {
      "options": {
        "quiet": false,
        "reportFilename": "mochawesome",
        "saveHtml": false,
        "saveJson": true,
        "consoleReporter": "spec",
        "useInlineDiffs": false,
        "code": true
      },
      "version": "7.1.3"
    },
    "marge": {
      "options": {
        "reportDir": "cypress/reports/mocha",
        "overwrite": false,
        "html": false,
        "json": true
      },
      "version": "6.2.0"
    }
  }
}